ERROR - 2019-08-03 02:05:58 --> Severity: Warning --> count(): Parameter must be an array or an object that implements Countable /home/hireabox/crm/application/models/Enquiry_model.php 758
ERROR - 2019-08-03 02:05:58 --> Severity: Warning --> count(): Parameter must be an array or an object that implements Countable /home/hireabox/crm/application/models/Enquiry_model.php 768
ERROR - 2019-08-03 06:52:54 --> 404 Page Not Found: Apple-touch-icon-120x120-precomposedpng/index
ERROR - 2019-08-03 06:52:54 --> 404 Page Not Found: Apple-touch-icon-120x120png/index
ERROR - 2019-08-03 06:52:54 --> 404 Page Not Found: Apple-touch-iconpng/index
ERROR - 2019-08-03 06:52:54 --> 404 Page Not Found: Apple-touch-iconpng/index
ERROR - 2019-08-03 06:53:01 --> Severity: Warning --> Invalid argument supplied for foreach() /home/hireabox/crm/application/views/edit_enquiries_view.php 267
ERROR - 2019-08-03 06:53:01 --> Severity: Warning --> Invalid argument supplied for foreach() /home/hireabox/crm/application/views/edit_enquiries_view.php 285
ERROR - 2019-08-03 06:53:01 --> Severity: Warning --> count(): Parameter must be an array or an object that implements Countable /home/hireabox/crm/application/views/edit_enquiries_view.php 605
ERROR - 2019-08-03 06:53:01 --> Severity: Warning --> count(): Parameter must be an array or an object that implements Countable /home/hireabox/crm/application/views/edit_enquiries_view.php 744
ERROR - 2019-08-03 06:53:09 --> 404 Page Not Found: Apple-touch-icon-120x120-precomposedpng/index
ERROR - 2019-08-03 06:53:09 --> 404 Page Not Found: Apple-touch-icon-120x120png/index
ERROR - 2019-08-03 06:53:09 --> 404 Page Not Found: Apple-touch-iconpng/index
ERROR - 2019-08-03 06:53:09 --> 404 Page Not Found: Apple-touch-iconpng/index
ERROR - 2019-08-03 06:53:13 --> Severity: Warning --> Invalid argument supplied for foreach() /home/hireabox/crm/application/views/edit_enquiries_view.php 267
ERROR - 2019-08-03 06:53:13 --> Severity: Warning --> Invalid argument supplied for foreach() /home/hireabox/crm/application/views/edit_enquiries_view.php 285
ERROR - 2019-08-03 06:53:13 --> Severity: Warning --> count(): Parameter must be an array or an object that implements Countable /home/hireabox/crm/application/views/edit_enquiries_view.php 605
ERROR - 2019-08-03 06:53:13 --> Severity: Warning --> count(): Parameter must be an array or an object that implements Countable /home/hireabox/crm/application/views/edit_enquiries_view.php 744
ERROR - 2019-08-03 06:53:40 --> Severity: Warning --> Invalid argument supplied for foreach() /home/hireabox/crm/application/views/edit_booking_view.php 323
ERROR - 2019-08-03 06:54:14 --> Severity: Warning --> Invalid argument supplied for foreach() /home/hireabox/crm/application/controllers/Enquiries.php 1064
ERROR - 2019-08-03 06:55:37 --> 404 Page Not Found: Apple-touch-icon-120x120-precomposedpng/index
ERROR - 2019-08-03 06:55:37 --> 404 Page Not Found: Apple-touch-icon-120x120png/index
ERROR - 2019-08-03 06:55:37 --> 404 Page Not Found: Apple-touch-iconpng/index
ERROR - 2019-08-03 06:55:37 --> 404 Page Not Found: Apple-touch-iconpng/index
ERROR - 2019-08-03 06:56:36 --> 404 Page Not Found: Apple-touch-icon-120x120-precomposedpng/index
ERROR - 2019-08-03 06:56:36 --> 404 Page Not Found: Apple-touch-icon-120x120png/index
ERROR - 2019-08-03 06:56:36 --> 404 Page Not Found: Apple-touch-iconpng/index
ERROR - 2019-08-03 06:56:36 --> 404 Page Not Found: Apple-touch-iconpng/index
ERROR - 2019-08-03 07:25:55 --> 404 Page Not Found: 
ERROR - 2019-08-03 07:26:25 --> Severity: Warning --> count(): Parameter must be an array or an object that implements Countable /home/hireabox/crm/application/controllers/Notification.php 37
ERROR - 2019-08-03 07:26:25 --> Severity: Warning --> count(): Parameter must be an array or an object that implements Countable /home/hireabox/crm/application/controllers/Notification.php 42
ERROR - 2019-08-03 07:26:25 --> Severity: Warning --> Invalid argument supplied for foreach() /home/hireabox/crm/application/controllers/Notification.php 47
ERROR - 2019-08-03 07:26:25 --> Severity: Warning --> count(): Parameter must be an array or an object that implements Countable /home/hireabox/crm/application/controllers/Notification.php 68
ERROR - 2019-08-03 07:26:46 --> Severity: Warning --> count(): Parameter must be an array or an object that implements Countable /home/hireabox/crm/application/controllers/Notification.php 37
ERROR - 2019-08-03 07:26:46 --> Severity: Warning --> count(): Parameter must be an array or an object that implements Countable /home/hireabox/crm/application/controllers/Notification.php 42
ERROR - 2019-08-03 07:26:46 --> Severity: Warning --> Invalid argument supplied for foreach() /home/hireabox/crm/application/controllers/Notification.php 47
ERROR - 2019-08-03 07:26:46 --> Severity: Warning --> count(): Parameter must be an array or an object that implements Countable /home/hireabox/crm/application/controllers/Notification.php 68
ERROR - 2019-08-03 07:27:06 --> Severity: Warning --> count(): Parameter must be an array or an object that implements Countable /home/hireabox/crm/application/controllers/Notification.php 37
ERROR - 2019-08-03 07:27:06 --> Severity: Warning --> count(): Parameter must be an array or an object that implements Countable /home/hireabox/crm/application/controllers/Notification.php 42
ERROR - 2019-08-03 07:27:06 --> Severity: Warning --> Invalid argument supplied for foreach() /home/hireabox/crm/application/controllers/Notification.php 47
ERROR - 2019-08-03 07:27:06 --> Severity: Warning --> count(): Parameter must be an array or an object that implements Countable /home/hireabox/crm/application/controllers/Notification.php 68
ERROR - 2019-08-03 07:27:25 --> Severity: Warning --> count(): Parameter must be an array or an object that implements Countable /home/hireabox/crm/application/controllers/Notification.php 37
ERROR - 2019-08-03 07:27:25 --> Severity: Warning --> count(): Parameter must be an array or an object that implements Countable /home/hireabox/crm/application/controllers/Notification.php 42
ERROR - 2019-08-03 07:27:25 --> Severity: Warning --> Invalid argument supplied for foreach() /home/hireabox/crm/application/controllers/Notification.php 47
ERROR - 2019-08-03 07:27:25 --> Severity: Warning --> count(): Parameter must be an array or an object that implements Countable /home/hireabox/crm/application/controllers/Notification.php 68
ERROR - 2019-08-03 07:27:45 --> Severity: Warning --> count(): Parameter must be an array or an object that implements Countable /home/hireabox/crm/application/controllers/Notification.php 37
ERROR - 2019-08-03 07:27:45 --> Severity: Warning --> count(): Parameter must be an array or an object that implements Countable /home/hireabox/crm/application/controllers/Notification.php 42
ERROR - 2019-08-03 07:27:45 --> Severity: Warning --> Invalid argument supplied for foreach() /home/hireabox/crm/application/controllers/Notification.php 47
ERROR - 2019-08-03 07:27:45 --> Severity: Warning --> count(): Parameter must be an array or an object that implements Countable /home/hireabox/crm/application/controllers/Notification.php 68
ERROR - 2019-08-03 07:28:05 --> Severity: Warning --> count(): Parameter must be an array or an object that implements Countable /home/hireabox/crm/application/controllers/Notification.php 37
ERROR - 2019-08-03 07:28:05 --> Severity: Warning --> count(): Parameter must be an array or an object that implements Countable /home/hireabox/crm/application/controllers/Notification.php 42
ERROR - 2019-08-03 07:28:05 --> Severity: Warning --> Invalid argument supplied for foreach() /home/hireabox/crm/application/controllers/Notification.php 47
ERROR - 2019-08-03 07:28:05 --> Severity: Warning --> count(): Parameter must be an array or an object that implements Countable /home/hireabox/crm/application/controllers/Notification.php 68
ERROR - 2019-08-03 07:28:25 --> Severity: Warning --> count(): Parameter must be an array or an object that implements Countable /home/hireabox/crm/application/controllers/Notification.php 37
ERROR - 2019-08-03 07:28:25 --> Severity: Warning --> count(): Parameter must be an array or an object that implements Countable /home/hireabox/crm/application/controllers/Notification.php 42
ERROR - 2019-08-03 07:28:25 --> Severity: Warning --> Invalid argument supplied for foreach() /home/hireabox/crm/application/controllers/Notification.php 47
ERROR - 2019-08-03 07:28:25 --> Severity: Warning --> count(): Parameter must be an array or an object that implements Countable /home/hireabox/crm/application/controllers/Notification.php 68
ERROR - 2019-08-03 07:28:47 --> Severity: Warning --> count(): Parameter must be an array or an object that implements Countable /home/hireabox/crm/application/controllers/Notification.php 37
ERROR - 2019-08-03 07:28:47 --> Severity: Warning --> count(): Parameter must be an array or an object that implements Countable /home/hireabox/crm/application/controllers/Notification.php 42
ERROR - 2019-08-03 07:28:47 --> Severity: Warning --> Invalid argument supplied for foreach() /home/hireabox/crm/application/controllers/Notification.php 47
ERROR - 2019-08-03 07:28:47 --> Severity: Warning --> count(): Parameter must be an array or an object that implements Countable /home/hireabox/crm/application/controllers/Notification.php 68
ERROR - 2019-08-03 07:29:06 --> Severity: Warning --> count(): Parameter must be an array or an object that implements Countable /home/hireabox/crm/application/controllers/Notification.php 37
ERROR - 2019-08-03 07:29:06 --> Severity: Warning --> count(): Parameter must be an array or an object that implements Countable /home/hireabox/crm/application/controllers/Notification.php 42
ERROR - 2019-08-03 07:29:06 --> Severity: Warning --> Invalid argument supplied for foreach() /home/hireabox/crm/application/controllers/Notification.php 47
ERROR - 2019-08-03 07:29:06 --> Severity: Warning --> count(): Parameter must be an array or an object that implements Countable /home/hireabox/crm/application/controllers/Notification.php 68
ERROR - 2019-08-03 07:29:25 --> Severity: Warning --> count(): Parameter must be an array or an object that implements Countable /home/hireabox/crm/application/controllers/Notification.php 37
ERROR - 2019-08-03 07:29:25 --> Severity: Warning --> count(): Parameter must be an array or an object that implements Countable /home/hireabox/crm/application/controllers/Notification.php 42
ERROR - 2019-08-03 07:29:25 --> Severity: Warning --> Invalid argument supplied for foreach() /home/hireabox/crm/application/controllers/Notification.php 47
ERROR - 2019-08-03 07:29:25 --> Severity: Warning --> count(): Parameter must be an array or an object that implements Countable /home/hireabox/crm/application/controllers/Notification.php 68
ERROR - 2019-08-03 07:29:45 --> Severity: Warning --> count(): Parameter must be an array or an object that implements Countable /home/hireabox/crm/application/controllers/Notification.php 37
ERROR - 2019-08-03 07:29:45 --> Severity: Warning --> count(): Parameter must be an array or an object that implements Countable /home/hireabox/crm/application/controllers/Notification.php 42
ERROR - 2019-08-03 07:29:45 --> Severity: Warning --> Invalid argument supplied for foreach() /home/hireabox/crm/application/controllers/Notification.php 47
ERROR - 2019-08-03 07:29:45 --> Severity: Warning --> count(): Parameter must be an array or an object that implements Countable /home/hireabox/crm/application/controllers/Notification.php 68
ERROR - 2019-08-03 07:30:06 --> Severity: Warning --> count(): Parameter must be an array or an object that implements Countable /home/hireabox/crm/application/controllers/Notification.php 37
ERROR - 2019-08-03 07:30:06 --> Severity: Warning --> count(): Parameter must be an array or an object that implements Countable /home/hireabox/crm/application/controllers/Notification.php 42
ERROR - 2019-08-03 07:30:06 --> Severity: Warning --> Invalid argument supplied for foreach() /home/hireabox/crm/application/controllers/Notification.php 47
ERROR - 2019-08-03 07:30:06 --> Severity: Warning --> count(): Parameter must be an array or an object that implements Countable /home/hireabox/crm/application/controllers/Notification.php 68
ERROR - 2019-08-03 07:30:25 --> Severity: Warning --> count(): Parameter must be an array or an object that implements Countable /home/hireabox/crm/application/controllers/Notification.php 37
ERROR - 2019-08-03 07:30:25 --> Severity: Warning --> count(): Parameter must be an array or an object that implements Countable /home/hireabox/crm/application/controllers/Notification.php 42
ERROR - 2019-08-03 07:30:25 --> Severity: Warning --> Invalid argument supplied for foreach() /home/hireabox/crm/application/controllers/Notification.php 47
ERROR - 2019-08-03 07:30:25 --> Severity: Warning --> count(): Parameter must be an array or an object that implements Countable /home/hireabox/crm/application/controllers/Notification.php 68
ERROR - 2019-08-03 07:30:46 --> Severity: Warning --> count(): Parameter must be an array or an object that implements Countable /home/hireabox/crm/application/controllers/Notification.php 37
ERROR - 2019-08-03 07:30:46 --> Severity: Warning --> count(): Parameter must be an array or an object that implements Countable /home/hireabox/crm/application/controllers/Notification.php 42
ERROR - 2019-08-03 07:30:46 --> Severity: Warning --> Invalid argument supplied for foreach() /home/hireabox/crm/application/controllers/Notification.php 47
ERROR - 2019-08-03 07:30:46 --> Severity: Warning --> count(): Parameter must be an array or an object that implements Countable /home/hireabox/crm/application/controllers/Notification.php 68
ERROR - 2019-08-03 07:31:26 --> Severity: Warning --> count(): Parameter must be an array or an object that implements Countable /home/hireabox/crm/application/controllers/Notification.php 37
ERROR - 2019-08-03 07:31:26 --> Severity: Warning --> count(): Parameter must be an array or an object that implements Countable /home/hireabox/crm/application/controllers/Notification.php 42
ERROR - 2019-08-03 07:31:26 --> Severity: Warning --> Invalid argument supplied for foreach() /home/hireabox/crm/application/controllers/Notification.php 47
ERROR - 2019-08-03 07:31:26 --> Severity: Warning --> count(): Parameter must be an array or an object that implements Countable /home/hireabox/crm/application/controllers/Notification.php 68
ERROR - 2019-08-03 07:40:02 --> Severity: Warning --> count(): Parameter must be an array or an object that implements Countable /home/hireabox/crm/application/controllers/Notification.php 37
ERROR - 2019-08-03 07:40:02 --> Severity: Warning --> count(): Parameter must be an array or an object that implements Countable /home/hireabox/crm/application/controllers/Notification.php 42
ERROR - 2019-08-03 07:40:02 --> Severity: Warning --> Invalid argument supplied for foreach() /home/hireabox/crm/application/controllers/Notification.php 47
ERROR - 2019-08-03 07:40:02 --> Severity: Warning --> count(): Parameter must be an array or an object that implements Countable /home/hireabox/crm/application/controllers/Notification.php 68
ERROR - 2019-08-03 08:24:07 --> Severity: Warning --> count(): Parameter must be an array or an object that implements Countable /home/hireabox/crm/application/controllers/Notification.php 37
ERROR - 2019-08-03 08:24:07 --> Severity: Warning --> count(): Parameter must be an array or an object that implements Countable /home/hireabox/crm/application/controllers/Notification.php 42
ERROR - 2019-08-03 08:24:07 --> Severity: Warning --> Invalid argument supplied for foreach() /home/hireabox/crm/application/controllers/Notification.php 47
ERROR - 2019-08-03 08:24:07 --> Severity: Warning --> count(): Parameter must be an array or an object that implements Countable /home/hireabox/crm/application/controllers/Notification.php 68
ERROR - 2019-08-03 08:24:43 --> Severity: Warning --> Invalid argument supplied for foreach() /home/hireabox/crm/application/views/edit_booking_view.php 323
ERROR - 2019-08-03 08:24:43 --> Severity: Warning --> count(): Parameter must be an array or an object that implements Countable /home/hireabox/crm/application/views/edit_booking_view.php 688
ERROR - 2019-08-03 08:24:43 --> Severity: Warning --> count(): Parameter must be an array or an object that implements Countable /home/hireabox/crm/application/views/edit_booking_view.php 825
ERROR - 2019-08-03 08:24:44 --> 404 Page Not Found: _forms/controls
ERROR - 2019-08-03 08:36:09 --> Severity: Warning --> Invalid argument supplied for foreach() /home/hireabox/crm/application/views/edit_booking_view.php 323
ERROR - 2019-08-03 08:36:09 --> Severity: Warning --> count(): Parameter must be an array or an object that implements Countable /home/hireabox/crm/application/views/edit_booking_view.php 688
ERROR - 2019-08-03 08:36:09 --> Severity: Warning --> count(): Parameter must be an array or an object that implements Countable /home/hireabox/crm/application/views/edit_booking_view.php 825
ERROR - 2019-08-03 08:36:09 --> 404 Page Not Found: _forms/controls
ERROR - 2019-08-03 08:36:09 --> 404 Page Not Found: _forms/controls
ERROR - 2019-08-03 08:36:09 --> 404 Page Not Found: _forms/controls
ERROR - 2019-08-03 08:36:09 --> 404 Page Not Found: _forms/controls
ERROR - 2019-08-03 08:36:26 --> Severity: Warning --> Invalid argument supplied for foreach() /home/hireabox/crm/application/controllers/Booking.php 478
ERROR - 2019-08-03 08:36:26 --> Severity: Warning --> Invalid argument supplied for foreach() /home/hireabox/crm/application/controllers/Booking.php 488
ERROR - 2019-08-03 08:36:29 --> Severity: Warning --> Invalid argument supplied for foreach() /home/hireabox/crm/application/controllers/Booking.php 478
ERROR - 2019-08-03 08:36:29 --> Severity: Warning --> Invalid argument supplied for foreach() /home/hireabox/crm/application/controllers/Booking.php 488
ERROR - 2019-08-03 09:29:18 --> Severity: Warning --> count(): Parameter must be an array or an object that implements Countable /home/hireabox/crm/application/models/Enquiry_model.php 758
ERROR - 2019-08-03 09:29:18 --> Severity: Warning --> count(): Parameter must be an array or an object that implements Countable /home/hireabox/crm/application/models/Enquiry_model.php 768
ERROR - 2019-08-03 09:53:53 --> Severity: Warning --> Illegal string offset 'ID' /home/hireabox/crm/application/third_party/mpdf/classes/cssmgr.php 1136
ERROR - 2019-08-03 09:53:53 --> Severity: Warning --> Cannot assign an empty string to a string offset /home/hireabox/crm/application/third_party/mpdf/classes/cssmgr.php 1136
ERROR - 2019-08-03 09:53:53 --> Severity: Warning --> Illegal string offset 'LANG' /home/hireabox/crm/application/third_party/mpdf/classes/cssmgr.php 1139
ERROR - 2019-08-03 09:53:53 --> Severity: Warning --> Cannot assign an empty string to a string offset /home/hireabox/crm/application/third_party/mpdf/classes/cssmgr.php 1139
ERROR - 2019-08-03 09:53:53 --> Severity: Warning --> Illegal string offset 'ID' /home/hireabox/crm/application/third_party/mpdf/classes/cssmgr.php 1190
ERROR - 2019-08-03 09:53:53 --> Severity: Warning --> Illegal string offset 'LANG' /home/hireabox/crm/application/third_party/mpdf/classes/cssmgr.php 1190
ERROR - 2019-08-03 09:53:53 --> Severity: Warning --> Illegal string offset 'ID' /home/hireabox/crm/application/third_party/mpdf/classes/cssmgr.php 1136
ERROR - 2019-08-03 09:53:53 --> Severity: Warning --> Cannot assign an empty string to a string offset /home/hireabox/crm/application/third_party/mpdf/classes/cssmgr.php 1136
ERROR - 2019-08-03 09:53:53 --> Severity: Warning --> Illegal string offset 'LANG' /home/hireabox/crm/application/third_party/mpdf/classes/cssmgr.php 1139
ERROR - 2019-08-03 09:53:53 --> Severity: Warning --> Cannot assign an empty string to a string offset /home/hireabox/crm/application/third_party/mpdf/classes/cssmgr.php 1139
ERROR - 2019-08-03 09:53:53 --> Severity: Warning --> Illegal string offset 'ID' /home/hireabox/crm/application/third_party/mpdf/classes/cssmgr.php 1190
ERROR - 2019-08-03 09:53:53 --> Severity: Warning --> Illegal string offset 'LANG' /home/hireabox/crm/application/third_party/mpdf/classes/cssmgr.php 1190
ERROR - 2019-08-03 09:53:53 --> Severity: Warning --> A non-numeric value encountered /home/hireabox/crm/application/third_party/mpdf/mpdf.php 31965
ERROR - 2019-08-03 09:53:53 --> Severity: Warning --> A non-numeric value encountered /home/hireabox/crm/application/third_party/mpdf/mpdf.php 31965
ERROR - 2019-08-03 09:53:53 --> Severity: Warning --> A non-numeric value encountered /home/hireabox/crm/application/third_party/mpdf/mpdf.php 31965
ERROR - 2019-08-03 09:53:53 --> Severity: Warning --> A non-numeric value encountered /home/hireabox/crm/application/third_party/mpdf/mpdf.php 31965
ERROR - 2019-08-03 09:53:53 --> Severity: Warning --> count(): Parameter must be an array or an object that implements Countable /home/hireabox/crm/application/third_party/mpdf/classes/otl.php 5377
ERROR - 2019-08-03 09:54:02 --> Severity: Warning --> count(): Parameter must be an array or an object that implements Countable /home/hireabox/crm/application/controllers/Notification.php 37
ERROR - 2019-08-03 09:54:02 --> Severity: Warning --> count(): Parameter must be an array or an object that implements Countable /home/hireabox/crm/application/controllers/Notification.php 42
ERROR - 2019-08-03 09:54:02 --> Severity: Warning --> Invalid argument supplied for foreach() /home/hireabox/crm/application/controllers/Notification.php 47
ERROR - 2019-08-03 09:54:02 --> Severity: Warning --> count(): Parameter must be an array or an object that implements Countable /home/hireabox/crm/application/controllers/Notification.php 68
ERROR - 2019-08-03 09:54:13 --> Severity: Warning --> count(): Parameter must be an array or an object that implements Countable /home/hireabox/crm/application/models/Enquiry_model.php 758
ERROR - 2019-08-03 09:54:13 --> Severity: Warning --> count(): Parameter must be an array or an object that implements Countable /home/hireabox/crm/application/models/Enquiry_model.php 768
ERROR - 2019-08-03 10:32:47 --> Severity: Warning --> count(): Parameter must be an array or an object that implements Countable /home/hireabox/crm/application/models/Enquiry_model.php 758
ERROR - 2019-08-03 10:32:47 --> Severity: Warning --> count(): Parameter must be an array or an object that implements Countable /home/hireabox/crm/application/models/Enquiry_model.php 768
ERROR - 2019-08-03 10:33:46 --> Severity: Warning --> count(): Parameter must be an array or an object that implements Countable /home/hireabox/crm/application/controllers/Notification.php 37
ERROR - 2019-08-03 10:33:46 --> Severity: Warning --> count(): Parameter must be an array or an object that implements Countable /home/hireabox/crm/application/controllers/Notification.php 42
ERROR - 2019-08-03 10:33:46 --> Severity: Warning --> Invalid argument supplied for foreach() /home/hireabox/crm/application/controllers/Notification.php 47
ERROR - 2019-08-03 10:33:46 --> Severity: Warning --> count(): Parameter must be an array or an object that implements Countable /home/hireabox/crm/application/controllers/Notification.php 68
ERROR - 2019-08-03 11:15:19 --> Severity: Warning --> count(): Parameter must be an array or an object that implements Countable /home/hireabox/crm/application/models/Enquiry_model.php 758
ERROR - 2019-08-03 11:15:19 --> Severity: Warning --> count(): Parameter must be an array or an object that implements Countable /home/hireabox/crm/application/models/Enquiry_model.php 768
ERROR - 2019-08-03 11:50:10 --> 404 Page Not Found: Apple-touch-icon-120x120-precomposedpng/index
ERROR - 2019-08-03 11:50:10 --> 404 Page Not Found: Apple-touch-icon-120x120png/index
ERROR - 2019-08-03 11:50:10 --> 404 Page Not Found: Apple-touch-iconpng/index
ERROR - 2019-08-03 11:50:10 --> 404 Page Not Found: Apple-touch-iconpng/index
ERROR - 2019-08-03 11:51:08 --> Severity: Warning --> count(): Parameter must be an array or an object that implements Countable /home/hireabox/crm/application/models/Enquiry_model.php 758
ERROR - 2019-08-03 11:51:08 --> Severity: Warning --> count(): Parameter must be an array or an object that implements Countable /home/hireabox/crm/application/models/Enquiry_model.php 768
ERROR - 2019-08-03 11:53:06 --> 404 Page Not Found: Apple-touch-icon-120x120-precomposedpng/index
ERROR - 2019-08-03 11:53:06 --> 404 Page Not Found: Apple-touch-icon-120x120png/index
ERROR - 2019-08-03 11:53:06 --> 404 Page Not Found: Apple-touch-iconpng/index
ERROR - 2019-08-03 11:53:06 --> 404 Page Not Found: Apple-touch-iconpng/index
ERROR - 2019-08-03 11:53:09 --> Severity: Warning --> Invalid argument supplied for foreach() /home/hireabox/crm/application/views/edit_enquiries_view.php 246
ERROR - 2019-08-03 11:53:09 --> Severity: Warning --> Invalid argument supplied for foreach() /home/hireabox/crm/application/views/edit_enquiries_view.php 267
ERROR - 2019-08-03 11:53:09 --> Severity: Warning --> count(): Parameter must be an array or an object that implements Countable /home/hireabox/crm/application/views/edit_enquiries_view.php 605
ERROR - 2019-08-03 11:53:09 --> Severity: Warning --> count(): Parameter must be an array or an object that implements Countable /home/hireabox/crm/application/views/edit_enquiries_view.php 744
ERROR - 2019-08-03 11:56:21 --> Severity: Warning --> Invalid argument supplied for foreach() /home/hireabox/crm/application/views/edit_enquiries_view.php 246
ERROR - 2019-08-03 11:56:21 --> Severity: Warning --> Invalid argument supplied for foreach() /home/hireabox/crm/application/views/edit_enquiries_view.php 267
ERROR - 2019-08-03 11:56:21 --> Severity: Warning --> count(): Parameter must be an array or an object that implements Countable /home/hireabox/crm/application/views/edit_enquiries_view.php 605
ERROR - 2019-08-03 11:56:21 --> Severity: Warning --> count(): Parameter must be an array or an object that implements Countable /home/hireabox/crm/application/views/edit_enquiries_view.php 744
ERROR - 2019-08-03 11:56:29 --> Severity: Warning --> count(): Parameter must be an array or an object that implements Countable /home/hireabox/crm/application/models/Enquiry_model.php 758
ERROR - 2019-08-03 11:56:29 --> Severity: Warning --> count(): Parameter must be an array or an object that implements Countable /home/hireabox/crm/application/models/Enquiry_model.php 768
ERROR - 2019-08-03 11:56:34 --> Severity: Warning --> Invalid argument supplied for foreach() /home/hireabox/crm/application/views/edit_booking_view.php 323
ERROR - 2019-08-03 11:56:45 --> Severity: Warning --> Invalid argument supplied for foreach() /home/hireabox/crm/application/controllers/Email.php 651
ERROR - 2019-08-03 11:56:50 --> Severity: Warning --> Invalid argument supplied for foreach() /home/hireabox/crm/application/controllers/Enquiries.php 1064
ERROR - 2019-08-03 12:00:00 --> Severity: Warning --> count(): Parameter must be an array or an object that implements Countable /home/hireabox/crm/application/models/Enquiry_model.php 159
ERROR - 2019-08-03 12:00:00 --> Severity: Warning --> count(): Parameter must be an array or an object that implements Countable /home/hireabox/crm/application/models/Enquiry_model.php 169
ERROR - 2019-08-03 12:00:43 --> 404 Page Not Found: Apple-touch-icon-120x120-precomposedpng/index
ERROR - 2019-08-03 12:00:43 --> 404 Page Not Found: Apple-touch-icon-120x120png/index
ERROR - 2019-08-03 12:00:43 --> 404 Page Not Found: Apple-touch-iconpng/index
ERROR - 2019-08-03 12:00:43 --> 404 Page Not Found: Apple-touch-iconpng/index
ERROR - 2019-08-03 12:13:11 --> 404 Page Not Found: Apple-touch-icon-120x120-precomposedpng/index
ERROR - 2019-08-03 12:13:11 --> 404 Page Not Found: Apple-touch-icon-120x120png/index
ERROR - 2019-08-03 12:13:11 --> 404 Page Not Found: Apple-touch-iconpng/index
ERROR - 2019-08-03 12:13:11 --> 404 Page Not Found: Apple-touch-iconpng/index
ERROR - 2019-08-03 12:13:51 --> 404 Page Not Found: Apple-touch-icon-120x120-precomposedpng/index
ERROR - 2019-08-03 12:13:51 --> 404 Page Not Found: Apple-touch-icon-120x120png/index
ERROR - 2019-08-03 12:13:51 --> 404 Page Not Found: Apple-touch-iconpng/index
ERROR - 2019-08-03 12:13:51 --> 404 Page Not Found: Apple-touch-iconpng/index
ERROR - 2019-08-03 12:14:02 --> Severity: Warning --> Invalid argument supplied for foreach() /home/hireabox/crm/application/views/edit_booking_view.php 323
ERROR - 2019-08-03 12:14:02 --> Severity: Warning --> count(): Parameter must be an array or an object that implements Countable /home/hireabox/crm/application/views/edit_booking_view.php 688
ERROR - 2019-08-03 12:14:02 --> Severity: Warning --> count(): Parameter must be an array or an object that implements Countable /home/hireabox/crm/application/views/edit_booking_view.php 825
ERROR - 2019-08-03 12:14:03 --> 404 Page Not Found: _forms/controls
ERROR - 2019-08-03 12:14:19 --> 404 Page Not Found: Apple-touch-icon-120x120-precomposedpng/index
ERROR - 2019-08-03 12:14:19 --> 404 Page Not Found: Apple-touch-icon-120x120png/index
ERROR - 2019-08-03 12:14:19 --> 404 Page Not Found: Apple-touch-iconpng/index
ERROR - 2019-08-03 12:14:19 --> 404 Page Not Found: Apple-touch-iconpng/index
ERROR - 2019-08-03 12:14:20 --> Severity: Warning --> Invalid argument supplied for foreach() /home/hireabox/crm/application/controllers/Enquiries.php 1064
ERROR - 2019-08-03 12:14:28 --> Severity: Warning --> Invalid argument supplied for foreach() /home/hireabox/crm/application/views/edit_booking_view.php 323
ERROR - 2019-08-03 12:14:28 --> Severity: Warning --> count(): Parameter must be an array or an object that implements Countable /home/hireabox/crm/application/views/edit_booking_view.php 688
ERROR - 2019-08-03 12:14:28 --> Severity: Warning --> count(): Parameter must be an array or an object that implements Countable /home/hireabox/crm/application/views/edit_booking_view.php 825
ERROR - 2019-08-03 12:14:28 --> 404 Page Not Found: _forms/controls
ERROR - 2019-08-03 12:33:03 --> Severity: Warning --> count(): Parameter must be an array or an object that implements Countable /home/hireabox/crm/application/controllers/Notification.php 37
ERROR - 2019-08-03 12:33:03 --> Severity: Warning --> count(): Parameter must be an array or an object that implements Countable /home/hireabox/crm/application/controllers/Notification.php 42
ERROR - 2019-08-03 12:33:03 --> Severity: Warning --> Invalid argument supplied for foreach() /home/hireabox/crm/application/controllers/Notification.php 47
ERROR - 2019-08-03 12:33:03 --> Severity: Warning --> count(): Parameter must be an array or an object that implements Countable /home/hireabox/crm/application/controllers/Notification.php 68
ERROR - 2019-08-03 12:53:17 --> Severity: Warning --> count(): Parameter must be an array or an object that implements Countable /home/hireabox/crm/application/models/Enquiry_model.php 758
ERROR - 2019-08-03 12:53:17 --> Severity: Warning --> count(): Parameter must be an array or an object that implements Countable /home/hireabox/crm/application/models/Enquiry_model.php 768
ERROR - 2019-08-03 12:56:50 --> 404 Page Not Found: Apple-touch-icon-120x120-precomposedpng/index
ERROR - 2019-08-03 12:56:50 --> 404 Page Not Found: Apple-touch-icon-120x120png/index
ERROR - 2019-08-03 12:56:50 --> 404 Page Not Found: Apple-touch-iconpng/index
ERROR - 2019-08-03 12:56:50 --> 404 Page Not Found: Apple-touch-iconpng/index
ERROR - 2019-08-03 12:56:53 --> Severity: Warning --> Invalid argument supplied for foreach() /home/hireabox/crm/application/views/edit_enquiries_view.php 246
ERROR - 2019-08-03 12:56:53 --> Severity: Warning --> Invalid argument supplied for foreach() /home/hireabox/crm/application/views/edit_enquiries_view.php 267
ERROR - 2019-08-03 12:56:53 --> Severity: Warning --> count(): Parameter must be an array or an object that implements Countable /home/hireabox/crm/application/views/edit_enquiries_view.php 605
ERROR - 2019-08-03 12:56:53 --> Severity: Warning --> count(): Parameter must be an array or an object that implements Countable /home/hireabox/crm/application/views/edit_enquiries_view.php 744
ERROR - 2019-08-03 12:56:54 --> 404 Page Not Found: _forms/controls
ERROR - 2019-08-03 12:57:11 --> Severity: Warning --> Invalid argument supplied for foreach() /home/hireabox/crm/application/views/edit_booking_view.php 300
ERROR - 2019-08-03 12:57:11 --> Severity: Warning --> Invalid argument supplied for foreach() /home/hireabox/crm/application/views/edit_booking_view.php 323
ERROR - 2019-08-03 12:57:11 --> Severity: Warning --> count(): Parameter must be an array or an object that implements Countable /home/hireabox/crm/application/views/edit_booking_view.php 688
ERROR - 2019-08-03 12:57:11 --> Severity: Warning --> count(): Parameter must be an array or an object that implements Countable /home/hireabox/crm/application/views/edit_booking_view.php 825
ERROR - 2019-08-03 12:57:12 --> 404 Page Not Found: _forms/controls
ERROR - 2019-08-03 12:57:48 --> Severity: Warning --> Invalid argument supplied for foreach() /home/hireabox/crm/application/views/edit_booking_view.php 300
ERROR - 2019-08-03 12:57:48 --> Severity: Warning --> Invalid argument supplied for foreach() /home/hireabox/crm/application/views/edit_booking_view.php 323
ERROR - 2019-08-03 12:57:48 --> Severity: Warning --> count(): Parameter must be an array or an object that implements Countable /home/hireabox/crm/application/views/edit_booking_view.php 688
ERROR - 2019-08-03 12:57:48 --> Severity: Warning --> count(): Parameter must be an array or an object that implements Countable /home/hireabox/crm/application/views/edit_booking_view.php 825
ERROR - 2019-08-03 12:57:48 --> 404 Page Not Found: _forms/controls
ERROR - 2019-08-03 12:58:02 --> Severity: Warning --> count(): Parameter must be an array or an object that implements Countable /home/hireabox/crm/application/models/Booking_model.php 94
ERROR - 2019-08-03 12:58:02 --> Severity: Warning --> count(): Parameter must be an array or an object that implements Countable /home/hireabox/crm/application/models/Booking_model.php 104
ERROR - 2019-08-03 12:58:11 --> Severity: Warning --> Invalid argument supplied for foreach() /home/hireabox/crm/application/controllers/Email.php 651
ERROR - 2019-08-03 12:58:38 --> 404 Page Not Found: Apple-touch-icon-120x120-precomposedpng/index
ERROR - 2019-08-03 12:58:38 --> 404 Page Not Found: Apple-touch-icon-120x120png/index
ERROR - 2019-08-03 12:58:38 --> 404 Page Not Found: Apple-touch-iconpng/index
ERROR - 2019-08-03 12:58:38 --> 404 Page Not Found: Apple-touch-iconpng/index
ERROR - 2019-08-03 12:59:57 --> 404 Page Not Found: Apple-touch-icon-120x120-precomposedpng/index
ERROR - 2019-08-03 12:59:57 --> 404 Page Not Found: Apple-touch-icon-120x120png/index
ERROR - 2019-08-03 12:59:57 --> 404 Page Not Found: Apple-touch-iconpng/index
ERROR - 2019-08-03 12:59:57 --> 404 Page Not Found: Apple-touch-iconpng/index
ERROR - 2019-08-03 13:00:22 --> 404 Page Not Found: Apple-touch-icon-120x120-precomposedpng/index
ERROR - 2019-08-03 13:00:22 --> 404 Page Not Found: Apple-touch-icon-120x120png/index
ERROR - 2019-08-03 13:00:22 --> 404 Page Not Found: Apple-touch-iconpng/index
ERROR - 2019-08-03 13:00:22 --> 404 Page Not Found: Apple-touch-iconpng/index
ERROR - 2019-08-03 13:01:25 --> 404 Page Not Found: Apple-touch-icon-120x120-precomposedpng/index
ERROR - 2019-08-03 13:01:25 --> 404 Page Not Found: Apple-touch-icon-120x120png/index
ERROR - 2019-08-03 13:01:25 --> 404 Page Not Found: Apple-touch-iconpng/index
ERROR - 2019-08-03 13:01:25 --> 404 Page Not Found: Apple-touch-iconpng/index
ERROR - 2019-08-03 13:02:30 --> 404 Page Not Found: Apple-touch-icon-120x120-precomposedpng/index
ERROR - 2019-08-03 13:02:30 --> 404 Page Not Found: Apple-touch-icon-120x120png/index
ERROR - 2019-08-03 13:02:30 --> 404 Page Not Found: Apple-touch-iconpng/index
ERROR - 2019-08-03 13:02:30 --> 404 Page Not Found: Apple-touch-iconpng/index
ERROR - 2019-08-03 13:05:45 --> 404 Page Not Found: Apple-touch-icon-120x120-precomposedpng/index
ERROR - 2019-08-03 13:05:45 --> 404 Page Not Found: Apple-touch-icon-120x120png/index
ERROR - 2019-08-03 13:05:45 --> 404 Page Not Found: Apple-touch-iconpng/index
ERROR - 2019-08-03 13:05:45 --> 404 Page Not Found: Apple-touch-iconpng/index
ERROR - 2019-08-03 13:10:35 --> Severity: Warning --> count(): Parameter must be an array or an object that implements Countable /home/hireabox/crm/application/models/Enquiry_model.php 159
ERROR - 2019-08-03 13:10:35 --> Severity: Warning --> count(): Parameter must be an array or an object that implements Countable /home/hireabox/crm/application/models/Enquiry_model.php 169
ERROR - 2019-08-03 13:12:06 --> 404 Page Not Found: Apple-touch-icon-120x120-precomposedpng/index
ERROR - 2019-08-03 13:12:06 --> 404 Page Not Found: Apple-touch-icon-120x120png/index
ERROR - 2019-08-03 13:12:06 --> 404 Page Not Found: Apple-touch-iconpng/index
ERROR - 2019-08-03 13:12:06 --> 404 Page Not Found: Apple-touch-iconpng/index
ERROR - 2019-08-03 13:15:58 --> 404 Page Not Found: Apple-touch-icon-120x120-precomposedpng/index
ERROR - 2019-08-03 13:15:58 --> 404 Page Not Found: Apple-touch-icon-120x120png/index
ERROR - 2019-08-03 13:15:58 --> 404 Page Not Found: Apple-touch-iconpng/index
ERROR - 2019-08-03 13:15:58 --> 404 Page Not Found: Apple-touch-iconpng/index
ERROR - 2019-08-03 13:18:40 --> 404 Page Not Found: Apple-touch-icon-120x120-precomposedpng/index
ERROR - 2019-08-03 13:18:40 --> 404 Page Not Found: Apple-touch-icon-120x120png/index
ERROR - 2019-08-03 13:18:40 --> 404 Page Not Found: Apple-touch-iconpng/index
ERROR - 2019-08-03 13:18:40 --> 404 Page Not Found: Apple-touch-iconpng/index
ERROR - 2019-08-03 13:37:04 --> Severity: Warning --> Invalid argument supplied for foreach() /home/hireabox/crm/application/views/edit_booking_view.php 323
ERROR - 2019-08-03 13:37:04 --> 404 Page Not Found: _forms/controls
ERROR - 2019-08-03 14:04:27 --> 404 Page Not Found: Apple-touch-icon-120x120-precomposedpng/index
ERROR - 2019-08-03 14:04:27 --> 404 Page Not Found: Apple-touch-icon-120x120png/index
ERROR - 2019-08-03 14:04:27 --> 404 Page Not Found: Apple-touch-iconpng/index
ERROR - 2019-08-03 14:04:27 --> 404 Page Not Found: Apple-touch-iconpng/index
ERROR - 2019-08-03 14:15:48 --> Severity: Warning --> count(): Parameter must be an array or an object that implements Countable /home/hireabox/crm/application/models/Enquiry_model.php 159
ERROR - 2019-08-03 14:15:48 --> Severity: Warning --> count(): Parameter must be an array or an object that implements Countable /home/hireabox/crm/application/models/Enquiry_model.php 169
ERROR - 2019-08-03 14:18:34 --> Severity: Warning --> count(): Parameter must be an array or an object that implements Countable /home/hireabox/crm/application/controllers/Notification.php 37
ERROR - 2019-08-03 14:18:34 --> Severity: Warning --> count(): Parameter must be an array or an object that implements Countable /home/hireabox/crm/application/controllers/Notification.php 42
ERROR - 2019-08-03 14:18:34 --> Severity: Warning --> Invalid argument supplied for foreach() /home/hireabox/crm/application/controllers/Notification.php 47
ERROR - 2019-08-03 14:18:34 --> Severity: Warning --> count(): Parameter must be an array or an object that implements Countable /home/hireabox/crm/application/controllers/Notification.php 68
ERROR - 2019-08-03 14:18:58 --> Severity: Warning --> count(): Parameter must be an array or an object that implements Countable /home/hireabox/crm/application/controllers/Notification.php 37
ERROR - 2019-08-03 14:18:58 --> Severity: Warning --> count(): Parameter must be an array or an object that implements Countable /home/hireabox/crm/application/controllers/Notification.php 42
ERROR - 2019-08-03 14:18:58 --> Severity: Warning --> Invalid argument supplied for foreach() /home/hireabox/crm/application/controllers/Notification.php 47
ERROR - 2019-08-03 14:18:58 --> Severity: Warning --> count(): Parameter must be an array or an object that implements Countable /home/hireabox/crm/application/controllers/Notification.php 68
ERROR - 2019-08-03 14:52:46 --> Severity: Warning --> count(): Parameter must be an array or an object that implements Countable /home/hireabox/crm/application/models/Enquiry_model.php 159
ERROR - 2019-08-03 14:52:46 --> Severity: Warning --> count(): Parameter must be an array or an object that implements Countable /home/hireabox/crm/application/models/Enquiry_model.php 169
ERROR - 2019-08-03 14:52:51 --> Severity: Warning --> count(): Parameter must be an array or an object that implements Countable /home/hireabox/crm/application/controllers/Notification.php 37
ERROR - 2019-08-03 14:52:51 --> Severity: Warning --> count(): Parameter must be an array or an object that implements Countable /home/hireabox/crm/application/controllers/Notification.php 42
ERROR - 2019-08-03 14:52:51 --> Severity: Warning --> Invalid argument supplied for foreach() /home/hireabox/crm/application/controllers/Notification.php 47
ERROR - 2019-08-03 14:52:51 --> Severity: Warning --> count(): Parameter must be an array or an object that implements Countable /home/hireabox/crm/application/controllers/Notification.php 68
ERROR - 2019-08-03 14:53:01 --> 404 Page Not Found: Apple-touch-icon-120x120-precomposedpng/index
ERROR - 2019-08-03 14:53:01 --> 404 Page Not Found: Apple-touch-icon-120x120png/index
ERROR - 2019-08-03 14:53:01 --> 404 Page Not Found: Apple-touch-iconpng/index
ERROR - 2019-08-03 14:53:01 --> 404 Page Not Found: Apple-touch-iconpng/index
ERROR - 2019-08-03 14:53:08 --> Severity: Warning --> Invalid argument supplied for foreach() /home/hireabox/crm/application/views/edit_enquiries_view.php 246
ERROR - 2019-08-03 14:53:08 --> Severity: Warning --> Invalid argument supplied for foreach() /home/hireabox/crm/application/views/edit_enquiries_view.php 267
ERROR - 2019-08-03 14:53:08 --> Severity: Warning --> Invalid argument supplied for foreach() /home/hireabox/crm/application/views/edit_enquiries_view.php 349
ERROR - 2019-08-03 14:53:11 --> Severity: Warning --> count(): Parameter must be an array or an object that implements Countable /home/hireabox/crm/application/controllers/Notification.php 37
ERROR - 2019-08-03 14:53:11 --> Severity: Warning --> count(): Parameter must be an array or an object that implements Countable /home/hireabox/crm/application/controllers/Notification.php 42
ERROR - 2019-08-03 14:53:11 --> Severity: Warning --> Invalid argument supplied for foreach() /home/hireabox/crm/application/controllers/Notification.php 47
ERROR - 2019-08-03 14:53:11 --> Severity: Warning --> count(): Parameter must be an array or an object that implements Countable /home/hireabox/crm/application/controllers/Notification.php 68
ERROR - 2019-08-03 14:53:13 --> 404 Page Not Found: Apple-touch-icon-120x120-precomposedpng/index
ERROR - 2019-08-03 14:53:13 --> 404 Page Not Found: Apple-touch-icon-120x120png/index
ERROR - 2019-08-03 14:53:13 --> 404 Page Not Found: Apple-touch-iconpng/index
ERROR - 2019-08-03 14:53:13 --> 404 Page Not Found: Apple-touch-iconpng/index
ERROR - 2019-08-03 14:53:16 --> 404 Page Not Found: Apple-touch-icon-120x120-precomposedpng/index
ERROR - 2019-08-03 14:53:17 --> 404 Page Not Found: Apple-touch-icon-120x120png/index
ERROR - 2019-08-03 14:53:17 --> 404 Page Not Found: Apple-touch-iconpng/index
ERROR - 2019-08-03 14:53:17 --> 404 Page Not Found: Apple-touch-iconpng/index
ERROR - 2019-08-03 14:53:33 --> 404 Page Not Found: Apple-touch-icon-120x120-precomposedpng/index
ERROR - 2019-08-03 14:53:34 --> 404 Page Not Found: Apple-touch-icon-120x120png/index
ERROR - 2019-08-03 14:53:34 --> 404 Page Not Found: Apple-touch-iconpng/index
ERROR - 2019-08-03 14:53:34 --> 404 Page Not Found: Apple-touch-iconpng/index
ERROR - 2019-08-03 14:53:35 --> Severity: Warning --> Invalid argument supplied for foreach() /home/hireabox/crm/application/views/edit_enquiries_view.php 246
ERROR - 2019-08-03 14:53:35 --> Severity: Warning --> Invalid argument supplied for foreach() /home/hireabox/crm/application/views/edit_enquiries_view.php 267
ERROR - 2019-08-03 14:53:35 --> Severity: Warning --> Invalid argument supplied for foreach() /home/hireabox/crm/application/views/edit_enquiries_view.php 349
ERROR - 2019-08-03 14:53:35 --> Severity: Warning --> Invalid argument supplied for foreach() /home/hireabox/crm/application/views/edit_enquiries_view.php 435
ERROR - 2019-08-03 14:53:35 --> Severity: Warning --> count(): Parameter must be an array or an object that implements Countable /home/hireabox/crm/application/views/edit_enquiries_view.php 605
ERROR - 2019-08-03 14:53:35 --> Severity: Warning --> count(): Parameter must be an array or an object that implements Countable /home/hireabox/crm/application/views/edit_enquiries_view.php 744
ERROR - 2019-08-03 14:53:36 --> Severity: Warning --> count(): Parameter must be an array or an object that implements Countable /home/hireabox/crm/application/models/Enquiry_model.php 758
ERROR - 2019-08-03 14:53:36 --> Severity: Warning --> count(): Parameter must be an array or an object that implements Countable /home/hireabox/crm/application/models/Enquiry_model.php 768
ERROR - 2019-08-03 14:54:20 --> 404 Page Not Found: Apple-touch-icon-120x120-precomposedpng/index
ERROR - 2019-08-03 14:54:20 --> 404 Page Not Found: Apple-touch-icon-120x120png/index
ERROR - 2019-08-03 14:54:20 --> 404 Page Not Found: Apple-touch-iconpng/index
ERROR - 2019-08-03 14:54:20 --> 404 Page Not Found: Apple-touch-iconpng/index
ERROR - 2019-08-03 15:01:35 --> Severity: Warning --> count(): Parameter must be an array or an object that implements Countable /home/hireabox/crm/application/models/Enquiry_model.php 758
ERROR - 2019-08-03 15:01:35 --> Severity: Warning --> count(): Parameter must be an array or an object that implements Countable /home/hireabox/crm/application/models/Enquiry_model.php 768
ERROR - 2019-08-03 15:02:19 --> 404 Page Not Found: Apple-touch-icon-120x120-precomposedpng/index
ERROR - 2019-08-03 15:02:19 --> 404 Page Not Found: Apple-touch-icon-120x120png/index
ERROR - 2019-08-03 15:02:19 --> 404 Page Not Found: Apple-touch-iconpng/index
ERROR - 2019-08-03 15:02:19 --> 404 Page Not Found: Apple-touch-iconpng/index
ERROR - 2019-08-03 15:02:23 --> Severity: Warning --> Invalid argument supplied for foreach() /home/hireabox/crm/application/views/edit_enquiries_view.php 246
ERROR - 2019-08-03 15:02:23 --> Severity: Warning --> Invalid argument supplied for foreach() /home/hireabox/crm/application/views/edit_enquiries_view.php 267
ERROR - 2019-08-03 15:02:23 --> Severity: Warning --> Invalid argument supplied for foreach() /home/hireabox/crm/application/views/edit_enquiries_view.php 349
ERROR - 2019-08-03 15:02:23 --> Severity: Warning --> Invalid argument supplied for foreach() /home/hireabox/crm/application/views/edit_enquiries_view.php 435
ERROR - 2019-08-03 15:02:23 --> Severity: Warning --> count(): Parameter must be an array or an object that implements Countable /home/hireabox/crm/application/views/edit_enquiries_view.php 605
ERROR - 2019-08-03 15:02:23 --> Severity: Warning --> count(): Parameter must be an array or an object that implements Countable /home/hireabox/crm/application/views/edit_enquiries_view.php 744
ERROR - 2019-08-03 15:02:39 --> Severity: Warning --> Invalid argument supplied for foreach() /home/hireabox/crm/application/views/edit_booking_view.php 300
ERROR - 2019-08-03 15:02:39 --> Severity: Warning --> Invalid argument supplied for foreach() /home/hireabox/crm/application/views/edit_booking_view.php 323
ERROR - 2019-08-03 15:02:39 --> Severity: Warning --> Invalid argument supplied for foreach() /home/hireabox/crm/application/views/edit_booking_view.php 407
ERROR - 2019-08-03 15:02:39 --> Severity: Warning --> Invalid argument supplied for foreach() /home/hireabox/crm/application/views/edit_booking_view.php 507
ERROR - 2019-08-03 15:02:39 --> Severity: Warning --> count(): Parameter must be an array or an object that implements Countable /home/hireabox/crm/application/views/edit_booking_view.php 688
ERROR - 2019-08-03 15:02:39 --> Severity: Warning --> count(): Parameter must be an array or an object that implements Countable /home/hireabox/crm/application/views/edit_booking_view.php 825
ERROR - 2019-08-03 15:02:47 --> Severity: Warning --> Invalid argument supplied for foreach() /home/hireabox/crm/application/views/edit_booking_view.php 300
ERROR - 2019-08-03 15:02:47 --> Severity: Warning --> Invalid argument supplied for foreach() /home/hireabox/crm/application/views/edit_booking_view.php 323
ERROR - 2019-08-03 15:02:47 --> Severity: Warning --> Invalid argument supplied for foreach() /home/hireabox/crm/application/views/edit_booking_view.php 407
ERROR - 2019-08-03 15:02:47 --> Severity: Warning --> Invalid argument supplied for foreach() /home/hireabox/crm/application/views/edit_booking_view.php 507
ERROR - 2019-08-03 15:02:47 --> Severity: Warning --> count(): Parameter must be an array or an object that implements Countable /home/hireabox/crm/application/views/edit_booking_view.php 688
ERROR - 2019-08-03 15:02:47 --> Severity: Warning --> count(): Parameter must be an array or an object that implements Countable /home/hireabox/crm/application/views/edit_booking_view.php 825
ERROR - 2019-08-03 15:03:21 --> Severity: Warning --> count(): Parameter must be an array or an object that implements Countable /home/hireabox/crm/application/models/Booking_model.php 94
ERROR - 2019-08-03 15:03:21 --> Severity: Warning --> count(): Parameter must be an array or an object that implements Countable /home/hireabox/crm/application/models/Booking_model.php 104
ERROR - 2019-08-03 15:03:22 --> Severity: Warning --> Invalid argument supplied for foreach() /home/hireabox/crm/application/views/enquiries_notes_view.php 10
ERROR - 2019-08-03 15:03:29 --> Severity: Warning --> Invalid argument supplied for foreach() /home/hireabox/crm/application/controllers/Email.php 651
ERROR - 2019-08-03 15:03:59 --> 404 Page Not Found: Apple-touch-icon-120x120-precomposedpng/index
ERROR - 2019-08-03 15:03:59 --> 404 Page Not Found: Apple-touch-icon-120x120png/index
ERROR - 2019-08-03 15:03:59 --> 404 Page Not Found: Apple-touch-iconpng/index
ERROR - 2019-08-03 15:03:59 --> 404 Page Not Found: Apple-touch-iconpng/index
ERROR - 2019-08-03 15:06:24 --> Severity: Warning --> Invalid argument supplied for foreach() /home/hireabox/crm/application/views/edit_booking_view.php 323
ERROR - 2019-08-03 15:06:24 --> Severity: Warning --> Invalid argument supplied for foreach() /home/hireabox/crm/application/views/edit_booking_view.php 407
ERROR - 2019-08-03 15:06:24 --> 404 Page Not Found: _forms/controls
ERROR - 2019-08-03 15:20:13 --> Severity: Warning --> Invalid argument supplied for foreach() /home/hireabox/crm/application/views/edit_booking_view.php 323
ERROR - 2019-08-03 15:20:13 --> Severity: Warning --> count(): Parameter must be an array or an object that implements Countable /home/hireabox/crm/application/views/edit_booking_view.php 688
ERROR - 2019-08-03 15:20:13 --> Severity: Warning --> count(): Parameter must be an array or an object that implements Countable /home/hireabox/crm/application/views/edit_booking_view.php 825
ERROR - 2019-08-03 15:20:13 --> 404 Page Not Found: _forms/controls
ERROR - 2019-08-03 15:20:14 --> 404 Page Not Found: _forms/controls
ERROR - 2019-08-03 15:20:14 --> 404 Page Not Found: _forms/controls
ERROR - 2019-08-03 15:20:14 --> 404 Page Not Found: _forms/controls
ERROR - 2019-08-03 15:20:14 --> 404 Page Not Found: _forms/controls
ERROR - 2019-08-03 15:20:14 --> 404 Page Not Found: _forms/controls
ERROR - 2019-08-03 15:20:14 --> 404 Page Not Found: _forms/controls
ERROR - 2019-08-03 15:20:14 --> 404 Page Not Found: _forms/controls
ERROR - 2019-08-03 15:20:14 --> 404 Page Not Found: _forms/controls
ERROR - 2019-08-03 15:25:51 --> 404 Page Not Found: Apple-touch-icon-120x120-precomposedpng/index
ERROR - 2019-08-03 15:25:51 --> 404 Page Not Found: Apple-touch-icon-120x120png/index
ERROR - 2019-08-03 15:25:51 --> 404 Page Not Found: Apple-touch-iconpng/index
ERROR - 2019-08-03 15:25:51 --> 404 Page Not Found: Apple-touch-iconpng/index
ERROR - 2019-08-03 16:11:45 --> Severity: Warning --> count(): Parameter must be an array or an object that implements Countable /home/hireabox/crm/application/controllers/Notification.php 37
ERROR - 2019-08-03 16:11:45 --> Severity: Warning --> count(): Parameter must be an array or an object that implements Countable /home/hireabox/crm/application/controllers/Notification.php 42
ERROR - 2019-08-03 16:11:45 --> Severity: Warning --> Invalid argument supplied for foreach() /home/hireabox/crm/application/controllers/Notification.php 47
ERROR - 2019-08-03 16:11:45 --> Severity: Warning --> count(): Parameter must be an array or an object that implements Countable /home/hireabox/crm/application/controllers/Notification.php 68
ERROR - 2019-08-03 16:12:05 --> Severity: Warning --> count(): Parameter must be an array or an object that implements Countable /home/hireabox/crm/application/controllers/Notification.php 37
ERROR - 2019-08-03 16:12:05 --> Severity: Warning --> count(): Parameter must be an array or an object that implements Countable /home/hireabox/crm/application/controllers/Notification.php 42
ERROR - 2019-08-03 16:12:05 --> Severity: Warning --> Invalid argument supplied for foreach() /home/hireabox/crm/application/controllers/Notification.php 47
ERROR - 2019-08-03 16:12:05 --> Severity: Warning --> count(): Parameter must be an array or an object that implements Countable /home/hireabox/crm/application/controllers/Notification.php 68
ERROR - 2019-08-03 17:40:18 --> Severity: Warning --> count(): Parameter must be an array or an object that implements Countable /home/hireabox/crm/application/models/Enquiry_model.php 159
ERROR - 2019-08-03 17:40:18 --> Severity: Warning --> count(): Parameter must be an array or an object that implements Countable /home/hireabox/crm/application/models/Enquiry_model.php 169
ERROR - 2019-08-03 17:53:41 --> Severity: Warning --> Invalid argument supplied for foreach() /home/hireabox/crm/application/views/edit_enquiries_view.php 246
ERROR - 2019-08-03 17:53:41 --> Severity: Warning --> Invalid argument supplied for foreach() /home/hireabox/crm/application/views/edit_enquiries_view.php 267
ERROR - 2019-08-03 17:53:41 --> Severity: Warning --> Invalid argument supplied for foreach() /home/hireabox/crm/application/views/edit_enquiries_view.php 349
ERROR - 2019-08-03 17:53:41 --> Severity: Warning --> Invalid argument supplied for foreach() /home/hireabox/crm/application/views/edit_enquiries_view.php 435
ERROR - 2019-08-03 17:53:41 --> Severity: Warning --> count(): Parameter must be an array or an object that implements Countable /home/hireabox/crm/application/views/edit_enquiries_view.php 605
ERROR - 2019-08-03 17:53:41 --> Severity: Warning --> count(): Parameter must be an array or an object that implements Countable /home/hireabox/crm/application/views/edit_enquiries_view.php 744
ERROR - 2019-08-03 17:58:06 --> 404 Page Not Found: Apple-touch-icon-120x120-precomposedpng/index
ERROR - 2019-08-03 17:58:06 --> 404 Page Not Found: Apple-touch-icon-120x120png/index
ERROR - 2019-08-03 17:58:06 --> 404 Page Not Found: Apple-touch-iconpng/index
ERROR - 2019-08-03 17:58:06 --> 404 Page Not Found: Apple-touch-iconpng/index
ERROR - 2019-08-03 18:12:51 --> Severity: Warning --> count(): Parameter must be an array or an object that implements Countable /home/hireabox/crm/application/models/Enquiry_model.php 159
ERROR - 2019-08-03 18:12:51 --> Severity: Warning --> count(): Parameter must be an array or an object that implements Countable /home/hireabox/crm/application/models/Enquiry_model.php 169
ERROR - 2019-08-03 18:44:21 --> 404 Page Not Found: Apple-touch-icon-120x120-precomposedpng/index
ERROR - 2019-08-03 18:44:21 --> 404 Page Not Found: Apple-touch-icon-120x120png/index
ERROR - 2019-08-03 18:44:21 --> 404 Page Not Found: Apple-touch-iconpng/index
ERROR - 2019-08-03 18:44:21 --> 404 Page Not Found: Apple-touch-iconpng/index
ERROR - 2019-08-03 18:50:48 --> 404 Page Not Found: Apple-touch-icon-120x120-precomposedpng/index
ERROR - 2019-08-03 18:50:48 --> 404 Page Not Found: Apple-touch-icon-120x120png/index
ERROR - 2019-08-03 18:50:48 --> 404 Page Not Found: Apple-touch-iconpng/index
ERROR - 2019-08-03 18:50:48 --> 404 Page Not Found: Apple-touch-iconpng/index
ERROR - 2019-08-03 18:58:30 --> 404 Page Not Found: 
ERROR - 2019-08-03 19:36:57 --> 404 Page Not Found: Apple-touch-icon-120x120-precomposedpng/index
ERROR - 2019-08-03 19:36:57 --> 404 Page Not Found: Apple-touch-icon-120x120png/index
ERROR - 2019-08-03 19:36:57 --> 404 Page Not Found: Apple-touch-iconpng/index
ERROR - 2019-08-03 19:36:57 --> 404 Page Not Found: Apple-touch-iconpng/index
ERROR - 2019-08-03 21:50:24 --> 404 Page Not Found: Apple-touch-icon-120x120-precomposedpng/index
ERROR - 2019-08-03 21:50:24 --> 404 Page Not Found: Apple-touch-icon-120x120png/index
ERROR - 2019-08-03 21:50:24 --> 404 Page Not Found: Apple-touch-iconpng/index
ERROR - 2019-08-03 21:50:24 --> 404 Page Not Found: Apple-touch-iconpng/index
ERROR - 2019-08-03 22:22:23 --> Severity: Warning --> count(): Parameter must be an array or an object that implements Countable /home/hireabox/crm/application/models/Enquiry_model.php 159
ERROR - 2019-08-03 22:22:23 --> Severity: Warning --> count(): Parameter must be an array or an object that implements Countable /home/hireabox/crm/application/models/Enquiry_model.php 169
ERROR - 2019-08-03 22:22:46 --> 404 Page Not Found: Apple-touch-icon-120x120-precomposedpng/index
ERROR - 2019-08-03 22:22:46 --> 404 Page Not Found: Apple-touch-icon-120x120png/index
ERROR - 2019-08-03 22:22:46 --> 404 Page Not Found: Apple-touch-iconpng/index
ERROR - 2019-08-03 22:22:46 --> 404 Page Not Found: Apple-touch-iconpng/index
ERROR - 2019-08-03 22:39:49 --> Severity: Warning --> count(): Parameter must be an array or an object that implements Countable /home/hireabox/crm/application/models/Enquiry_model.php 758
ERROR - 2019-08-03 22:39:49 --> Severity: Warning --> count(): Parameter must be an array or an object that implements Countable /home/hireabox/crm/application/models/Enquiry_model.php 768
