ERROR - 2019-08-24 02:05:21 --> Severity: Warning --> count(): Parameter must be an array or an object that implements Countable /home/hireabox/crm/application/models/Enquiry_model.php 159
ERROR - 2019-08-24 02:05:21 --> Severity: Warning --> count(): Parameter must be an array or an object that implements Countable /home/hireabox/crm/application/models/Enquiry_model.php 169
ERROR - 2019-08-24 05:57:33 --> 404 Page Not Found: Apple-touch-icon-120x120-precomposedpng/index
ERROR - 2019-08-24 05:57:34 --> 404 Page Not Found: Apple-touch-icon-120x120png/index
ERROR - 2019-08-24 05:57:34 --> 404 Page Not Found: Apple-touch-iconpng/index
ERROR - 2019-08-24 05:57:34 --> 404 Page Not Found: Apple-touch-iconpng/index
ERROR - 2019-08-24 05:57:47 --> 404 Page Not Found: Apple-touch-icon-120x120-precomposedpng/index
ERROR - 2019-08-24 05:57:48 --> 404 Page Not Found: Apple-touch-icon-120x120png/index
ERROR - 2019-08-24 05:57:52 --> 404 Page Not Found: Apple-touch-iconpng/index
ERROR - 2019-08-24 05:57:52 --> 404 Page Not Found: Apple-touch-iconpng/index
ERROR - 2019-08-24 05:58:03 --> 404 Page Not Found: Apple-touch-icon-120x120-precomposedpng/index
ERROR - 2019-08-24 05:58:03 --> 404 Page Not Found: Apple-touch-icon-120x120png/index
ERROR - 2019-08-24 05:58:03 --> 404 Page Not Found: Apple-touch-iconpng/index
ERROR - 2019-08-24 05:58:03 --> 404 Page Not Found: Apple-touch-iconpng/index
ERROR - 2019-08-24 07:23:20 --> Severity: Warning --> count(): Parameter must be an array or an object that implements Countable /home/hireabox/crm/application/models/Enquiry_model.php 159
ERROR - 2019-08-24 07:23:20 --> Severity: Warning --> count(): Parameter must be an array or an object that implements Countable /home/hireabox/crm/application/models/Enquiry_model.php 169
ERROR - 2019-08-24 07:41:43 --> 404 Page Not Found: Apple-touch-icon-120x120-precomposedpng/index
ERROR - 2019-08-24 07:41:43 --> 404 Page Not Found: Apple-touch-icon-120x120png/index
ERROR - 2019-08-24 07:41:43 --> 404 Page Not Found: Apple-touch-iconpng/index
ERROR - 2019-08-24 07:41:43 --> 404 Page Not Found: Apple-touch-iconpng/index
ERROR - 2019-08-24 08:04:21 --> Severity: Warning --> count(): Parameter must be an array or an object that implements Countable /home/hireabox/crm/application/models/Enquiry_model.php 159
ERROR - 2019-08-24 08:04:21 --> Severity: Warning --> count(): Parameter must be an array or an object that implements Countable /home/hireabox/crm/application/models/Enquiry_model.php 169
ERROR - 2019-08-24 08:07:11 --> 404 Page Not Found: Apple-touch-icon-120x120-precomposedpng/index
ERROR - 2019-08-24 08:07:11 --> 404 Page Not Found: Apple-touch-icon-120x120png/index
ERROR - 2019-08-24 08:07:11 --> 404 Page Not Found: Apple-touch-iconpng/index
ERROR - 2019-08-24 08:07:11 --> 404 Page Not Found: Apple-touch-iconpng/index
ERROR - 2019-08-24 08:07:15 --> Severity: Warning --> Invalid argument supplied for foreach() /home/hireabox/crm/application/views/edit_enquiries_view.php 246
ERROR - 2019-08-24 08:07:15 --> Severity: Warning --> Invalid argument supplied for foreach() /home/hireabox/crm/application/views/edit_enquiries_view.php 267
ERROR - 2019-08-24 08:07:15 --> Severity: Warning --> Invalid argument supplied for foreach() /home/hireabox/crm/application/views/edit_enquiries_view.php 349
ERROR - 2019-08-24 08:07:15 --> Severity: Warning --> Invalid argument supplied for foreach() /home/hireabox/crm/application/views/edit_enquiries_view.php 435
ERROR - 2019-08-24 08:07:15 --> Severity: Warning --> count(): Parameter must be an array or an object that implements Countable /home/hireabox/crm/application/views/edit_enquiries_view.php 605
ERROR - 2019-08-24 08:07:15 --> Severity: Warning --> count(): Parameter must be an array or an object that implements Countable /home/hireabox/crm/application/views/edit_enquiries_view.php 744
ERROR - 2019-08-24 08:15:38 --> Severity: Warning --> count(): Parameter must be an array or an object that implements Countable /home/hireabox/crm/application/models/Enquiry_model.php 159
ERROR - 2019-08-24 08:15:38 --> Severity: Warning --> count(): Parameter must be an array or an object that implements Countable /home/hireabox/crm/application/models/Enquiry_model.php 169
ERROR - 2019-08-24 08:18:39 --> Severity: Warning --> count(): Parameter must be an array or an object that implements Countable /home/hireabox/crm/application/controllers/Notification.php 37
ERROR - 2019-08-24 08:18:39 --> Severity: Warning --> count(): Parameter must be an array or an object that implements Countable /home/hireabox/crm/application/controllers/Notification.php 42
ERROR - 2019-08-24 08:18:39 --> Severity: Warning --> Invalid argument supplied for foreach() /home/hireabox/crm/application/controllers/Notification.php 47
ERROR - 2019-08-24 08:18:39 --> Severity: Warning --> count(): Parameter must be an array or an object that implements Countable /home/hireabox/crm/application/controllers/Notification.php 68
ERROR - 2019-08-24 08:19:03 --> Severity: Warning --> count(): Parameter must be an array or an object that implements Countable /home/hireabox/crm/application/controllers/Notification.php 37
ERROR - 2019-08-24 08:19:03 --> Severity: Warning --> count(): Parameter must be an array or an object that implements Countable /home/hireabox/crm/application/controllers/Notification.php 42
ERROR - 2019-08-24 08:19:03 --> Severity: Warning --> Invalid argument supplied for foreach() /home/hireabox/crm/application/controllers/Notification.php 47
ERROR - 2019-08-24 08:19:03 --> Severity: Warning --> count(): Parameter must be an array or an object that implements Countable /home/hireabox/crm/application/controllers/Notification.php 68
ERROR - 2019-08-24 08:20:18 --> Severity: Warning --> count(): Parameter must be an array or an object that implements Countable /home/hireabox/crm/application/controllers/Notification.php 37
ERROR - 2019-08-24 08:20:18 --> Severity: Warning --> count(): Parameter must be an array or an object that implements Countable /home/hireabox/crm/application/controllers/Notification.php 42
ERROR - 2019-08-24 08:20:18 --> Severity: Warning --> Invalid argument supplied for foreach() /home/hireabox/crm/application/controllers/Notification.php 47
ERROR - 2019-08-24 08:20:18 --> Severity: Warning --> count(): Parameter must be an array or an object that implements Countable /home/hireabox/crm/application/controllers/Notification.php 68
ERROR - 2019-08-24 08:20:38 --> 404 Page Not Found: 
ERROR - 2019-08-24 08:20:38 --> 404 Page Not Found: Apple-touch-icon-120x120-precomposedpng/index
ERROR - 2019-08-24 08:20:38 --> 404 Page Not Found: Apple-touch-icon-120x120png/index
ERROR - 2019-08-24 08:20:38 --> 404 Page Not Found: Apple-touch-iconpng/index
ERROR - 2019-08-24 08:20:38 --> 404 Page Not Found: Apple-touch-iconpng/index
ERROR - 2019-08-24 08:20:44 --> 404 Page Not Found: 
ERROR - 2019-08-24 08:20:58 --> 404 Page Not Found: 
ERROR - 2019-08-24 08:21:02 --> Severity: Warning --> count(): Parameter must be an array or an object that implements Countable /home/hireabox/crm/application/controllers/Notification.php 37
ERROR - 2019-08-24 08:21:02 --> Severity: Warning --> count(): Parameter must be an array or an object that implements Countable /home/hireabox/crm/application/controllers/Notification.php 42
ERROR - 2019-08-24 08:21:02 --> Severity: Warning --> Invalid argument supplied for foreach() /home/hireabox/crm/application/controllers/Notification.php 47
ERROR - 2019-08-24 08:21:02 --> Severity: Warning --> count(): Parameter must be an array or an object that implements Countable /home/hireabox/crm/application/controllers/Notification.php 68
ERROR - 2019-08-24 08:22:11 --> Severity: Warning --> count(): Parameter must be an array or an object that implements Countable /home/hireabox/crm/application/controllers/Notification.php 37
ERROR - 2019-08-24 08:22:11 --> Severity: Warning --> count(): Parameter must be an array or an object that implements Countable /home/hireabox/crm/application/controllers/Notification.php 42
ERROR - 2019-08-24 08:22:11 --> Severity: Warning --> Invalid argument supplied for foreach() /home/hireabox/crm/application/controllers/Notification.php 47
ERROR - 2019-08-24 08:22:11 --> Severity: Warning --> count(): Parameter must be an array or an object that implements Countable /home/hireabox/crm/application/controllers/Notification.php 68
ERROR - 2019-08-24 08:22:27 --> Severity: Warning --> count(): Parameter must be an array or an object that implements Countable /home/hireabox/crm/application/controllers/Notification.php 37
ERROR - 2019-08-24 08:22:27 --> Severity: Warning --> count(): Parameter must be an array or an object that implements Countable /home/hireabox/crm/application/controllers/Notification.php 42
ERROR - 2019-08-24 08:22:27 --> Severity: Warning --> Invalid argument supplied for foreach() /home/hireabox/crm/application/controllers/Notification.php 47
ERROR - 2019-08-24 08:22:27 --> Severity: Warning --> count(): Parameter must be an array or an object that implements Countable /home/hireabox/crm/application/controllers/Notification.php 68
ERROR - 2019-08-24 08:22:47 --> Severity: Warning --> count(): Parameter must be an array or an object that implements Countable /home/hireabox/crm/application/controllers/Notification.php 37
ERROR - 2019-08-24 08:22:47 --> Severity: Warning --> count(): Parameter must be an array or an object that implements Countable /home/hireabox/crm/application/controllers/Notification.php 42
ERROR - 2019-08-24 08:22:47 --> Severity: Warning --> Invalid argument supplied for foreach() /home/hireabox/crm/application/controllers/Notification.php 47
ERROR - 2019-08-24 08:22:47 --> Severity: Warning --> count(): Parameter must be an array or an object that implements Countable /home/hireabox/crm/application/controllers/Notification.php 68
ERROR - 2019-08-24 08:23:07 --> Severity: Warning --> count(): Parameter must be an array or an object that implements Countable /home/hireabox/crm/application/controllers/Notification.php 37
ERROR - 2019-08-24 08:23:07 --> Severity: Warning --> count(): Parameter must be an array or an object that implements Countable /home/hireabox/crm/application/controllers/Notification.php 42
ERROR - 2019-08-24 08:23:07 --> Severity: Warning --> Invalid argument supplied for foreach() /home/hireabox/crm/application/controllers/Notification.php 47
ERROR - 2019-08-24 08:23:07 --> Severity: Warning --> count(): Parameter must be an array or an object that implements Countable /home/hireabox/crm/application/controllers/Notification.php 68
ERROR - 2019-08-24 08:23:27 --> Severity: Warning --> count(): Parameter must be an array or an object that implements Countable /home/hireabox/crm/application/controllers/Notification.php 37
ERROR - 2019-08-24 08:23:27 --> Severity: Warning --> count(): Parameter must be an array or an object that implements Countable /home/hireabox/crm/application/controllers/Notification.php 42
ERROR - 2019-08-24 08:23:27 --> Severity: Warning --> Invalid argument supplied for foreach() /home/hireabox/crm/application/controllers/Notification.php 47
ERROR - 2019-08-24 08:23:27 --> Severity: Warning --> count(): Parameter must be an array or an object that implements Countable /home/hireabox/crm/application/controllers/Notification.php 68
ERROR - 2019-08-24 08:23:47 --> Severity: Warning --> count(): Parameter must be an array or an object that implements Countable /home/hireabox/crm/application/controllers/Notification.php 37
ERROR - 2019-08-24 08:23:47 --> Severity: Warning --> count(): Parameter must be an array or an object that implements Countable /home/hireabox/crm/application/controllers/Notification.php 42
ERROR - 2019-08-24 08:23:47 --> Severity: Warning --> Invalid argument supplied for foreach() /home/hireabox/crm/application/controllers/Notification.php 47
ERROR - 2019-08-24 08:23:47 --> Severity: Warning --> count(): Parameter must be an array or an object that implements Countable /home/hireabox/crm/application/controllers/Notification.php 68
ERROR - 2019-08-24 08:24:12 --> Severity: Warning --> count(): Parameter must be an array or an object that implements Countable /home/hireabox/crm/application/controllers/Notification.php 37
ERROR - 2019-08-24 08:24:12 --> Severity: Warning --> count(): Parameter must be an array or an object that implements Countable /home/hireabox/crm/application/controllers/Notification.php 42
ERROR - 2019-08-24 08:24:12 --> Severity: Warning --> Invalid argument supplied for foreach() /home/hireabox/crm/application/controllers/Notification.php 47
ERROR - 2019-08-24 08:24:12 --> Severity: Warning --> count(): Parameter must be an array or an object that implements Countable /home/hireabox/crm/application/controllers/Notification.php 68
ERROR - 2019-08-24 08:25:13 --> Severity: Warning --> count(): Parameter must be an array or an object that implements Countable /home/hireabox/crm/application/controllers/Notification.php 37
ERROR - 2019-08-24 08:25:13 --> Severity: Warning --> count(): Parameter must be an array or an object that implements Countable /home/hireabox/crm/application/controllers/Notification.php 42
ERROR - 2019-08-24 08:25:13 --> Severity: Warning --> Invalid argument supplied for foreach() /home/hireabox/crm/application/controllers/Notification.php 47
ERROR - 2019-08-24 08:25:13 --> Severity: Warning --> count(): Parameter must be an array or an object that implements Countable /home/hireabox/crm/application/controllers/Notification.php 68
ERROR - 2019-08-24 08:26:11 --> Severity: Warning --> count(): Parameter must be an array or an object that implements Countable /home/hireabox/crm/application/controllers/Notification.php 37
ERROR - 2019-08-24 08:26:11 --> Severity: Warning --> count(): Parameter must be an array or an object that implements Countable /home/hireabox/crm/application/controllers/Notification.php 42
ERROR - 2019-08-24 08:26:11 --> Severity: Warning --> Invalid argument supplied for foreach() /home/hireabox/crm/application/controllers/Notification.php 47
ERROR - 2019-08-24 08:26:11 --> Severity: Warning --> count(): Parameter must be an array or an object that implements Countable /home/hireabox/crm/application/controllers/Notification.php 68
ERROR - 2019-08-24 08:26:27 --> Severity: Warning --> count(): Parameter must be an array or an object that implements Countable /home/hireabox/crm/application/controllers/Notification.php 37
ERROR - 2019-08-24 08:26:27 --> Severity: Warning --> count(): Parameter must be an array or an object that implements Countable /home/hireabox/crm/application/controllers/Notification.php 42
ERROR - 2019-08-24 08:26:27 --> Severity: Warning --> Invalid argument supplied for foreach() /home/hireabox/crm/application/controllers/Notification.php 47
ERROR - 2019-08-24 08:26:27 --> Severity: Warning --> count(): Parameter must be an array or an object that implements Countable /home/hireabox/crm/application/controllers/Notification.php 68
ERROR - 2019-08-24 08:39:59 --> 404 Page Not Found: Apple-touch-icon-120x120-precomposedpng/index
ERROR - 2019-08-24 08:39:59 --> 404 Page Not Found: Apple-touch-icon-120x120png/index
ERROR - 2019-08-24 08:40:00 --> 404 Page Not Found: Apple-touch-iconpng/index
ERROR - 2019-08-24 08:40:00 --> 404 Page Not Found: Apple-touch-iconpng/index
ERROR - 2019-08-24 08:40:27 --> 404 Page Not Found: Apple-touch-icon-120x120-precomposedpng/index
ERROR - 2019-08-24 08:40:27 --> 404 Page Not Found: Apple-touch-icon-120x120png/index
ERROR - 2019-08-24 08:40:28 --> 404 Page Not Found: Apple-touch-iconpng/index
ERROR - 2019-08-24 08:40:28 --> 404 Page Not Found: Apple-touch-iconpng/index
ERROR - 2019-08-24 08:50:06 --> Severity: Warning --> count(): Parameter must be an array or an object that implements Countable /home/hireabox/crm/application/models/Enquiry_model.php 758
ERROR - 2019-08-24 08:50:06 --> Severity: Warning --> count(): Parameter must be an array or an object that implements Countable /home/hireabox/crm/application/models/Enquiry_model.php 768
ERROR - 2019-08-24 09:17:52 --> 404 Page Not Found: Apple-touch-icon-120x120-precomposedpng/index
ERROR - 2019-08-24 09:17:52 --> 404 Page Not Found: Apple-touch-icon-120x120png/index
ERROR - 2019-08-24 09:17:52 --> 404 Page Not Found: Apple-touch-iconpng/index
ERROR - 2019-08-24 09:17:52 --> 404 Page Not Found: Apple-touch-iconpng/index
ERROR - 2019-08-24 09:17:54 --> Severity: Warning --> Invalid argument supplied for foreach() /home/hireabox/crm/application/views/edit_enquiries_view.php 246
ERROR - 2019-08-24 09:17:54 --> Severity: Warning --> Invalid argument supplied for foreach() /home/hireabox/crm/application/views/edit_enquiries_view.php 267
ERROR - 2019-08-24 09:17:54 --> Severity: Warning --> Invalid argument supplied for foreach() /home/hireabox/crm/application/views/edit_enquiries_view.php 349
ERROR - 2019-08-24 09:17:54 --> Severity: Warning --> Invalid argument supplied for foreach() /home/hireabox/crm/application/views/edit_enquiries_view.php 435
ERROR - 2019-08-24 09:17:54 --> Severity: Warning --> count(): Parameter must be an array or an object that implements Countable /home/hireabox/crm/application/views/edit_enquiries_view.php 605
ERROR - 2019-08-24 09:17:54 --> Severity: Warning --> count(): Parameter must be an array or an object that implements Countable /home/hireabox/crm/application/views/edit_enquiries_view.php 744
ERROR - 2019-08-24 09:18:12 --> Severity: Warning --> Invalid argument supplied for foreach() /home/hireabox/crm/application/views/edit_booking_view.php 300
ERROR - 2019-08-24 09:18:12 --> Severity: Warning --> Invalid argument supplied for foreach() /home/hireabox/crm/application/views/edit_booking_view.php 323
ERROR - 2019-08-24 09:18:12 --> Severity: Warning --> Invalid argument supplied for foreach() /home/hireabox/crm/application/views/edit_booking_view.php 407
ERROR - 2019-08-24 09:18:12 --> Severity: Warning --> Invalid argument supplied for foreach() /home/hireabox/crm/application/views/edit_booking_view.php 507
ERROR - 2019-08-24 09:18:12 --> Severity: Warning --> count(): Parameter must be an array or an object that implements Countable /home/hireabox/crm/application/views/edit_booking_view.php 688
ERROR - 2019-08-24 09:18:12 --> Severity: Warning --> count(): Parameter must be an array or an object that implements Countable /home/hireabox/crm/application/views/edit_booking_view.php 825
ERROR - 2019-08-24 09:18:21 --> Severity: Warning --> Invalid argument supplied for foreach() /home/hireabox/crm/application/views/edit_booking_view.php 300
ERROR - 2019-08-24 09:18:21 --> Severity: Warning --> Invalid argument supplied for foreach() /home/hireabox/crm/application/views/edit_booking_view.php 323
ERROR - 2019-08-24 09:18:21 --> Severity: Warning --> Invalid argument supplied for foreach() /home/hireabox/crm/application/views/edit_booking_view.php 407
ERROR - 2019-08-24 09:18:21 --> Severity: Warning --> Invalid argument supplied for foreach() /home/hireabox/crm/application/views/edit_booking_view.php 507
ERROR - 2019-08-24 09:18:21 --> Severity: Warning --> count(): Parameter must be an array or an object that implements Countable /home/hireabox/crm/application/views/edit_booking_view.php 688
ERROR - 2019-08-24 09:18:21 --> Severity: Warning --> count(): Parameter must be an array or an object that implements Countable /home/hireabox/crm/application/views/edit_booking_view.php 825
ERROR - 2019-08-24 09:18:31 --> Severity: Warning --> count(): Parameter must be an array or an object that implements Countable /home/hireabox/crm/application/models/Booking_model.php 94
ERROR - 2019-08-24 09:18:31 --> Severity: Warning --> count(): Parameter must be an array or an object that implements Countable /home/hireabox/crm/application/models/Booking_model.php 104
ERROR - 2019-08-24 09:18:32 --> Severity: Warning --> Invalid argument supplied for foreach() /home/hireabox/crm/application/views/enquiries_notes_view.php 10
ERROR - 2019-08-24 09:18:39 --> Severity: Warning --> Invalid argument supplied for foreach() /home/hireabox/crm/application/controllers/Email.php 651
ERROR - 2019-08-24 09:19:12 --> 404 Page Not Found: Apple-touch-icon-120x120-precomposedpng/index
ERROR - 2019-08-24 09:19:12 --> 404 Page Not Found: Apple-touch-icon-120x120png/index
ERROR - 2019-08-24 09:19:12 --> 404 Page Not Found: Apple-touch-iconpng/index
ERROR - 2019-08-24 09:19:12 --> 404 Page Not Found: Apple-touch-iconpng/index
ERROR - 2019-08-24 09:19:13 --> Severity: Warning --> Invalid argument supplied for foreach() /home/hireabox/crm/application/controllers/Enquiries.php 1064
ERROR - 2019-08-24 09:21:54 --> 404 Page Not Found: Apple-touch-icon-120x120-precomposedpng/index
ERROR - 2019-08-24 09:21:54 --> 404 Page Not Found: Apple-touch-icon-120x120png/index
ERROR - 2019-08-24 09:21:54 --> 404 Page Not Found: Apple-touch-iconpng/index
ERROR - 2019-08-24 09:21:55 --> 404 Page Not Found: Apple-touch-iconpng/index
ERROR - 2019-08-24 09:21:59 --> 404 Page Not Found: Apple-touch-icon-120x120-precomposedpng/index
ERROR - 2019-08-24 09:21:59 --> 404 Page Not Found: Apple-touch-icon-120x120png/index
ERROR - 2019-08-24 09:21:59 --> 404 Page Not Found: Apple-touch-iconpng/index
ERROR - 2019-08-24 09:21:59 --> 404 Page Not Found: Apple-touch-iconpng/index
ERROR - 2019-08-24 09:22:00 --> 404 Page Not Found: Assets/custom
ERROR - 2019-08-24 09:52:40 --> Severity: Warning --> count(): Parameter must be an array or an object that implements Countable /home/hireabox/crm/application/models/Enquiry_model.php 758
ERROR - 2019-08-24 09:52:40 --> Severity: Warning --> count(): Parameter must be an array or an object that implements Countable /home/hireabox/crm/application/models/Enquiry_model.php 768
ERROR - 2019-08-24 09:59:41 --> Severity: Warning --> count(): Parameter must be an array or an object that implements Countable /home/hireabox/crm/application/controllers/Notification.php 37
ERROR - 2019-08-24 09:59:41 --> Severity: Warning --> count(): Parameter must be an array or an object that implements Countable /home/hireabox/crm/application/controllers/Notification.php 42
ERROR - 2019-08-24 09:59:41 --> Severity: Warning --> Invalid argument supplied for foreach() /home/hireabox/crm/application/controllers/Notification.php 47
ERROR - 2019-08-24 09:59:41 --> Severity: Warning --> count(): Parameter must be an array or an object that implements Countable /home/hireabox/crm/application/controllers/Notification.php 68
ERROR - 2019-08-24 10:00:01 --> Severity: Warning --> count(): Parameter must be an array or an object that implements Countable /home/hireabox/crm/application/controllers/Notification.php 37
ERROR - 2019-08-24 10:00:01 --> Severity: Warning --> count(): Parameter must be an array or an object that implements Countable /home/hireabox/crm/application/controllers/Notification.php 42
ERROR - 2019-08-24 10:00:01 --> Severity: Warning --> Invalid argument supplied for foreach() /home/hireabox/crm/application/controllers/Notification.php 47
ERROR - 2019-08-24 10:00:01 --> Severity: Warning --> count(): Parameter must be an array or an object that implements Countable /home/hireabox/crm/application/controllers/Notification.php 68
ERROR - 2019-08-24 10:00:50 --> 404 Page Not Found: Apple-touch-icon-120x120-precomposedpng/index
ERROR - 2019-08-24 10:00:50 --> 404 Page Not Found: Apple-touch-icon-120x120png/index
ERROR - 2019-08-24 10:00:50 --> 404 Page Not Found: Apple-touch-iconpng/index
ERROR - 2019-08-24 10:00:51 --> 404 Page Not Found: Apple-touch-iconpng/index
ERROR - 2019-08-24 10:01:30 --> 404 Page Not Found: Apple-touch-icon-120x120-precomposedpng/index
ERROR - 2019-08-24 10:01:30 --> 404 Page Not Found: Apple-touch-icon-120x120png/index
ERROR - 2019-08-24 10:01:30 --> 404 Page Not Found: Apple-touch-iconpng/index
ERROR - 2019-08-24 10:01:31 --> 404 Page Not Found: Apple-touch-iconpng/index
ERROR - 2019-08-24 10:01:36 --> Severity: Warning --> Invalid argument supplied for foreach() /home/hireabox/crm/application/views/edit_enquiries_view.php 267
ERROR - 2019-08-24 10:01:36 --> Severity: Warning --> Invalid argument supplied for foreach() /home/hireabox/crm/application/views/edit_enquiries_view.php 285
ERROR - 2019-08-24 10:01:36 --> Severity: Warning --> Invalid argument supplied for foreach() /home/hireabox/crm/application/views/edit_enquiries_view.php 349
ERROR - 2019-08-24 10:01:36 --> Severity: Warning --> Invalid argument supplied for foreach() /home/hireabox/crm/application/views/edit_enquiries_view.php 435
ERROR - 2019-08-24 10:01:36 --> Severity: Warning --> count(): Parameter must be an array or an object that implements Countable /home/hireabox/crm/application/views/edit_enquiries_view.php 605
ERROR - 2019-08-24 10:01:36 --> Severity: Warning --> count(): Parameter must be an array or an object that implements Countable /home/hireabox/crm/application/views/edit_enquiries_view.php 744
ERROR - 2019-08-24 10:01:46 --> Severity: Warning --> Invalid argument supplied for foreach() /home/hireabox/crm/application/views/enquiries_notes_view.php 10
ERROR - 2019-08-24 10:16:12 --> Severity: Warning --> count(): Parameter must be an array or an object that implements Countable /home/hireabox/crm/application/controllers/Notification.php 37
ERROR - 2019-08-24 10:16:12 --> Severity: Warning --> count(): Parameter must be an array or an object that implements Countable /home/hireabox/crm/application/controllers/Notification.php 42
ERROR - 2019-08-24 10:16:12 --> Severity: Warning --> Invalid argument supplied for foreach() /home/hireabox/crm/application/controllers/Notification.php 47
ERROR - 2019-08-24 10:16:12 --> Severity: Warning --> count(): Parameter must be an array or an object that implements Countable /home/hireabox/crm/application/controllers/Notification.php 68
ERROR - 2019-08-24 10:16:32 --> Severity: Warning --> count(): Parameter must be an array or an object that implements Countable /home/hireabox/crm/application/controllers/Notification.php 37
ERROR - 2019-08-24 10:16:32 --> Severity: Warning --> count(): Parameter must be an array or an object that implements Countable /home/hireabox/crm/application/controllers/Notification.php 42
ERROR - 2019-08-24 10:16:32 --> Severity: Warning --> Invalid argument supplied for foreach() /home/hireabox/crm/application/controllers/Notification.php 47
ERROR - 2019-08-24 10:16:32 --> Severity: Warning --> count(): Parameter must be an array or an object that implements Countable /home/hireabox/crm/application/controllers/Notification.php 68
ERROR - 2019-08-24 10:16:52 --> Severity: Warning --> count(): Parameter must be an array or an object that implements Countable /home/hireabox/crm/application/controllers/Notification.php 37
ERROR - 2019-08-24 10:16:52 --> Severity: Warning --> count(): Parameter must be an array or an object that implements Countable /home/hireabox/crm/application/controllers/Notification.php 42
ERROR - 2019-08-24 10:16:52 --> Severity: Warning --> Invalid argument supplied for foreach() /home/hireabox/crm/application/controllers/Notification.php 47
ERROR - 2019-08-24 10:16:52 --> Severity: Warning --> count(): Parameter must be an array or an object that implements Countable /home/hireabox/crm/application/controllers/Notification.php 68
ERROR - 2019-08-24 10:17:12 --> Severity: Warning --> count(): Parameter must be an array or an object that implements Countable /home/hireabox/crm/application/controllers/Notification.php 37
ERROR - 2019-08-24 10:17:12 --> Severity: Warning --> count(): Parameter must be an array or an object that implements Countable /home/hireabox/crm/application/controllers/Notification.php 42
ERROR - 2019-08-24 10:17:12 --> Severity: Warning --> Invalid argument supplied for foreach() /home/hireabox/crm/application/controllers/Notification.php 47
ERROR - 2019-08-24 10:17:12 --> Severity: Warning --> count(): Parameter must be an array or an object that implements Countable /home/hireabox/crm/application/controllers/Notification.php 68
ERROR - 2019-08-24 10:17:33 --> Severity: Warning --> count(): Parameter must be an array or an object that implements Countable /home/hireabox/crm/application/controllers/Notification.php 37
ERROR - 2019-08-24 10:17:33 --> Severity: Warning --> count(): Parameter must be an array or an object that implements Countable /home/hireabox/crm/application/controllers/Notification.php 42
ERROR - 2019-08-24 10:17:33 --> Severity: Warning --> Invalid argument supplied for foreach() /home/hireabox/crm/application/controllers/Notification.php 47
ERROR - 2019-08-24 10:17:33 --> Severity: Warning --> count(): Parameter must be an array or an object that implements Countable /home/hireabox/crm/application/controllers/Notification.php 68
ERROR - 2019-08-24 10:17:53 --> Severity: Warning --> count(): Parameter must be an array or an object that implements Countable /home/hireabox/crm/application/controllers/Notification.php 37
ERROR - 2019-08-24 10:17:53 --> Severity: Warning --> count(): Parameter must be an array or an object that implements Countable /home/hireabox/crm/application/controllers/Notification.php 42
ERROR - 2019-08-24 10:17:53 --> Severity: Warning --> Invalid argument supplied for foreach() /home/hireabox/crm/application/controllers/Notification.php 47
ERROR - 2019-08-24 10:17:53 --> Severity: Warning --> count(): Parameter must be an array or an object that implements Countable /home/hireabox/crm/application/controllers/Notification.php 68
ERROR - 2019-08-24 10:18:13 --> Severity: Warning --> count(): Parameter must be an array or an object that implements Countable /home/hireabox/crm/application/controllers/Notification.php 37
ERROR - 2019-08-24 10:18:13 --> Severity: Warning --> count(): Parameter must be an array or an object that implements Countable /home/hireabox/crm/application/controllers/Notification.php 42
ERROR - 2019-08-24 10:18:13 --> Severity: Warning --> Invalid argument supplied for foreach() /home/hireabox/crm/application/controllers/Notification.php 47
ERROR - 2019-08-24 10:18:13 --> Severity: Warning --> count(): Parameter must be an array or an object that implements Countable /home/hireabox/crm/application/controllers/Notification.php 68
ERROR - 2019-08-24 10:18:32 --> Severity: Warning --> count(): Parameter must be an array or an object that implements Countable /home/hireabox/crm/application/controllers/Notification.php 37
ERROR - 2019-08-24 10:18:32 --> Severity: Warning --> count(): Parameter must be an array or an object that implements Countable /home/hireabox/crm/application/controllers/Notification.php 42
ERROR - 2019-08-24 10:18:32 --> Severity: Warning --> Invalid argument supplied for foreach() /home/hireabox/crm/application/controllers/Notification.php 47
ERROR - 2019-08-24 10:18:32 --> Severity: Warning --> count(): Parameter must be an array or an object that implements Countable /home/hireabox/crm/application/controllers/Notification.php 68
ERROR - 2019-08-24 10:19:00 --> Severity: Warning --> count(): Parameter must be an array or an object that implements Countable /home/hireabox/crm/application/controllers/Notification.php 37
ERROR - 2019-08-24 10:19:00 --> Severity: Warning --> count(): Parameter must be an array or an object that implements Countable /home/hireabox/crm/application/controllers/Notification.php 42
ERROR - 2019-08-24 10:19:00 --> Severity: Warning --> Invalid argument supplied for foreach() /home/hireabox/crm/application/controllers/Notification.php 47
ERROR - 2019-08-24 10:19:00 --> Severity: Warning --> count(): Parameter must be an array or an object that implements Countable /home/hireabox/crm/application/controllers/Notification.php 68
ERROR - 2019-08-24 10:19:12 --> Severity: Warning --> count(): Parameter must be an array or an object that implements Countable /home/hireabox/crm/application/controllers/Notification.php 37
ERROR - 2019-08-24 10:19:12 --> Severity: Warning --> count(): Parameter must be an array or an object that implements Countable /home/hireabox/crm/application/controllers/Notification.php 42
ERROR - 2019-08-24 10:19:12 --> Severity: Warning --> Invalid argument supplied for foreach() /home/hireabox/crm/application/controllers/Notification.php 47
ERROR - 2019-08-24 10:19:12 --> Severity: Warning --> count(): Parameter must be an array or an object that implements Countable /home/hireabox/crm/application/controllers/Notification.php 68
ERROR - 2019-08-24 10:20:23 --> Severity: Warning --> count(): Parameter must be an array or an object that implements Countable /home/hireabox/crm/application/controllers/Notification.php 37
ERROR - 2019-08-24 10:20:23 --> Severity: Warning --> count(): Parameter must be an array or an object that implements Countable /home/hireabox/crm/application/controllers/Notification.php 42
ERROR - 2019-08-24 10:20:23 --> Severity: Warning --> Invalid argument supplied for foreach() /home/hireabox/crm/application/controllers/Notification.php 47
ERROR - 2019-08-24 10:20:23 --> Severity: Warning --> count(): Parameter must be an array or an object that implements Countable /home/hireabox/crm/application/controllers/Notification.php 68
ERROR - 2019-08-24 10:20:23 --> Severity: Warning --> count(): Parameter must be an array or an object that implements Countable /home/hireabox/crm/application/controllers/Notification.php 37
ERROR - 2019-08-24 10:20:23 --> Severity: Warning --> count(): Parameter must be an array or an object that implements Countable /home/hireabox/crm/application/controllers/Notification.php 42
ERROR - 2019-08-24 10:20:23 --> Severity: Warning --> Invalid argument supplied for foreach() /home/hireabox/crm/application/controllers/Notification.php 47
ERROR - 2019-08-24 10:20:23 --> Severity: Warning --> count(): Parameter must be an array or an object that implements Countable /home/hireabox/crm/application/controllers/Notification.php 68
ERROR - 2019-08-24 10:20:23 --> Severity: Warning --> count(): Parameter must be an array or an object that implements Countable /home/hireabox/crm/application/controllers/Notification.php 37
ERROR - 2019-08-24 10:20:23 --> Severity: Warning --> count(): Parameter must be an array or an object that implements Countable /home/hireabox/crm/application/controllers/Notification.php 42
ERROR - 2019-08-24 10:20:23 --> Severity: Warning --> Invalid argument supplied for foreach() /home/hireabox/crm/application/controllers/Notification.php 47
ERROR - 2019-08-24 10:20:23 --> Severity: Warning --> count(): Parameter must be an array or an object that implements Countable /home/hireabox/crm/application/controllers/Notification.php 68
ERROR - 2019-08-24 10:20:32 --> Severity: Warning --> count(): Parameter must be an array or an object that implements Countable /home/hireabox/crm/application/controllers/Notification.php 37
ERROR - 2019-08-24 10:20:32 --> Severity: Warning --> count(): Parameter must be an array or an object that implements Countable /home/hireabox/crm/application/controllers/Notification.php 42
ERROR - 2019-08-24 10:20:32 --> Severity: Warning --> Invalid argument supplied for foreach() /home/hireabox/crm/application/controllers/Notification.php 47
ERROR - 2019-08-24 10:20:32 --> Severity: Warning --> count(): Parameter must be an array or an object that implements Countable /home/hireabox/crm/application/controllers/Notification.php 68
ERROR - 2019-08-24 10:24:43 --> Severity: Warning --> count(): Parameter must be an array or an object that implements Countable /home/hireabox/crm/application/models/Enquiry_model.php 758
ERROR - 2019-08-24 10:24:43 --> Severity: Warning --> array_diff(): Argument #2 is not an array /home/hireabox/crm/application/models/Enquiry_model.php 759
ERROR - 2019-08-24 10:24:43 --> Severity: Warning --> Invalid argument supplied for foreach() /home/hireabox/crm/application/models/Enquiry_model.php 760
ERROR - 2019-08-24 10:24:43 --> Severity: Warning --> count(): Parameter must be an array or an object that implements Countable /home/hireabox/crm/application/models/Enquiry_model.php 768
ERROR - 2019-08-24 11:04:08 --> 404 Page Not Found: Apple-touch-icon-120x120-precomposedpng/index
ERROR - 2019-08-24 11:04:08 --> 404 Page Not Found: Apple-touch-icon-120x120png/index
ERROR - 2019-08-24 11:04:08 --> 404 Page Not Found: Apple-touch-iconpng/index
ERROR - 2019-08-24 11:04:08 --> 404 Page Not Found: Apple-touch-iconpng/index
ERROR - 2019-08-24 11:04:10 --> Severity: Warning --> Invalid argument supplied for foreach() /home/hireabox/crm/application/views/edit_enquiries_view.php 267
ERROR - 2019-08-24 11:04:10 --> Severity: Warning --> Invalid argument supplied for foreach() /home/hireabox/crm/application/views/edit_enquiries_view.php 349
ERROR - 2019-08-24 11:04:19 --> Severity: Warning --> Invalid argument supplied for foreach() /home/hireabox/crm/application/views/edit_booking_view.php 323
ERROR - 2019-08-24 11:04:19 --> Severity: Warning --> Invalid argument supplied for foreach() /home/hireabox/crm/application/views/edit_booking_view.php 407
ERROR - 2019-08-24 11:04:26 --> Severity: Warning --> Invalid argument supplied for foreach() /home/hireabox/crm/application/views/enquiries_notes_view.php 10
ERROR - 2019-08-24 11:05:17 --> 404 Page Not Found: Apple-touch-icon-120x120-precomposedpng/index
ERROR - 2019-08-24 11:05:17 --> 404 Page Not Found: Apple-touch-icon-120x120png/index
ERROR - 2019-08-24 11:05:17 --> 404 Page Not Found: Apple-touch-iconpng/index
ERROR - 2019-08-24 11:05:17 --> 404 Page Not Found: Apple-touch-iconpng/index
ERROR - 2019-08-24 11:05:19 --> Severity: Warning --> Invalid argument supplied for foreach() /home/hireabox/crm/application/controllers/Enquiries.php 1064
ERROR - 2019-08-24 11:05:41 --> 404 Page Not Found: Apple-touch-icon-120x120-precomposedpng/index
ERROR - 2019-08-24 11:05:41 --> 404 Page Not Found: Apple-touch-icon-120x120png/index
ERROR - 2019-08-24 11:05:41 --> 404 Page Not Found: Apple-touch-iconpng/index
ERROR - 2019-08-24 11:05:41 --> 404 Page Not Found: Apple-touch-iconpng/index
ERROR - 2019-08-24 11:06:44 --> 404 Page Not Found: Apple-touch-icon-120x120-precomposedpng/index
ERROR - 2019-08-24 11:06:44 --> 404 Page Not Found: Apple-touch-icon-120x120png/index
ERROR - 2019-08-24 11:06:44 --> 404 Page Not Found: Apple-touch-iconpng/index
ERROR - 2019-08-24 11:06:44 --> 404 Page Not Found: Apple-touch-iconpng/index
ERROR - 2019-08-24 12:15:34 --> 404 Page Not Found: Apple-touch-icon-120x120-precomposedpng/index
ERROR - 2019-08-24 12:15:34 --> 404 Page Not Found: Apple-touch-icon-120x120png/index
ERROR - 2019-08-24 12:15:34 --> 404 Page Not Found: Apple-touch-iconpng/index
ERROR - 2019-08-24 12:15:34 --> 404 Page Not Found: Apple-touch-iconpng/index
ERROR - 2019-08-24 12:15:35 --> 404 Page Not Found: Apple-touch-icon-120x120-precomposedpng/index
ERROR - 2019-08-24 12:15:35 --> 404 Page Not Found: Apple-touch-icon-120x120png/index
ERROR - 2019-08-24 12:15:35 --> 404 Page Not Found: Apple-touch-iconpng/index
ERROR - 2019-08-24 12:15:35 --> 404 Page Not Found: Apple-touch-iconpng/index
ERROR - 2019-08-24 12:32:55 --> 404 Page Not Found: Apple-touch-icon-120x120-precomposedpng/index
ERROR - 2019-08-24 12:32:55 --> 404 Page Not Found: Apple-touch-icon-120x120png/index
ERROR - 2019-08-24 12:32:55 --> 404 Page Not Found: Apple-touch-iconpng/index
ERROR - 2019-08-24 12:32:55 --> 404 Page Not Found: Apple-touch-iconpng/index
ERROR - 2019-08-24 12:33:05 --> Severity: Warning --> Invalid argument supplied for foreach() /home/hireabox/crm/application/views/edit_enquiries_view.php 267
ERROR - 2019-08-24 12:33:05 --> Severity: Warning --> Invalid argument supplied for foreach() /home/hireabox/crm/application/views/edit_enquiries_view.php 349
ERROR - 2019-08-24 12:33:07 --> 404 Page Not Found: Apple-touch-icon-120x120-precomposedpng/index
ERROR - 2019-08-24 12:33:07 --> 404 Page Not Found: Apple-touch-icon-120x120png/index
ERROR - 2019-08-24 12:33:07 --> 404 Page Not Found: Apple-touch-iconpng/index
ERROR - 2019-08-24 12:33:07 --> 404 Page Not Found: Apple-touch-iconpng/index
ERROR - 2019-08-24 13:28:15 --> Severity: Warning --> count(): Parameter must be an array or an object that implements Countable /home/hireabox/crm/application/models/Enquiry_model.php 159
ERROR - 2019-08-24 13:28:15 --> Severity: Warning --> count(): Parameter must be an array or an object that implements Countable /home/hireabox/crm/application/models/Enquiry_model.php 169
ERROR - 2019-08-24 13:28:49 --> 404 Page Not Found: Apple-touch-icon-120x120-precomposedpng/index
ERROR - 2019-08-24 13:28:49 --> 404 Page Not Found: Apple-touch-icon-120x120png/index
ERROR - 2019-08-24 13:28:49 --> 404 Page Not Found: Apple-touch-iconpng/index
ERROR - 2019-08-24 13:28:49 --> 404 Page Not Found: Apple-touch-iconpng/index
ERROR - 2019-08-24 13:33:35 --> 404 Page Not Found: 
ERROR - 2019-08-24 13:34:58 --> 404 Page Not Found: Apple-touch-icon-120x120-precomposedpng/index
ERROR - 2019-08-24 13:34:58 --> 404 Page Not Found: Apple-touch-icon-120x120png/index
ERROR - 2019-08-24 13:34:58 --> 404 Page Not Found: Apple-touch-iconpng/index
ERROR - 2019-08-24 13:34:58 --> 404 Page Not Found: Apple-touch-iconpng/index
ERROR - 2019-08-24 14:09:53 --> Severity: Warning --> count(): Parameter must be an array or an object that implements Countable /home/hireabox/crm/application/models/Enquiry_model.php 159
ERROR - 2019-08-24 14:09:53 --> Severity: Warning --> count(): Parameter must be an array or an object that implements Countable /home/hireabox/crm/application/models/Enquiry_model.php 169
ERROR - 2019-08-24 14:46:30 --> 404 Page Not Found: Apple-touch-icon-120x120-precomposedpng/index
ERROR - 2019-08-24 14:46:30 --> 404 Page Not Found: Apple-touch-icon-120x120png/index
ERROR - 2019-08-24 14:46:31 --> 404 Page Not Found: Apple-touch-iconpng/index
ERROR - 2019-08-24 14:46:31 --> 404 Page Not Found: Apple-touch-iconpng/index
ERROR - 2019-08-24 14:47:44 --> Severity: Warning --> count(): Parameter must be an array or an object that implements Countable /home/hireabox/crm/application/models/Enquiry_model.php 159
ERROR - 2019-08-24 14:47:44 --> Severity: Warning --> count(): Parameter must be an array or an object that implements Countable /home/hireabox/crm/application/models/Enquiry_model.php 169
ERROR - 2019-08-24 14:48:18 --> 404 Page Not Found: Apple-touch-icon-120x120-precomposedpng/index
ERROR - 2019-08-24 14:48:19 --> 404 Page Not Found: Apple-touch-icon-120x120png/index
ERROR - 2019-08-24 14:48:19 --> 404 Page Not Found: Apple-touch-iconpng/index
ERROR - 2019-08-24 14:48:19 --> 404 Page Not Found: Apple-touch-iconpng/index
ERROR - 2019-08-24 15:15:08 --> 404 Page Not Found: Apple-touch-icon-120x120-precomposedpng/index
ERROR - 2019-08-24 15:15:08 --> 404 Page Not Found: Apple-touch-icon-120x120png/index
ERROR - 2019-08-24 15:15:08 --> 404 Page Not Found: Apple-touch-iconpng/index
ERROR - 2019-08-24 15:15:09 --> 404 Page Not Found: Apple-touch-iconpng/index
ERROR - 2019-08-24 15:33:54 --> Severity: Warning --> count(): Parameter must be an array or an object that implements Countable /home/hireabox/crm/application/models/Enquiry_model.php 159
ERROR - 2019-08-24 15:33:54 --> Severity: Warning --> count(): Parameter must be an array or an object that implements Countable /home/hireabox/crm/application/models/Enquiry_model.php 169
ERROR - 2019-08-24 16:00:26 --> Severity: Warning --> count(): Parameter must be an array or an object that implements Countable /home/hireabox/crm/application/models/Enquiry_model.php 758
ERROR - 2019-08-24 16:00:26 --> Severity: Warning --> count(): Parameter must be an array or an object that implements Countable /home/hireabox/crm/application/models/Enquiry_model.php 768
ERROR - 2019-08-24 16:18:08 --> Severity: Warning --> Illegal string offset 'ID' /home/hireabox/crm/application/third_party/mpdf/classes/cssmgr.php 1136
ERROR - 2019-08-24 16:18:08 --> Severity: Warning --> Cannot assign an empty string to a string offset /home/hireabox/crm/application/third_party/mpdf/classes/cssmgr.php 1136
ERROR - 2019-08-24 16:18:08 --> Severity: Warning --> Illegal string offset 'LANG' /home/hireabox/crm/application/third_party/mpdf/classes/cssmgr.php 1139
ERROR - 2019-08-24 16:18:08 --> Severity: Warning --> Cannot assign an empty string to a string offset /home/hireabox/crm/application/third_party/mpdf/classes/cssmgr.php 1139
ERROR - 2019-08-24 16:18:08 --> Severity: Warning --> Illegal string offset 'ID' /home/hireabox/crm/application/third_party/mpdf/classes/cssmgr.php 1190
ERROR - 2019-08-24 16:18:08 --> Severity: Warning --> Illegal string offset 'LANG' /home/hireabox/crm/application/third_party/mpdf/classes/cssmgr.php 1190
ERROR - 2019-08-24 16:18:08 --> Severity: Warning --> Illegal string offset 'ID' /home/hireabox/crm/application/third_party/mpdf/classes/cssmgr.php 1136
ERROR - 2019-08-24 16:18:08 --> Severity: Warning --> Cannot assign an empty string to a string offset /home/hireabox/crm/application/third_party/mpdf/classes/cssmgr.php 1136
ERROR - 2019-08-24 16:18:08 --> Severity: Warning --> Illegal string offset 'LANG' /home/hireabox/crm/application/third_party/mpdf/classes/cssmgr.php 1139
ERROR - 2019-08-24 16:18:08 --> Severity: Warning --> Cannot assign an empty string to a string offset /home/hireabox/crm/application/third_party/mpdf/classes/cssmgr.php 1139
ERROR - 2019-08-24 16:18:08 --> Severity: Warning --> Illegal string offset 'ID' /home/hireabox/crm/application/third_party/mpdf/classes/cssmgr.php 1190
ERROR - 2019-08-24 16:18:08 --> Severity: Warning --> Illegal string offset 'LANG' /home/hireabox/crm/application/third_party/mpdf/classes/cssmgr.php 1190
ERROR - 2019-08-24 16:18:08 --> Severity: Warning --> A non-numeric value encountered /home/hireabox/crm/application/third_party/mpdf/mpdf.php 31965
ERROR - 2019-08-24 16:18:08 --> Severity: Warning --> A non-numeric value encountered /home/hireabox/crm/application/third_party/mpdf/mpdf.php 31965
ERROR - 2019-08-24 16:18:08 --> Severity: Warning --> A non-numeric value encountered /home/hireabox/crm/application/third_party/mpdf/mpdf.php 31965
ERROR - 2019-08-24 16:18:08 --> Severity: Warning --> A non-numeric value encountered /home/hireabox/crm/application/third_party/mpdf/mpdf.php 31965
ERROR - 2019-08-24 16:18:08 --> Severity: Warning --> count(): Parameter must be an array or an object that implements Countable /home/hireabox/crm/application/third_party/mpdf/classes/otl.php 5377
ERROR - 2019-08-24 16:18:17 --> Severity: Warning --> count(): Parameter must be an array or an object that implements Countable /home/hireabox/crm/application/controllers/Notification.php 37
ERROR - 2019-08-24 16:18:17 --> Severity: Warning --> count(): Parameter must be an array or an object that implements Countable /home/hireabox/crm/application/controllers/Notification.php 42
ERROR - 2019-08-24 16:18:17 --> Severity: Warning --> Invalid argument supplied for foreach() /home/hireabox/crm/application/controllers/Notification.php 47
ERROR - 2019-08-24 16:18:17 --> Severity: Warning --> count(): Parameter must be an array or an object that implements Countable /home/hireabox/crm/application/controllers/Notification.php 68
ERROR - 2019-08-24 16:18:37 --> Severity: Warning --> count(): Parameter must be an array or an object that implements Countable /home/hireabox/crm/application/controllers/Notification.php 37
ERROR - 2019-08-24 16:18:37 --> Severity: Warning --> count(): Parameter must be an array or an object that implements Countable /home/hireabox/crm/application/controllers/Notification.php 42
ERROR - 2019-08-24 16:18:37 --> Severity: Warning --> Invalid argument supplied for foreach() /home/hireabox/crm/application/controllers/Notification.php 47
ERROR - 2019-08-24 16:18:37 --> Severity: Warning --> count(): Parameter must be an array or an object that implements Countable /home/hireabox/crm/application/controllers/Notification.php 68
ERROR - 2019-08-24 16:18:57 --> Severity: Warning --> count(): Parameter must be an array or an object that implements Countable /home/hireabox/crm/application/controllers/Notification.php 37
ERROR - 2019-08-24 16:18:57 --> Severity: Warning --> count(): Parameter must be an array or an object that implements Countable /home/hireabox/crm/application/controllers/Notification.php 42
ERROR - 2019-08-24 16:18:57 --> Severity: Warning --> Invalid argument supplied for foreach() /home/hireabox/crm/application/controllers/Notification.php 47
ERROR - 2019-08-24 16:18:57 --> Severity: Warning --> count(): Parameter must be an array or an object that implements Countable /home/hireabox/crm/application/controllers/Notification.php 68
ERROR - 2019-08-24 16:19:26 --> Severity: Warning --> count(): Parameter must be an array or an object that implements Countable /home/hireabox/crm/application/controllers/Notification.php 37
ERROR - 2019-08-24 16:19:26 --> Severity: Warning --> count(): Parameter must be an array or an object that implements Countable /home/hireabox/crm/application/controllers/Notification.php 42
ERROR - 2019-08-24 16:19:26 --> Severity: Warning --> Invalid argument supplied for foreach() /home/hireabox/crm/application/controllers/Notification.php 47
ERROR - 2019-08-24 16:19:26 --> Severity: Warning --> count(): Parameter must be an array or an object that implements Countable /home/hireabox/crm/application/controllers/Notification.php 68
ERROR - 2019-08-24 16:19:46 --> Severity: Warning --> count(): Parameter must be an array or an object that implements Countable /home/hireabox/crm/application/controllers/Notification.php 37
ERROR - 2019-08-24 16:19:46 --> Severity: Warning --> count(): Parameter must be an array or an object that implements Countable /home/hireabox/crm/application/controllers/Notification.php 42
ERROR - 2019-08-24 16:19:46 --> Severity: Warning --> Invalid argument supplied for foreach() /home/hireabox/crm/application/controllers/Notification.php 47
ERROR - 2019-08-24 16:19:46 --> Severity: Warning --> count(): Parameter must be an array or an object that implements Countable /home/hireabox/crm/application/controllers/Notification.php 68
ERROR - 2019-08-24 16:29:16 --> Severity: Warning --> count(): Parameter must be an array or an object that implements Countable /home/hireabox/crm/application/controllers/Notification.php 37
ERROR - 2019-08-24 16:29:16 --> Severity: Warning --> count(): Parameter must be an array or an object that implements Countable /home/hireabox/crm/application/controllers/Notification.php 42
ERROR - 2019-08-24 16:29:16 --> Severity: Warning --> Invalid argument supplied for foreach() /home/hireabox/crm/application/controllers/Notification.php 47
ERROR - 2019-08-24 16:29:16 --> Severity: Warning --> count(): Parameter must be an array or an object that implements Countable /home/hireabox/crm/application/controllers/Notification.php 68
ERROR - 2019-08-24 16:29:36 --> Severity: Warning --> count(): Parameter must be an array or an object that implements Countable /home/hireabox/crm/application/controllers/Notification.php 37
ERROR - 2019-08-24 16:29:36 --> Severity: Warning --> count(): Parameter must be an array or an object that implements Countable /home/hireabox/crm/application/controllers/Notification.php 42
ERROR - 2019-08-24 16:29:36 --> Severity: Warning --> Invalid argument supplied for foreach() /home/hireabox/crm/application/controllers/Notification.php 47
ERROR - 2019-08-24 16:29:36 --> Severity: Warning --> count(): Parameter must be an array or an object that implements Countable /home/hireabox/crm/application/controllers/Notification.php 68
ERROR - 2019-08-24 16:30:04 --> Severity: Warning --> count(): Parameter must be an array or an object that implements Countable /home/hireabox/crm/application/controllers/Notification.php 37
ERROR - 2019-08-24 16:30:04 --> Severity: Warning --> count(): Parameter must be an array or an object that implements Countable /home/hireabox/crm/application/controllers/Notification.php 42
ERROR - 2019-08-24 16:30:04 --> Severity: Warning --> Invalid argument supplied for foreach() /home/hireabox/crm/application/controllers/Notification.php 47
ERROR - 2019-08-24 16:30:04 --> Severity: Warning --> count(): Parameter must be an array or an object that implements Countable /home/hireabox/crm/application/controllers/Notification.php 68
ERROR - 2019-08-24 16:32:48 --> Severity: Warning --> count(): Parameter must be an array or an object that implements Countable /home/hireabox/crm/application/controllers/Notification.php 37
ERROR - 2019-08-24 16:32:48 --> Severity: Warning --> count(): Parameter must be an array or an object that implements Countable /home/hireabox/crm/application/controllers/Notification.php 42
ERROR - 2019-08-24 16:32:48 --> Severity: Warning --> Invalid argument supplied for foreach() /home/hireabox/crm/application/controllers/Notification.php 47
ERROR - 2019-08-24 16:32:48 --> Severity: Warning --> count(): Parameter must be an array or an object that implements Countable /home/hireabox/crm/application/controllers/Notification.php 68
ERROR - 2019-08-24 16:33:02 --> Severity: Warning --> count(): Parameter must be an array or an object that implements Countable /home/hireabox/crm/application/controllers/Notification.php 37
ERROR - 2019-08-24 16:33:02 --> Severity: Warning --> count(): Parameter must be an array or an object that implements Countable /home/hireabox/crm/application/controllers/Notification.php 42
ERROR - 2019-08-24 16:33:02 --> Severity: Warning --> Invalid argument supplied for foreach() /home/hireabox/crm/application/controllers/Notification.php 47
ERROR - 2019-08-24 16:33:02 --> Severity: Warning --> count(): Parameter must be an array or an object that implements Countable /home/hireabox/crm/application/controllers/Notification.php 68
ERROR - 2019-08-24 16:35:16 --> Severity: Warning --> count(): Parameter must be an array or an object that implements Countable /home/hireabox/crm/application/controllers/Notification.php 37
ERROR - 2019-08-24 16:35:16 --> Severity: Warning --> count(): Parameter must be an array or an object that implements Countable /home/hireabox/crm/application/controllers/Notification.php 42
ERROR - 2019-08-24 16:35:16 --> Severity: Warning --> Invalid argument supplied for foreach() /home/hireabox/crm/application/controllers/Notification.php 47
ERROR - 2019-08-24 16:35:16 --> Severity: Warning --> count(): Parameter must be an array or an object that implements Countable /home/hireabox/crm/application/controllers/Notification.php 68
ERROR - 2019-08-24 16:42:44 --> Severity: Warning --> count(): Parameter must be an array or an object that implements Countable /home/hireabox/crm/application/controllers/Notification.php 37
ERROR - 2019-08-24 16:42:44 --> Severity: Warning --> count(): Parameter must be an array or an object that implements Countable /home/hireabox/crm/application/controllers/Notification.php 42
ERROR - 2019-08-24 16:42:44 --> Severity: Warning --> Invalid argument supplied for foreach() /home/hireabox/crm/application/controllers/Notification.php 47
ERROR - 2019-08-24 16:42:44 --> Severity: Warning --> count(): Parameter must be an array or an object that implements Countable /home/hireabox/crm/application/controllers/Notification.php 68
ERROR - 2019-08-24 16:54:51 --> Severity: Warning --> count(): Parameter must be an array or an object that implements Countable /home/hireabox/crm/application/controllers/Notification.php 37
ERROR - 2019-08-24 16:54:51 --> Severity: Warning --> count(): Parameter must be an array or an object that implements Countable /home/hireabox/crm/application/controllers/Notification.php 42
ERROR - 2019-08-24 16:54:51 --> Severity: Warning --> Invalid argument supplied for foreach() /home/hireabox/crm/application/controllers/Notification.php 47
ERROR - 2019-08-24 16:54:51 --> Severity: Warning --> count(): Parameter must be an array or an object that implements Countable /home/hireabox/crm/application/controllers/Notification.php 68
ERROR - 2019-08-24 17:04:05 --> Severity: Warning --> count(): Parameter must be an array or an object that implements Countable /home/hireabox/crm/application/controllers/Notification.php 37
ERROR - 2019-08-24 17:04:05 --> Severity: Warning --> count(): Parameter must be an array or an object that implements Countable /home/hireabox/crm/application/controllers/Notification.php 42
ERROR - 2019-08-24 17:04:05 --> Severity: Warning --> Invalid argument supplied for foreach() /home/hireabox/crm/application/controllers/Notification.php 47
ERROR - 2019-08-24 17:04:05 --> Severity: Warning --> count(): Parameter must be an array or an object that implements Countable /home/hireabox/crm/application/controllers/Notification.php 68
ERROR - 2019-08-24 17:07:37 --> Severity: Warning --> count(): Parameter must be an array or an object that implements Countable /home/hireabox/crm/application/controllers/Notification.php 37
ERROR - 2019-08-24 17:07:37 --> Severity: Warning --> count(): Parameter must be an array or an object that implements Countable /home/hireabox/crm/application/controllers/Notification.php 42
ERROR - 2019-08-24 17:07:37 --> Severity: Warning --> Invalid argument supplied for foreach() /home/hireabox/crm/application/controllers/Notification.php 47
ERROR - 2019-08-24 17:07:37 --> Severity: Warning --> count(): Parameter must be an array or an object that implements Countable /home/hireabox/crm/application/controllers/Notification.php 68
ERROR - 2019-08-24 17:07:57 --> Severity: Warning --> count(): Parameter must be an array or an object that implements Countable /home/hireabox/crm/application/controllers/Notification.php 37
ERROR - 2019-08-24 17:07:57 --> Severity: Warning --> count(): Parameter must be an array or an object that implements Countable /home/hireabox/crm/application/controllers/Notification.php 42
ERROR - 2019-08-24 17:07:57 --> Severity: Warning --> Invalid argument supplied for foreach() /home/hireabox/crm/application/controllers/Notification.php 47
ERROR - 2019-08-24 17:07:57 --> Severity: Warning --> count(): Parameter must be an array or an object that implements Countable /home/hireabox/crm/application/controllers/Notification.php 68
ERROR - 2019-08-24 17:10:48 --> Severity: Warning --> count(): Parameter must be an array or an object that implements Countable /home/hireabox/crm/application/controllers/Notification.php 37
ERROR - 2019-08-24 17:10:48 --> Severity: Warning --> count(): Parameter must be an array or an object that implements Countable /home/hireabox/crm/application/controllers/Notification.php 42
ERROR - 2019-08-24 17:10:48 --> Severity: Warning --> Invalid argument supplied for foreach() /home/hireabox/crm/application/controllers/Notification.php 47
ERROR - 2019-08-24 17:10:48 --> Severity: Warning --> count(): Parameter must be an array or an object that implements Countable /home/hireabox/crm/application/controllers/Notification.php 68
ERROR - 2019-08-24 17:20:06 --> Severity: Warning --> count(): Parameter must be an array or an object that implements Countable /home/hireabox/crm/application/controllers/Notification.php 37
ERROR - 2019-08-24 17:20:06 --> Severity: Warning --> count(): Parameter must be an array or an object that implements Countable /home/hireabox/crm/application/controllers/Notification.php 42
ERROR - 2019-08-24 17:20:06 --> Severity: Warning --> Invalid argument supplied for foreach() /home/hireabox/crm/application/controllers/Notification.php 47
ERROR - 2019-08-24 17:20:06 --> Severity: Warning --> count(): Parameter must be an array or an object that implements Countable /home/hireabox/crm/application/controllers/Notification.php 68
ERROR - 2019-08-24 17:26:53 --> Severity: Warning --> count(): Parameter must be an array or an object that implements Countable /home/hireabox/crm/application/controllers/Notification.php 37
ERROR - 2019-08-24 17:26:53 --> Severity: Warning --> count(): Parameter must be an array or an object that implements Countable /home/hireabox/crm/application/controllers/Notification.php 42
ERROR - 2019-08-24 17:26:53 --> Severity: Warning --> Invalid argument supplied for foreach() /home/hireabox/crm/application/controllers/Notification.php 47
ERROR - 2019-08-24 17:26:53 --> Severity: Warning --> count(): Parameter must be an array or an object that implements Countable /home/hireabox/crm/application/controllers/Notification.php 68
ERROR - 2019-08-24 17:30:36 --> Severity: Warning --> count(): Parameter must be an array or an object that implements Countable /home/hireabox/crm/application/models/Enquiry_model.php 758
ERROR - 2019-08-24 17:30:36 --> Severity: Warning --> count(): Parameter must be an array or an object that implements Countable /home/hireabox/crm/application/models/Enquiry_model.php 768
ERROR - 2019-08-24 17:32:17 --> Severity: Warning --> count(): Parameter must be an array or an object that implements Countable /home/hireabox/crm/application/controllers/Notification.php 37
ERROR - 2019-08-24 17:32:17 --> Severity: Warning --> count(): Parameter must be an array or an object that implements Countable /home/hireabox/crm/application/controllers/Notification.php 42
ERROR - 2019-08-24 17:32:17 --> Severity: Warning --> Invalid argument supplied for foreach() /home/hireabox/crm/application/controllers/Notification.php 47
ERROR - 2019-08-24 17:32:17 --> Severity: Warning --> count(): Parameter must be an array or an object that implements Countable /home/hireabox/crm/application/controllers/Notification.php 68
ERROR - 2019-08-24 17:33:32 --> Severity: Warning --> count(): Parameter must be an array or an object that implements Countable /home/hireabox/crm/application/controllers/Notification.php 37
ERROR - 2019-08-24 17:33:32 --> Severity: Warning --> count(): Parameter must be an array or an object that implements Countable /home/hireabox/crm/application/controllers/Notification.php 42
ERROR - 2019-08-24 17:33:32 --> Severity: Warning --> Invalid argument supplied for foreach() /home/hireabox/crm/application/controllers/Notification.php 47
ERROR - 2019-08-24 17:33:32 --> Severity: Warning --> count(): Parameter must be an array or an object that implements Countable /home/hireabox/crm/application/controllers/Notification.php 68
ERROR - 2019-08-24 17:37:23 --> Severity: Warning --> count(): Parameter must be an array or an object that implements Countable /home/hireabox/crm/application/controllers/Notification.php 37
ERROR - 2019-08-24 17:37:23 --> Severity: Warning --> count(): Parameter must be an array or an object that implements Countable /home/hireabox/crm/application/controllers/Notification.php 42
ERROR - 2019-08-24 17:37:23 --> Severity: Warning --> Invalid argument supplied for foreach() /home/hireabox/crm/application/controllers/Notification.php 47
ERROR - 2019-08-24 17:37:23 --> Severity: Warning --> count(): Parameter must be an array or an object that implements Countable /home/hireabox/crm/application/controllers/Notification.php 68
ERROR - 2019-08-24 17:42:01 --> Severity: Warning --> count(): Parameter must be an array or an object that implements Countable /home/hireabox/crm/application/controllers/Notification.php 37
ERROR - 2019-08-24 17:42:01 --> Severity: Warning --> count(): Parameter must be an array or an object that implements Countable /home/hireabox/crm/application/controllers/Notification.php 42
ERROR - 2019-08-24 17:42:01 --> Severity: Warning --> Invalid argument supplied for foreach() /home/hireabox/crm/application/controllers/Notification.php 47
ERROR - 2019-08-24 17:42:01 --> Severity: Warning --> count(): Parameter must be an array or an object that implements Countable /home/hireabox/crm/application/controllers/Notification.php 68
ERROR - 2019-08-24 18:16:18 --> 404 Page Not Found: Apple-touch-icon-120x120-precomposedpng/index
ERROR - 2019-08-24 18:16:18 --> 404 Page Not Found: Apple-touch-icon-120x120png/index
ERROR - 2019-08-24 18:16:18 --> 404 Page Not Found: Apple-touch-iconpng/index
ERROR - 2019-08-24 18:16:18 --> 404 Page Not Found: Apple-touch-iconpng/index
ERROR - 2019-08-24 18:23:39 --> Severity: Warning --> count(): Parameter must be an array or an object that implements Countable /home/hireabox/crm/application/models/Enquiry_model.php 758
ERROR - 2019-08-24 18:23:39 --> Severity: Warning --> count(): Parameter must be an array or an object that implements Countable /home/hireabox/crm/application/models/Enquiry_model.php 768
ERROR - 2019-08-24 19:03:28 --> 404 Page Not Found: Apple-touch-icon-120x120-precomposedpng/index
ERROR - 2019-08-24 19:03:28 --> 404 Page Not Found: Apple-touch-icon-120x120png/index
ERROR - 2019-08-24 19:03:28 --> 404 Page Not Found: Apple-touch-iconpng/index
ERROR - 2019-08-24 19:03:28 --> 404 Page Not Found: Apple-touch-iconpng/index
ERROR - 2019-08-24 19:11:38 --> Severity: Warning --> count(): Parameter must be an array or an object that implements Countable /home/hireabox/crm/application/models/Enquiry_model.php 758
ERROR - 2019-08-24 19:11:38 --> Severity: Warning --> count(): Parameter must be an array or an object that implements Countable /home/hireabox/crm/application/models/Enquiry_model.php 768
ERROR - 2019-08-24 19:43:33 --> 404 Page Not Found: Apple-touch-icon-120x120-precomposedpng/index
ERROR - 2019-08-24 19:43:33 --> 404 Page Not Found: Apple-touch-icon-120x120png/index
ERROR - 2019-08-24 19:43:33 --> 404 Page Not Found: Apple-touch-iconpng/index
ERROR - 2019-08-24 19:43:33 --> 404 Page Not Found: Apple-touch-iconpng/index
ERROR - 2019-08-24 19:47:05 --> 404 Page Not Found: Apple-touch-icon-120x120-precomposedpng/index
ERROR - 2019-08-24 19:47:05 --> 404 Page Not Found: Apple-touch-icon-120x120png/index
ERROR - 2019-08-24 19:47:05 --> 404 Page Not Found: Apple-touch-iconpng/index
ERROR - 2019-08-24 19:47:05 --> 404 Page Not Found: Apple-touch-iconpng/index
ERROR - 2019-08-24 19:49:40 --> 404 Page Not Found: Apple-touch-icon-120x120-precomposedpng/index
ERROR - 2019-08-24 19:49:40 --> 404 Page Not Found: Apple-touch-icon-120x120png/index
ERROR - 2019-08-24 19:49:40 --> 404 Page Not Found: Apple-touch-iconpng/index
ERROR - 2019-08-24 19:49:40 --> 404 Page Not Found: Apple-touch-iconpng/index
ERROR - 2019-08-24 19:49:48 --> 404 Page Not Found: Apple-touch-icon-120x120-precomposedpng/index
ERROR - 2019-08-24 19:49:48 --> 404 Page Not Found: Apple-touch-icon-120x120png/index
ERROR - 2019-08-24 19:49:48 --> 404 Page Not Found: Apple-touch-iconpng/index
ERROR - 2019-08-24 19:49:48 --> 404 Page Not Found: Apple-touch-iconpng/index
ERROR - 2019-08-24 19:59:49 --> Severity: Warning --> Invalid argument supplied for foreach() /home/hireabox/crm/application/views/edit_booking_view.php 323
ERROR - 2019-08-24 19:59:49 --> Severity: Warning --> Invalid argument supplied for foreach() /home/hireabox/crm/application/views/edit_booking_view.php 407
ERROR - 2019-08-24 19:59:50 --> 404 Page Not Found: _forms/controls
ERROR - 2019-08-24 20:05:36 --> 404 Page Not Found: Apple-touch-icon-120x120-precomposedpng/index
ERROR - 2019-08-24 20:05:36 --> 404 Page Not Found: Apple-touch-icon-120x120png/index
ERROR - 2019-08-24 20:05:36 --> 404 Page Not Found: Apple-touch-iconpng/index
ERROR - 2019-08-24 20:05:36 --> 404 Page Not Found: Apple-touch-iconpng/index
ERROR - 2019-08-24 20:09:19 --> 404 Page Not Found: Apple-touch-icon-120x120-precomposedpng/index
ERROR - 2019-08-24 20:09:19 --> 404 Page Not Found: Apple-touch-icon-120x120png/index
ERROR - 2019-08-24 20:09:19 --> 404 Page Not Found: Apple-touch-iconpng/index
ERROR - 2019-08-24 20:09:19 --> 404 Page Not Found: Apple-touch-iconpng/index
ERROR - 2019-08-24 20:12:55 --> 404 Page Not Found: Apple-touch-icon-120x120-precomposedpng/index
ERROR - 2019-08-24 20:12:55 --> 404 Page Not Found: Apple-touch-icon-120x120png/index
ERROR - 2019-08-24 20:12:55 --> 404 Page Not Found: Apple-touch-iconpng/index
ERROR - 2019-08-24 20:12:55 --> 404 Page Not Found: Apple-touch-iconpng/index
ERROR - 2019-08-24 20:13:34 --> 404 Page Not Found: Apple-touch-icon-120x120-precomposedpng/index
ERROR - 2019-08-24 20:13:34 --> 404 Page Not Found: Apple-touch-icon-120x120png/index
ERROR - 2019-08-24 20:13:34 --> 404 Page Not Found: Apple-touch-iconpng/index
ERROR - 2019-08-24 20:13:34 --> 404 Page Not Found: Apple-touch-iconpng/index
ERROR - 2019-08-24 20:13:42 --> 404 Page Not Found: Apple-touch-icon-120x120-precomposedpng/index
ERROR - 2019-08-24 20:13:42 --> 404 Page Not Found: Apple-touch-icon-120x120png/index
ERROR - 2019-08-24 20:13:42 --> 404 Page Not Found: Apple-touch-iconpng/index
ERROR - 2019-08-24 20:13:42 --> 404 Page Not Found: Apple-touch-iconpng/index
ERROR - 2019-08-24 20:18:12 --> Severity: Warning --> count(): Parameter must be an array or an object that implements Countable /home/hireabox/crm/application/controllers/Notification.php 37
ERROR - 2019-08-24 20:18:12 --> Severity: Warning --> count(): Parameter must be an array or an object that implements Countable /home/hireabox/crm/application/controllers/Notification.php 42
ERROR - 2019-08-24 20:18:12 --> Severity: Warning --> Invalid argument supplied for foreach() /home/hireabox/crm/application/controllers/Notification.php 47
ERROR - 2019-08-24 20:18:12 --> Severity: Warning --> count(): Parameter must be an array or an object that implements Countable /home/hireabox/crm/application/controllers/Notification.php 68
ERROR - 2019-08-24 20:18:34 --> Severity: Warning --> count(): Parameter must be an array or an object that implements Countable /home/hireabox/crm/application/controllers/Notification.php 37
ERROR - 2019-08-24 20:18:34 --> Severity: Warning --> count(): Parameter must be an array or an object that implements Countable /home/hireabox/crm/application/controllers/Notification.php 42
ERROR - 2019-08-24 20:18:34 --> Severity: Warning --> Invalid argument supplied for foreach() /home/hireabox/crm/application/controllers/Notification.php 47
ERROR - 2019-08-24 20:18:34 --> Severity: Warning --> count(): Parameter must be an array or an object that implements Countable /home/hireabox/crm/application/controllers/Notification.php 68
ERROR - 2019-08-24 20:18:52 --> Severity: Warning --> count(): Parameter must be an array or an object that implements Countable /home/hireabox/crm/application/controllers/Notification.php 37
ERROR - 2019-08-24 20:18:52 --> Severity: Warning --> count(): Parameter must be an array or an object that implements Countable /home/hireabox/crm/application/controllers/Notification.php 42
ERROR - 2019-08-24 20:18:52 --> Severity: Warning --> Invalid argument supplied for foreach() /home/hireabox/crm/application/controllers/Notification.php 47
ERROR - 2019-08-24 20:18:52 --> Severity: Warning --> count(): Parameter must be an array or an object that implements Countable /home/hireabox/crm/application/controllers/Notification.php 68
ERROR - 2019-08-24 20:19:12 --> Severity: Warning --> count(): Parameter must be an array or an object that implements Countable /home/hireabox/crm/application/controllers/Notification.php 37
ERROR - 2019-08-24 20:19:12 --> Severity: Warning --> count(): Parameter must be an array or an object that implements Countable /home/hireabox/crm/application/controllers/Notification.php 42
ERROR - 2019-08-24 20:19:12 --> Severity: Warning --> Invalid argument supplied for foreach() /home/hireabox/crm/application/controllers/Notification.php 47
ERROR - 2019-08-24 20:19:12 --> Severity: Warning --> count(): Parameter must be an array or an object that implements Countable /home/hireabox/crm/application/controllers/Notification.php 68
ERROR - 2019-08-24 20:19:32 --> Severity: Warning --> count(): Parameter must be an array or an object that implements Countable /home/hireabox/crm/application/controllers/Notification.php 37
ERROR - 2019-08-24 20:19:32 --> Severity: Warning --> count(): Parameter must be an array or an object that implements Countable /home/hireabox/crm/application/controllers/Notification.php 42
ERROR - 2019-08-24 20:19:32 --> Severity: Warning --> Invalid argument supplied for foreach() /home/hireabox/crm/application/controllers/Notification.php 47
ERROR - 2019-08-24 20:19:32 --> Severity: Warning --> count(): Parameter must be an array or an object that implements Countable /home/hireabox/crm/application/controllers/Notification.php 68
ERROR - 2019-08-24 20:19:52 --> Severity: Warning --> count(): Parameter must be an array or an object that implements Countable /home/hireabox/crm/application/controllers/Notification.php 37
ERROR - 2019-08-24 20:19:52 --> Severity: Warning --> count(): Parameter must be an array or an object that implements Countable /home/hireabox/crm/application/controllers/Notification.php 42
ERROR - 2019-08-24 20:19:52 --> Severity: Warning --> Invalid argument supplied for foreach() /home/hireabox/crm/application/controllers/Notification.php 47
ERROR - 2019-08-24 20:19:52 --> Severity: Warning --> count(): Parameter must be an array or an object that implements Countable /home/hireabox/crm/application/controllers/Notification.php 68
ERROR - 2019-08-24 20:26:06 --> 404 Page Not Found: Apple-touch-icon-120x120-precomposedpng/index
ERROR - 2019-08-24 20:26:06 --> 404 Page Not Found: Apple-touch-icon-120x120png/index
ERROR - 2019-08-24 20:26:06 --> 404 Page Not Found: Apple-touch-iconpng/index
ERROR - 2019-08-24 20:26:06 --> 404 Page Not Found: Apple-touch-iconpng/index
ERROR - 2019-08-24 20:29:38 --> 404 Page Not Found: Apple-touch-icon-120x120-precomposedpng/index
ERROR - 2019-08-24 20:29:38 --> 404 Page Not Found: Apple-touch-icon-120x120png/index
ERROR - 2019-08-24 20:29:38 --> 404 Page Not Found: Apple-touch-iconpng/index
ERROR - 2019-08-24 20:29:38 --> 404 Page Not Found: Apple-touch-iconpng/index
ERROR - 2019-08-24 20:52:37 --> Severity: Warning --> count(): Parameter must be an array or an object that implements Countable /home/hireabox/crm/application/models/Enquiry_model.php 758
ERROR - 2019-08-24 20:52:37 --> Severity: Warning --> count(): Parameter must be an array or an object that implements Countable /home/hireabox/crm/application/models/Enquiry_model.php 768
ERROR - 2019-08-24 21:28:36 --> Severity: Warning --> count(): Parameter must be an array or an object that implements Countable /home/hireabox/crm/application/controllers/Notification.php 37
ERROR - 2019-08-24 21:28:36 --> Severity: Warning --> count(): Parameter must be an array or an object that implements Countable /home/hireabox/crm/application/controllers/Notification.php 42
ERROR - 2019-08-24 21:28:36 --> Severity: Warning --> Invalid argument supplied for foreach() /home/hireabox/crm/application/controllers/Notification.php 47
ERROR - 2019-08-24 21:28:36 --> Severity: Warning --> count(): Parameter must be an array or an object that implements Countable /home/hireabox/crm/application/controllers/Notification.php 68
