ERROR - 2019-09-09 13:41:04 --> 404 Page Not Found: Assets/custom
ERROR - 2019-09-09 13:55:19 --> 404 Page Not Found: Assets/custom
ERROR - 2019-09-09 13:55:20 --> 404 Page Not Found: Assets/global
ERROR - 2019-09-09 13:55:20 --> 404 Page Not Found: Assets/custom
ERROR - 2019-09-09 13:55:28 --> 404 Page Not Found: Assets/custom
ERROR - 2019-09-09 13:57:04 --> 404 Page Not Found: Assets/custom
ERROR - 2019-09-09 13:58:08 --> 404 Page Not Found: Assets/custom
ERROR - 2019-09-09 14:04:46 --> 404 Page Not Found: Assets/custom
ERROR - 2019-09-09 14:07:08 --> 404 Page Not Found: Assets/global
ERROR - 2019-09-09 14:07:08 --> 404 Page Not Found: Assets/custom
ERROR - 2019-09-09 14:07:37 --> 404 Page Not Found: Assets/custom
ERROR - 2019-09-09 14:07:39 --> 404 Page Not Found: Assets/custom
ERROR - 2019-09-09 14:15:29 --> 404 Page Not Found: Assets/custom
ERROR - 2019-09-09 14:15:33 --> 404 Page Not Found: Assets/custom
ERROR - 2019-09-09 14:15:56 --> 404 Page Not Found: Assets/custom
ERROR - 2019-09-09 14:20:50 --> 404 Page Not Found: Assets/custom
ERROR - 2019-09-09 14:26:40 --> 404 Page Not Found: Assets/custom
ERROR - 2019-09-09 14:26:45 --> 404 Page Not Found: Assets/custom
ERROR - 2019-09-09 14:28:27 --> 404 Page Not Found: Assets/custom
ERROR - 2019-09-09 17:21:36 --> Severity: error --> Exception: syntax error, unexpected ')', expecting ',' or ';' D:\wamp\www\crm\application\views\enquiries_view.php 393
ERROR - 2019-09-09 17:21:42 --> Severity: error --> Exception: syntax error, unexpected ')', expecting ',' or ';' D:\wamp\www\crm\application\views\enquiries_view.php 393
ERROR - 2019-09-09 17:22:06 --> 404 Page Not Found: Assets/custom
ERROR - 2019-09-09 17:22:26 --> 404 Page Not Found: Assets/custom
ERROR - 2019-09-09 17:22:29 --> 404 Page Not Found: Assets/custom
ERROR - 2019-09-09 17:22:57 --> 404 Page Not Found: Assets/custom
ERROR - 2019-09-09 17:22:57 --> 404 Page Not Found: Assets/custom
ERROR - 2019-09-09 17:23:22 --> 404 Page Not Found: Assets/custom
ERROR - 2019-09-09 17:23:24 --> 404 Page Not Found: Assets/custom
ERROR - 2019-09-09 17:23:49 --> 404 Page Not Found: Assets/custom
ERROR - 2019-09-09 17:23:52 --> 404 Page Not Found: Assets/custom
ERROR - 2019-09-09 17:26:32 --> Severity: error --> Exception: Call to undefined function remove_element() D:\wamp\www\crm\application\controllers\Enquiries.php 71
ERROR - 2019-09-09 17:26:40 --> Severity: error --> Exception: Call to undefined function remove_element() D:\wamp\www\crm\application\controllers\Enquiries.php 71
ERROR - 2019-09-09 17:27:56 --> Severity: error --> Exception: Call to undefined function remove_element() D:\wamp\www\crm\application\controllers\Enquiries.php 71
ERROR - 2019-09-09 18:04:41 --> Severity: error --> Exception: syntax error, unexpected 'unset' (T_UNSET) D:\wamp\www\crm\application\controllers\Enquiries.php 71
ERROR - 2019-09-09 18:05:24 --> Severity: error --> Exception: Cannot unset string offsets D:\wamp\www\crm\application\controllers\Enquiries.php 71
ERROR - 2019-09-09 18:05:42 --> Severity: error --> Exception: Cannot unset string offsets D:\wamp\www\crm\application\controllers\Enquiries.php 71
ERROR - 2019-09-09 18:21:34 --> 404 Page Not Found: Assets/custom
ERROR - 2019-09-09 18:21:38 --> 404 Page Not Found: Assets/custom
ERROR - 2019-09-09 18:26:11 --> 404 Page Not Found: Assets/global
ERROR - 2019-09-09 18:26:11 --> 404 Page Not Found: Assets/custom
ERROR - 2019-09-09 18:27:48 --> 404 Page Not Found: Assets/global
ERROR - 2019-09-09 18:27:48 --> 404 Page Not Found: Assets/custom
ERROR - 2019-09-09 18:32:54 --> 404 Page Not Found: Assets/global
ERROR - 2019-09-09 18:32:54 --> 404 Page Not Found: Assets/custom
ERROR - 2019-09-09 18:33:18 --> 404 Page Not Found: Assets/global
ERROR - 2019-09-09 18:33:18 --> 404 Page Not Found: Assets/custom
ERROR - 2019-09-09 18:33:32 --> 404 Page Not Found: Assets/global
ERROR - 2019-09-09 18:33:32 --> 404 Page Not Found: Assets/custom
ERROR - 2019-09-09 18:34:14 --> 404 Page Not Found: Assets/global
ERROR - 2019-09-09 18:34:15 --> 404 Page Not Found: Assets/custom
ERROR - 2019-09-09 18:34:17 --> Severity: error --> Exception: Call to undefined function lq() D:\wamp\www\crm\application\models\Enquiry_model.php 973
ERROR - 2019-09-09 18:34:41 --> 404 Page Not Found: Assets/global
ERROR - 2019-09-09 18:34:41 --> 404 Page Not Found: Assets/custom
ERROR - 2019-09-09 18:37:06 --> 404 Page Not Found: Assets/global
ERROR - 2019-09-09 18:37:06 --> 404 Page Not Found: Assets/custom
ERROR - 2019-09-09 18:37:17 --> 404 Page Not Found: Assets/global
ERROR - 2019-09-09 18:37:17 --> 404 Page Not Found: Assets/custom
ERROR - 2019-09-09 18:37:51 --> 404 Page Not Found: Assets/global
ERROR - 2019-09-09 18:37:51 --> 404 Page Not Found: Assets/custom
ERROR - 2019-09-09 18:38:01 --> 404 Page Not Found: Assets/global
ERROR - 2019-09-09 18:38:01 --> 404 Page Not Found: Assets/custom
ERROR - 2019-09-09 18:47:01 --> 404 Page Not Found: Assets/global
ERROR - 2019-09-09 18:47:01 --> 404 Page Not Found: Assets/custom
ERROR - 2019-09-09 18:47:19 --> 404 Page Not Found: Assets/global
ERROR - 2019-09-09 18:47:19 --> 404 Page Not Found: Assets/custom
ERROR - 2019-09-09 18:48:44 --> 404 Page Not Found: Assets/global
ERROR - 2019-09-09 18:48:44 --> 404 Page Not Found: Assets/custom
ERROR - 2019-09-09 18:49:02 --> 404 Page Not Found: Assets/global
ERROR - 2019-09-09 18:49:03 --> 404 Page Not Found: Assets/custom
ERROR - 2019-09-09 18:49:28 --> 404 Page Not Found: Assets/global
ERROR - 2019-09-09 18:49:28 --> 404 Page Not Found: Assets/custom
ERROR - 2019-09-09 18:49:58 --> 404 Page Not Found: Assets/global
ERROR - 2019-09-09 18:49:58 --> 404 Page Not Found: Assets/custom
ERROR - 2019-09-09 18:54:54 --> 404 Page Not Found: Assets/global
ERROR - 2019-09-09 18:54:54 --> 404 Page Not Found: Assets/custom
ERROR - 2019-09-09 18:55:32 --> 404 Page Not Found: Assets/global
ERROR - 2019-09-09 18:55:33 --> 404 Page Not Found: Assets/custom
ERROR - 2019-09-09 18:56:01 --> 404 Page Not Found: Assets/global
ERROR - 2019-09-09 18:56:02 --> 404 Page Not Found: Assets/custom
ERROR - 2019-09-09 18:56:18 --> 404 Page Not Found: Assets/global
ERROR - 2019-09-09 18:56:18 --> 404 Page Not Found: Assets/custom
ERROR - 2019-09-09 18:57:51 --> 404 Page Not Found: Assets/global
ERROR - 2019-09-09 18:57:51 --> 404 Page Not Found: Assets/custom
ERROR - 2019-09-09 18:58:24 --> 404 Page Not Found: Assets/global
ERROR - 2019-09-09 18:58:24 --> 404 Page Not Found: Assets/custom
ERROR - 2019-09-09 18:58:32 --> 404 Page Not Found: Assets/global
ERROR - 2019-09-09 18:58:33 --> 404 Page Not Found: Assets/custom
ERROR - 2019-09-09 18:58:43 --> 404 Page Not Found: Assets/global
ERROR - 2019-09-09 18:58:43 --> 404 Page Not Found: Assets/custom
ERROR - 2019-09-09 18:59:48 --> 404 Page Not Found: Assets/global
ERROR - 2019-09-09 18:59:48 --> 404 Page Not Found: Assets/custom
ERROR - 2019-09-09 18:59:56 --> 404 Page Not Found: Assets/global
ERROR - 2019-09-09 18:59:56 --> 404 Page Not Found: Assets/custom
ERROR - 2019-09-09 21:33:50 --> 404 Page Not Found: Assets/custom
ERROR - 2019-09-09 21:33:53 --> 404 Page Not Found: Assets/custom
ERROR - 2019-09-09 22:12:32 --> Query error: Unknown column 'NSW' in 'order clause' - Invalid query: SELECT DISTINCT `State`
FROM `suburb`
WHERE `Enabled` = 1
ORDER BY FIELD (State, NSW)
ERROR - 2019-09-09 22:12:32 --> Severity: error --> Exception: Call to a member function result_array() on boolean D:\wamp\www\crm\application\models\Contact_model.php 93
ERROR - 2019-09-09 22:12:40 --> Severity: error --> Exception: syntax error, unexpected 'NSW' (T_STRING), expecting ',' or ')' D:\wamp\www\crm\application\models\Contact_model.php 90
ERROR - 2019-09-09 22:19:06 --> Query error: Unknown column 'FIELD' in 'order clause' - Invalid query: SELECT DISTINCT `State`
FROM `suburb`
WHERE `Enabled` = 1
ORDER BY `FIELD`
ERROR - 2019-09-09 22:19:06 --> Severity: error --> Exception: Call to a member function result_array() on boolean D:\wamp\www\crm\application\models\Contact_model.php 93
ERROR - 2019-09-09 22:19:38 --> Query error: Unknown column 'FIELD' in 'order clause' - Invalid query: SELECT DISTINCT `State`
FROM `suburb`
WHERE `Enabled` = 1
ORDER BY `FIELD`
ERROR - 2019-09-09 22:19:38 --> Severity: error --> Exception: Call to a member function result_array() on boolean D:\wamp\www\crm\application\models\Contact_model.php 93
ERROR - 2019-09-09 22:19:38 --> Query error: Unknown column 'FIELD' in 'order clause' - Invalid query: SELECT DISTINCT `State`
FROM `suburb`
WHERE `Enabled` = 1
ORDER BY `FIELD`
ERROR - 2019-09-09 22:19:38 --> Severity: error --> Exception: Call to a member function result_array() on boolean D:\wamp\www\crm\application\models\Contact_model.php 93
ERROR - 2019-09-09 22:23:17 --> Query error: Unknown column 'FIELD' in 'order clause' - Invalid query: SELECT DISTINCT `State`
FROM `suburb`
WHERE `Enabled` = 1
ORDER BY `FIELD`, 'NSW', 'SA', 'WA', 'QLD', 'VIC', 'ACT'
ERROR - 2019-09-09 22:23:17 --> Severity: error --> Exception: Call to a member function result_array() on boolean D:\wamp\www\crm\application\models\Contact_model.php 93
