ERROR - 2019-09-23 14:54:46 --> 404 Page Not Found: Assets/custom
ERROR - 2019-09-23 14:55:58 --> 404 Page Not Found: Assets/custom
ERROR - 2019-09-23 14:56:05 --> 404 Page Not Found: Assets/custom
ERROR - 2019-09-23 14:56:45 --> 404 Page Not Found: Assets/custom
ERROR - 2019-09-23 14:56:50 --> 404 Page Not Found: Assets/custom
ERROR - 2019-09-23 15:19:32 --> 404 Page Not Found: Assets/custom
ERROR - 2019-09-23 15:20:20 --> 404 Page Not Found: Assets/custom
ERROR - 2019-09-23 15:20:20 --> 404 Page Not Found: Assets/custom
ERROR - 2019-09-23 15:23:03 --> 404 Page Not Found: Assets/custom
ERROR - 2019-09-23 15:23:11 --> 404 Page Not Found: Assets/custom
ERROR - 2019-09-23 15:29:18 --> 404 Page Not Found: Assets/custom
ERROR - 2019-09-23 15:29:19 --> 404 Page Not Found: Assets/custom
ERROR - 2019-09-23 15:29:53 --> 404 Page Not Found: Assets/custom
ERROR - 2019-09-23 15:29:54 --> 404 Page Not Found: Assets/custom
ERROR - 2019-09-23 15:30:48 --> 404 Page Not Found: Assets/custom
ERROR - 2019-09-23 15:30:50 --> 404 Page Not Found: Assets/custom
ERROR - 2019-09-23 15:53:23 --> 404 Page Not Found: Assets/custom
ERROR - 2019-09-23 15:53:24 --> 404 Page Not Found: Assets/custom
ERROR - 2019-09-23 15:54:12 --> 404 Page Not Found: Assets/custom
ERROR - 2019-09-23 15:54:26 --> 404 Page Not Found: Assets/custom
ERROR - 2019-09-23 15:54:28 --> 404 Page Not Found: Assets/custom
ERROR - 2019-09-23 15:54:59 --> 404 Page Not Found: Assets/custom
ERROR - 2019-09-23 15:55:11 --> 404 Page Not Found: Assets/custom
ERROR - 2019-09-23 15:55:13 --> 404 Page Not Found: Assets/custom
ERROR - 2019-09-23 15:55:31 --> 404 Page Not Found: Assets/custom
ERROR - 2019-09-23 15:55:38 --> 404 Page Not Found: Assets/custom
ERROR - 2019-09-23 15:55:40 --> 404 Page Not Found: Assets/custom
ERROR - 2019-09-23 15:56:05 --> 404 Page Not Found: Assets/custom
ERROR - 2019-09-23 15:57:06 --> 404 Page Not Found: 
ERROR - 2019-09-23 15:57:13 --> 404 Page Not Found: Assets/custom
ERROR - 2019-09-23 15:57:13 --> 404 Page Not Found: Assets/global
ERROR - 2019-09-23 15:57:14 --> Severity: error --> Exception: Cannot use string offset as an array D:\wamp\www\crm\application\models\Enquiry_model.php 514
ERROR - 2019-09-23 15:57:16 --> 404 Page Not Found: Assets/custom
ERROR - 2019-09-23 15:57:16 --> 404 Page Not Found: Assets/custom
ERROR - 2019-09-23 15:57:56 --> 404 Page Not Found: Assets/custom
ERROR - 2019-09-23 15:58:48 --> 404 Page Not Found: Assets/custom
ERROR - 2019-09-23 15:58:50 --> 404 Page Not Found: Assets/custom
ERROR - 2019-09-23 16:02:40 --> 404 Page Not Found: Assets/custom
ERROR - 2019-09-23 16:02:42 --> 404 Page Not Found: Assets/custom
ERROR - 2019-09-23 16:03:18 --> 404 Page Not Found: Assets/custom
ERROR - 2019-09-23 16:03:46 --> 404 Page Not Found: Assets/custom
ERROR - 2019-09-23 16:03:55 --> 404 Page Not Found: Assets/custom
ERROR - 2019-09-23 16:03:55 --> 404 Page Not Found: Assets/custom
ERROR - 2019-09-23 16:05:20 --> 404 Page Not Found: Assets/custom
ERROR - 2019-09-23 16:06:14 --> 404 Page Not Found: Assets/custom
ERROR - 2019-09-23 16:06:19 --> 404 Page Not Found: Assets/custom
ERROR - 2019-09-23 16:06:19 --> 404 Page Not Found: Assets/custom
ERROR - 2019-09-23 16:06:39 --> 404 Page Not Found: Assets/custom
ERROR - 2019-09-23 16:07:14 --> 404 Page Not Found: Assets/custom
ERROR - 2019-09-23 16:07:16 --> 404 Page Not Found: Assets/custom
ERROR - 2019-09-23 16:07:30 --> 404 Page Not Found: Assets/custom
ERROR - 2019-09-23 16:07:33 --> 404 Page Not Found: Assets/custom
ERROR - 2019-09-23 16:07:33 --> 404 Page Not Found: Assets/custom
ERROR - 2019-09-23 16:07:54 --> 404 Page Not Found: Assets/custom
ERROR - 2019-09-23 16:08:00 --> 404 Page Not Found: Assets/custom
ERROR - 2019-09-23 16:08:00 --> 404 Page Not Found: Assets/custom
ERROR - 2019-09-23 16:08:14 --> 404 Page Not Found: Assets/custom
ERROR - 2019-09-23 16:08:18 --> 404 Page Not Found: Assets/custom
ERROR - 2019-09-23 16:08:19 --> 404 Page Not Found: Assets/custom
ERROR - 2019-09-23 16:08:37 --> 404 Page Not Found: Assets/custom
ERROR - 2019-09-23 16:08:56 --> 404 Page Not Found: Assets/custom
ERROR - 2019-09-23 16:08:57 --> 404 Page Not Found: Assets/custom
ERROR - 2019-09-23 16:09:12 --> 404 Page Not Found: Assets/custom
ERROR - 2019-09-23 16:11:15 --> 404 Page Not Found: Assets/custom
ERROR - 2019-09-23 16:21:58 --> 404 Page Not Found: Assets/custom
ERROR - 2019-09-23 16:23:14 --> 404 Page Not Found: Assets/custom
ERROR - 2019-09-23 16:26:39 --> 404 Page Not Found: Assets/custom
ERROR - 2019-09-23 16:27:13 --> 404 Page Not Found: Assets/custom
ERROR - 2019-09-23 16:27:18 --> 404 Page Not Found: Assets/global
ERROR - 2019-09-23 16:27:19 --> 404 Page Not Found: Assets/custom
ERROR - 2019-09-23 16:27:28 --> 404 Page Not Found: Assets/custom
ERROR - 2019-09-23 16:27:33 --> 404 Page Not Found: Assets/global
ERROR - 2019-09-23 16:27:33 --> 404 Page Not Found: Assets/custom
ERROR - 2019-09-23 16:28:20 --> 404 Page Not Found: Assets/global
ERROR - 2019-09-23 16:28:20 --> 404 Page Not Found: Assets/custom
ERROR - 2019-09-23 16:28:55 --> 404 Page Not Found: Assets/global
ERROR - 2019-09-23 16:28:55 --> 404 Page Not Found: Assets/custom
ERROR - 2019-09-23 16:28:57 --> 404 Page Not Found: Assets/custom
ERROR - 2019-09-23 16:28:57 --> 404 Page Not Found: Assets/custom
ERROR - 2019-09-23 16:29:33 --> 404 Page Not Found: Assets/custom
ERROR - 2019-09-23 16:29:40 --> 404 Page Not Found: Assets/custom
ERROR - 2019-09-23 16:30:42 --> 404 Page Not Found: Assets/custom
ERROR - 2019-09-23 16:31:03 --> 404 Page Not Found: Assets/custom
ERROR - 2019-09-23 16:31:17 --> 404 Page Not Found: Assets/custom
ERROR - 2019-09-23 16:35:51 --> 404 Page Not Found: Assets/custom
ERROR - 2019-09-23 16:36:44 --> 404 Page Not Found: Assets/custom
ERROR - 2019-09-23 16:37:03 --> 404 Page Not Found: Assets/custom
ERROR - 2019-09-23 16:39:06 --> 404 Page Not Found: Assets/custom
ERROR - 2019-09-23 16:39:13 --> 404 Page Not Found: Assets/custom
ERROR - 2019-09-23 16:39:52 --> 404 Page Not Found: Assets/custom
ERROR - 2019-09-23 16:40:06 --> 404 Page Not Found: Assets/custom
ERROR - 2019-09-23 16:40:25 --> 404 Page Not Found: Assets/custom
ERROR - 2019-09-23 16:42:49 --> 404 Page Not Found: Assets/custom
ERROR - 2019-09-23 16:43:14 --> 404 Page Not Found: Assets/custom
ERROR - 2019-09-23 17:00:49 --> 404 Page Not Found: Assets/custom
ERROR - 2019-09-23 17:04:21 --> 404 Page Not Found: Assets/custom
ERROR - 2019-09-23 17:04:47 --> 404 Page Not Found: Assets/custom
ERROR - 2019-09-23 17:06:25 --> 404 Page Not Found: Assets/custom
ERROR - 2019-09-23 17:06:37 --> 404 Page Not Found: Assets/custom
ERROR - 2019-09-23 17:06:58 --> 404 Page Not Found: Assets/custom
ERROR - 2019-09-23 17:07:32 --> 404 Page Not Found: Assets/custom
ERROR - 2019-09-23 17:07:46 --> 404 Page Not Found: Assets/custom
ERROR - 2019-09-23 17:07:48 --> 404 Page Not Found: Assets/custom
ERROR - 2019-09-23 17:08:22 --> 404 Page Not Found: Assets/custom
ERROR - 2019-09-23 17:08:45 --> 404 Page Not Found: Assets/custom
ERROR - 2019-09-23 17:09:43 --> 404 Page Not Found: Assets/global
ERROR - 2019-09-23 17:09:43 --> 404 Page Not Found: Assets/custom
ERROR - 2019-09-23 17:09:48 --> 404 Page Not Found: Assets/custom
ERROR - 2019-09-23 17:12:33 --> 404 Page Not Found: Assets/custom
ERROR - 2019-09-23 17:12:49 --> 404 Page Not Found: Assets/custom
ERROR - 2019-09-23 17:12:55 --> 404 Page Not Found: Assets/custom
ERROR - 2019-09-23 17:13:30 --> 404 Page Not Found: Assets/custom
ERROR - 2019-09-23 17:13:57 --> 404 Page Not Found: Assets/custom
ERROR - 2019-09-23 17:21:40 --> 404 Page Not Found: Assets/global
ERROR - 2019-09-23 17:21:40 --> 404 Page Not Found: Assets/custom
ERROR - 2019-09-23 17:21:46 --> 404 Page Not Found: Assets/custom
ERROR - 2019-09-23 17:21:50 --> 404 Page Not Found: Assets/global
ERROR - 2019-09-23 17:21:50 --> 404 Page Not Found: Assets/custom
ERROR - 2019-09-23 17:21:56 --> 404 Page Not Found: Assets/custom
ERROR - 2019-09-23 17:22:06 --> 404 Page Not Found: Assets/custom
ERROR - 2019-09-23 17:22:50 --> 404 Page Not Found: Assets/custom
ERROR - 2019-09-23 17:23:02 --> 404 Page Not Found: Assets/custom
ERROR - 2019-09-23 17:23:14 --> 404 Page Not Found: Assets/custom
ERROR - 2019-09-23 17:24:59 --> 404 Page Not Found: Assets/custom
ERROR - 2019-09-23 18:02:18 --> 404 Page Not Found: Assets/custom
ERROR - 2019-09-23 18:03:23 --> 404 Page Not Found: Assets/custom
ERROR - 2019-09-23 18:14:54 --> 404 Page Not Found: Assets/custom
ERROR - 2019-09-23 18:15:12 --> 404 Page Not Found: Assets/custom
ERROR - 2019-09-23 18:15:34 --> 404 Page Not Found: Assets/custom
ERROR - 2019-09-23 18:16:47 --> 404 Page Not Found: Assets/custom
ERROR - 2019-09-23 18:17:35 --> 404 Page Not Found: Assets/custom
ERROR - 2019-09-23 18:20:35 --> 404 Page Not Found: Assets/custom
ERROR - 2019-09-23 18:21:23 --> 404 Page Not Found: Assets/custom
ERROR - 2019-09-23 18:21:30 --> 404 Page Not Found: Assets/custom
ERROR - 2019-09-23 18:29:35 --> 404 Page Not Found: Assets/custom
ERROR - 2019-09-23 18:34:37 --> 404 Page Not Found: Assets/custom
ERROR - 2019-09-23 18:36:08 --> 404 Page Not Found: Assets/custom
ERROR - 2019-09-23 18:36:19 --> 404 Page Not Found: Assets/custom
ERROR - 2019-09-23 18:36:38 --> 404 Page Not Found: Assets/custom
ERROR - 2019-09-23 18:36:43 --> 404 Page Not Found: Assets/custom
ERROR - 2019-09-23 18:36:51 --> 404 Page Not Found: Assets/custom
ERROR - 2019-09-23 18:38:12 --> 404 Page Not Found: Assets/custom
ERROR - 2019-09-23 18:38:32 --> 404 Page Not Found: Assets/custom
ERROR - 2019-09-23 18:39:01 --> 404 Page Not Found: Assets/custom
ERROR - 2019-09-23 18:39:09 --> 404 Page Not Found: Assets/custom
ERROR - 2019-09-23 18:39:32 --> 404 Page Not Found: Assets/custom
ERROR - 2019-09-23 18:39:56 --> 404 Page Not Found: Assets/custom
ERROR - 2019-09-23 18:40:37 --> 404 Page Not Found: Assets/custom
ERROR - 2019-09-23 18:40:49 --> 404 Page Not Found: Assets/custom
ERROR - 2019-09-23 18:41:05 --> 404 Page Not Found: Assets/custom
ERROR - 2019-09-23 18:42:10 --> 404 Page Not Found: Assets/custom
ERROR - 2019-09-23 18:43:12 --> 404 Page Not Found: Assets/custom
ERROR - 2019-09-23 18:48:05 --> 404 Page Not Found: Assets/global
ERROR - 2019-09-23 18:48:05 --> 404 Page Not Found: Assets/custom
ERROR - 2019-09-23 18:48:14 --> 404 Page Not Found: Assets/custom
ERROR - 2019-09-23 18:48:36 --> 404 Page Not Found: Assets/custom
ERROR - 2019-09-23 19:03:05 --> 404 Page Not Found: Assets/custom
ERROR - 2019-09-23 19:06:55 --> 404 Page Not Found: Assets/custom
ERROR - 2019-09-23 19:12:40 --> 404 Page Not Found: Assets/custom
ERROR - 2019-09-23 19:12:58 --> 404 Page Not Found: Assets/custom
ERROR - 2019-09-23 19:13:07 --> 404 Page Not Found: Assets/custom
ERROR - 2019-09-23 19:13:23 --> 404 Page Not Found: Assets/custom
ERROR - 2019-09-23 19:13:35 --> 404 Page Not Found: Assets/custom
ERROR - 2019-09-23 19:13:49 --> 404 Page Not Found: Assets/custom
ERROR - 2019-09-23 19:14:04 --> 404 Page Not Found: Assets/custom
ERROR - 2019-09-23 19:14:23 --> 404 Page Not Found: Assets/custom
ERROR - 2019-09-23 19:15:28 --> 404 Page Not Found: Assets/custom
ERROR - 2019-09-23 19:19:31 --> 404 Page Not Found: Assets/custom
ERROR - 2019-09-23 19:23:04 --> 404 Page Not Found: Assets/custom
ERROR - 2019-09-23 19:23:18 --> 404 Page Not Found: Assets/custom
ERROR - 2019-09-23 19:24:25 --> 404 Page Not Found: Assets/custom
ERROR - 2019-09-23 19:25:23 --> 404 Page Not Found: Assets/custom
ERROR - 2019-09-23 19:25:35 --> 404 Page Not Found: Assets/custom
ERROR - 2019-09-23 19:27:20 --> 404 Page Not Found: Assets/custom
ERROR - 2019-09-23 19:43:43 --> 404 Page Not Found: Assets/custom
ERROR - 2019-09-23 19:45:12 --> 404 Page Not Found: Assets/custom
ERROR - 2019-09-23 20:36:21 --> Severity: error --> Exception: syntax error, unexpected '->' (T_OBJECT_OPERATOR) D:\wamp\www\crm\application\controllers\Cli.php 72
ERROR - 2019-09-23 21:10:46 --> 404 Page Not Found: Assets/custom
ERROR - 2019-09-23 21:13:01 --> 404 Page Not Found: Assets/custom
ERROR - 2019-09-23 21:15:05 --> 404 Page Not Found: Assets/custom
ERROR - 2019-09-23 21:27:14 --> 404 Page Not Found: Assets/custom
ERROR - 2019-09-23 21:29:01 --> 404 Page Not Found: Assets/global
ERROR - 2019-09-23 21:29:01 --> 404 Page Not Found: Assets/custom
ERROR - 2019-09-23 21:32:09 --> 404 Page Not Found: 
ERROR - 2019-09-23 21:32:10 --> 404 Page Not Found: 
ERROR - 2019-09-23 21:34:22 --> 404 Page Not Found: Assets/custom
ERROR - 2019-09-23 21:34:48 --> 404 Page Not Found: Assets/custom
ERROR - 2019-09-23 21:36:37 --> 404 Page Not Found: Assets/custom
ERROR - 2019-09-23 21:47:08 --> 404 Page Not Found: Assets/custom
ERROR - 2019-09-23 21:47:25 --> 404 Page Not Found: Assets/custom
ERROR - 2019-09-23 21:48:52 --> 404 Page Not Found: Assets/custom
ERROR - 2019-09-23 21:51:22 --> 404 Page Not Found: Assets/custom
ERROR - 2019-09-23 21:51:36 --> 404 Page Not Found: Assets/custom
