ERROR - 2019-09-06 16:35:00 --> 404 Page Not Found: Assets/global
ERROR - 2019-09-06 16:35:00 --> 404 Page Not Found: Assets/custom
ERROR - 2019-09-06 16:39:47 --> 404 Page Not Found: Assets/global
ERROR - 2019-09-06 16:39:47 --> 404 Page Not Found: Assets/custom
ERROR - 2019-09-06 16:45:53 --> Severity: error --> Exception: Call to undefined method Enquiry_model::session() D:\wamp\www\crm\application\models\Enquiry_model.php 1085
ERROR - 2019-09-06 16:46:30 --> 404 Page Not Found: Assets/global
ERROR - 2019-09-06 16:46:30 --> 404 Page Not Found: Assets/custom
ERROR - 2019-09-06 16:46:31 --> 404 Page Not Found: Assets/global
ERROR - 2019-09-06 16:46:31 --> 404 Page Not Found: Assets/custom
ERROR - 2019-09-06 16:46:47 --> 404 Page Not Found: Assets/global
ERROR - 2019-09-06 16:46:48 --> 404 Page Not Found: Assets/custom
ERROR - 2019-09-06 16:48:14 --> 404 Page Not Found: Assets/global
ERROR - 2019-09-06 16:48:14 --> 404 Page Not Found: Assets/custom
ERROR - 2019-09-06 16:49:56 --> 404 Page Not Found: Assets/global
ERROR - 2019-09-06 16:49:56 --> 404 Page Not Found: Assets/custom
ERROR - 2019-09-06 16:50:01 --> Severity: error --> Exception: Call to undefined method CI_Session::user_data() D:\wamp\www\crm\application\controllers\Enquirieslist.php 552
ERROR - 2019-09-06 16:50:52 --> 404 Page Not Found: Assets/global
ERROR - 2019-09-06 16:50:52 --> 404 Page Not Found: Assets/custom
ERROR - 2019-09-06 16:51:12 --> 404 Page Not Found: Assets/global
ERROR - 2019-09-06 16:51:12 --> 404 Page Not Found: Assets/custom
ERROR - 2019-09-06 16:51:46 --> 404 Page Not Found: Assets/global
ERROR - 2019-09-06 16:51:46 --> 404 Page Not Found: Assets/custom
ERROR - 2019-09-06 16:52:00 --> 404 Page Not Found: Assets/global
ERROR - 2019-09-06 16:52:01 --> 404 Page Not Found: Assets/custom
ERROR - 2019-09-06 16:52:37 --> 404 Page Not Found: Assets/global
ERROR - 2019-09-06 16:52:37 --> 404 Page Not Found: Assets/custom
ERROR - 2019-09-06 16:54:35 --> 404 Page Not Found: Assets/global
ERROR - 2019-09-06 16:54:35 --> 404 Page Not Found: Assets/custom
ERROR - 2019-09-06 16:55:47 --> 404 Page Not Found: Assets/global
ERROR - 2019-09-06 16:55:47 --> 404 Page Not Found: Assets/custom
ERROR - 2019-09-06 16:56:06 --> 404 Page Not Found: Assets/global
ERROR - 2019-09-06 16:56:06 --> 404 Page Not Found: Assets/custom
ERROR - 2019-09-06 16:57:00 --> Severity: error --> Exception: syntax error, unexpected '}', expecting end of file D:\wamp\www\crm\application\views\enquiries_list.php 107
ERROR - 2019-09-06 16:57:09 --> 404 Page Not Found: Assets/global
ERROR - 2019-09-06 16:57:09 --> 404 Page Not Found: Assets/custom
ERROR - 2019-09-06 16:57:42 --> 404 Page Not Found: Assets/global
ERROR - 2019-09-06 16:57:42 --> 404 Page Not Found: Assets/custom
ERROR - 2019-09-06 16:57:49 --> 404 Page Not Found: Assets/global
ERROR - 2019-09-06 16:57:49 --> 404 Page Not Found: Assets/custom
ERROR - 2019-09-06 16:58:03 --> 404 Page Not Found: Assets/global
ERROR - 2019-09-06 16:58:03 --> 404 Page Not Found: Assets/custom
ERROR - 2019-09-06 16:59:19 --> 404 Page Not Found: Assets/global
ERROR - 2019-09-06 16:59:19 --> 404 Page Not Found: Assets/custom
ERROR - 2019-09-06 17:00:04 --> 404 Page Not Found: Assets/global
ERROR - 2019-09-06 17:00:04 --> 404 Page Not Found: Assets/custom
ERROR - 2019-09-06 17:00:22 --> 404 Page Not Found: Assets/global
ERROR - 2019-09-06 17:00:22 --> 404 Page Not Found: Assets/custom
ERROR - 2019-09-06 17:00:31 --> 404 Page Not Found: Assets/global
ERROR - 2019-09-06 17:00:31 --> 404 Page Not Found: Assets/custom
ERROR - 2019-09-06 17:01:44 --> 404 Page Not Found: Assets/global
ERROR - 2019-09-06 17:01:44 --> 404 Page Not Found: Assets/custom
ERROR - 2019-09-06 17:01:51 --> 404 Page Not Found: Assets/global
ERROR - 2019-09-06 17:01:51 --> 404 Page Not Found: Assets/custom
ERROR - 2019-09-06 17:02:35 --> 404 Page Not Found: Assets/custom
ERROR - 2019-09-06 17:05:53 --> 404 Page Not Found: Assets/custom
ERROR - 2019-09-06 17:06:18 --> 404 Page Not Found: Assets/global
ERROR - 2019-09-06 17:06:18 --> 404 Page Not Found: Assets/custom
ERROR - 2019-09-06 17:06:24 --> 404 Page Not Found: Assets/custom
ERROR - 2019-09-06 17:06:29 --> 404 Page Not Found: Assets/global
ERROR - 2019-09-06 17:06:29 --> 404 Page Not Found: Assets/custom
ERROR - 2019-09-06 17:06:54 --> 404 Page Not Found: Assets/global
ERROR - 2019-09-06 17:06:54 --> 404 Page Not Found: Assets/custom
ERROR - 2019-09-06 17:06:58 --> 404 Page Not Found: Assets/custom
ERROR - 2019-09-06 17:07:03 --> 404 Page Not Found: Assets/global
ERROR - 2019-09-06 17:07:04 --> 404 Page Not Found: Assets/custom
ERROR - 2019-09-06 17:07:24 --> 404 Page Not Found: Assets/custom
ERROR - 2019-09-06 17:09:44 --> 404 Page Not Found: Assets/custom
ERROR - 2019-09-06 17:10:02 --> 404 Page Not Found: Assets/global
ERROR - 2019-09-06 17:10:02 --> 404 Page Not Found: Assets/custom
ERROR - 2019-09-06 17:10:12 --> 404 Page Not Found: Assets/custom
ERROR - 2019-09-06 17:10:20 --> 404 Page Not Found: Assets/global
ERROR - 2019-09-06 17:10:20 --> 404 Page Not Found: Assets/custom
ERROR - 2019-09-06 17:14:16 --> 404 Page Not Found: Assets/global
ERROR - 2019-09-06 17:14:16 --> 404 Page Not Found: Assets/custom
ERROR - 2019-09-06 17:16:37 --> 404 Page Not Found: Assets/global
ERROR - 2019-09-06 17:16:37 --> 404 Page Not Found: Assets/custom
ERROR - 2019-09-06 17:16:57 --> 404 Page Not Found: Assets/global
ERROR - 2019-09-06 17:16:57 --> 404 Page Not Found: Assets/custom
ERROR - 2019-09-06 17:17:50 --> 404 Page Not Found: Assets/custom
ERROR - 2019-09-06 17:19:06 --> 404 Page Not Found: Assets/global
ERROR - 2019-09-06 17:19:06 --> 404 Page Not Found: Assets/custom
ERROR - 2019-09-06 17:19:18 --> 404 Page Not Found: Assets/global
ERROR - 2019-09-06 17:19:18 --> 404 Page Not Found: Assets/custom
ERROR - 2019-09-06 17:19:23 --> 404 Page Not Found: Assets/custom
ERROR - 2019-09-06 17:19:28 --> 404 Page Not Found: Assets/global
ERROR - 2019-09-06 17:19:28 --> 404 Page Not Found: Assets/custom
ERROR - 2019-09-06 17:19:52 --> 404 Page Not Found: Assets/custom
ERROR - 2019-09-06 17:20:02 --> 404 Page Not Found: Assets/global
ERROR - 2019-09-06 17:20:02 --> 404 Page Not Found: Assets/custom
ERROR - 2019-09-06 17:20:11 --> 404 Page Not Found: Assets/custom
ERROR - 2019-09-06 17:20:41 --> 404 Page Not Found: Assets/global
ERROR - 2019-09-06 17:20:41 --> 404 Page Not Found: Assets/custom
ERROR - 2019-09-06 17:21:26 --> 404 Page Not Found: Assets/custom
ERROR - 2019-09-06 17:24:08 --> 404 Page Not Found: Assets/custom
ERROR - 2019-09-06 17:24:39 --> 404 Page Not Found: Assets/global
ERROR - 2019-09-06 17:24:39 --> 404 Page Not Found: Assets/custom
ERROR - 2019-09-06 17:24:45 --> 404 Page Not Found: Assets/global
ERROR - 2019-09-06 17:24:45 --> 404 Page Not Found: Assets/custom
ERROR - 2019-09-06 17:24:50 --> 404 Page Not Found: Assets/custom
ERROR - 2019-09-06 17:24:57 --> 404 Page Not Found: Assets/global
ERROR - 2019-09-06 17:24:57 --> 404 Page Not Found: Assets/custom
ERROR - 2019-09-06 17:25:17 --> 404 Page Not Found: Assets/custom
ERROR - 2019-09-06 17:25:24 --> 404 Page Not Found: Assets/global
ERROR - 2019-09-06 17:25:24 --> 404 Page Not Found: Assets/custom
ERROR - 2019-09-06 17:29:26 --> 404 Page Not Found: Assets/global
ERROR - 2019-09-06 17:29:26 --> 404 Page Not Found: Assets/custom
ERROR - 2019-09-06 17:30:53 --> 404 Page Not Found: Assets/global
ERROR - 2019-09-06 17:30:53 --> 404 Page Not Found: Assets/custom
ERROR - 2019-09-06 17:32:14 --> 404 Page Not Found: Assets/global
ERROR - 2019-09-06 17:32:14 --> 404 Page Not Found: Assets/custom
ERROR - 2019-09-06 17:32:22 --> 404 Page Not Found: Assets/global
ERROR - 2019-09-06 17:32:22 --> 404 Page Not Found: Assets/custom
ERROR - 2019-09-06 17:32:25 --> 404 Page Not Found: Assets/global
ERROR - 2019-09-06 17:32:25 --> 404 Page Not Found: Assets/custom
ERROR - 2019-09-06 18:04:10 --> 404 Page Not Found: Assets/global
ERROR - 2019-09-06 18:04:10 --> 404 Page Not Found: Assets/custom
ERROR - 2019-09-06 18:04:23 --> 404 Page Not Found: Assets/global
ERROR - 2019-09-06 18:04:23 --> 404 Page Not Found: Assets/custom
ERROR - 2019-09-06 18:04:26 --> 404 Page Not Found: Assets/global
ERROR - 2019-09-06 18:04:26 --> 404 Page Not Found: Assets/custom
ERROR - 2019-09-06 18:55:30 --> 404 Page Not Found: Assets/global
ERROR - 2019-09-06 18:55:30 --> 404 Page Not Found: Assets/custom
ERROR - 2019-09-06 19:00:19 --> 404 Page Not Found: Assets/global
ERROR - 2019-09-06 19:00:19 --> 404 Page Not Found: Assets/custom
