ERROR - 2019-09-18 14:05:36 --> 404 Page Not Found: Assets/custom
ERROR - 2019-09-18 16:34:35 --> 404 Page Not Found: Assets/custom
ERROR - 2019-09-18 16:34:37 --> 404 Page Not Found: Assets/custom
ERROR - 2019-09-18 16:50:55 --> 404 Page Not Found: Assets/custom
ERROR - 2019-09-18 16:55:01 --> 404 Page Not Found: Assets/custom
ERROR - 2019-09-18 16:55:04 --> 404 Page Not Found: Assets/custom
ERROR - 2019-09-18 16:55:13 --> Query error: Got error 'empty (sub)expression' from regexp - Invalid query: select rule_type, movetype, per_person_packing_rate , packer_cost_price
        from pricelist
        where states REGEXP 'NSW' AND pricelist.dates REGEXP '' and  status = 1 and rule_type = 5 and movetype = 4
ERROR - 2019-09-18 16:55:13 --> Severity: error --> Exception: Call to a member function result_array() on boolean D:\wamp\www\crm\application\models\Pricelist_model.php 289
ERROR - 2019-09-18 16:55:33 --> 404 Page Not Found: Assets/custom
ERROR - 2019-09-18 16:55:44 --> 404 Page Not Found: Assets/custom
ERROR - 2019-09-18 16:56:15 --> 404 Page Not Found: Assets/custom
ERROR - 2019-09-18 16:56:40 --> Query error: Got error 'empty (sub)expression' from regexp - Invalid query: select rule_type, movetype, per_person_packing_rate , packer_cost_price
        from pricelist
        where states REGEXP 'NSW' AND pricelist.dates REGEXP '' and  status = 1 and rule_type = 5 and movetype = 4
ERROR - 2019-09-18 16:56:40 --> Severity: error --> Exception: Call to a member function result_array() on boolean D:\wamp\www\crm\application\models\Pricelist_model.php 289
ERROR - 2019-09-18 16:56:42 --> Query error: Got error 'empty (sub)expression' from regexp - Invalid query: select rule_type, movetype, per_person_packing_rate , packer_cost_price
        from pricelist
        where states REGEXP 'NSW' AND pricelist.dates REGEXP '' and  status = 1 and rule_type = 5 and movetype = 4
ERROR - 2019-09-18 16:56:42 --> Severity: error --> Exception: Call to a member function result_array() on boolean D:\wamp\www\crm\application\models\Pricelist_model.php 289
ERROR - 2019-09-18 16:57:02 --> 404 Page Not Found: Assets/custom
ERROR - 2019-09-18 17:00:09 --> 404 Page Not Found: Assets/custom
ERROR - 2019-09-18 17:00:49 --> 404 Page Not Found: Assets/custom
ERROR - 2019-09-18 17:01:27 --> 404 Page Not Found: Assets/custom
ERROR - 2019-09-18 17:07:16 --> 404 Page Not Found: Assets/custom
ERROR - 2019-09-18 17:07:39 --> 404 Page Not Found: Assets/custom
ERROR - 2019-09-18 17:08:12 --> 404 Page Not Found: Assets/custom
ERROR - 2019-09-18 17:08:40 --> 404 Page Not Found: Assets/custom
ERROR - 2019-09-18 17:08:49 --> Query error: Got error 'empty (sub)expression' from regexp - Invalid query: select rule_type, movetype, per_person_packing_rate , packer_cost_price
        from pricelist
        where states REGEXP 'NSW' AND pricelist.dates REGEXP '' and  status = 1 and rule_type = 5 and movetype = 4
ERROR - 2019-09-18 17:08:49 --> Severity: error --> Exception: Call to a member function result_array() on boolean D:\wamp\www\crm\application\models\Pricelist_model.php 289
ERROR - 2019-09-18 17:08:59 --> Query error: Got error 'empty (sub)expression' from regexp - Invalid query: select rule_type, movetype, per_person_packing_rate , packer_cost_price
        from pricelist
        where states REGEXP 'NSW' AND pricelist.dates REGEXP '' and  status = 1 and rule_type = 5 and movetype = 4
ERROR - 2019-09-18 17:08:59 --> Severity: error --> Exception: Call to a member function result_array() on boolean D:\wamp\www\crm\application\models\Pricelist_model.php 289
ERROR - 2019-09-18 17:09:05 --> Query error: Got error 'empty (sub)expression' from regexp - Invalid query: select rule_type, movetype, per_person_packing_rate , packer_cost_price
        from pricelist
        where states REGEXP 'NSW' AND pricelist.dates REGEXP '' and  status = 1 and rule_type = 5 and movetype = 4
ERROR - 2019-09-18 17:09:05 --> Severity: error --> Exception: Call to a member function result_array() on boolean D:\wamp\www\crm\application\models\Pricelist_model.php 289
ERROR - 2019-09-18 17:09:06 --> Query error: Got error 'empty (sub)expression' from regexp - Invalid query: select rule_type, movetype, per_person_packing_rate , packer_cost_price
        from pricelist
        where states REGEXP 'NSW' AND pricelist.dates REGEXP '' and  status = 1 and rule_type = 5 and movetype = 4
ERROR - 2019-09-18 17:09:06 --> Severity: error --> Exception: Call to a member function result_array() on boolean D:\wamp\www\crm\application\models\Pricelist_model.php 289
ERROR - 2019-09-18 17:09:11 --> Query error: Got error 'empty (sub)expression' from regexp - Invalid query: select rule_type, movetype, per_person_packing_rate , packer_cost_price
        from pricelist
        where states REGEXP 'NSW' AND pricelist.dates REGEXP '' and  status = 1 and rule_type = 5 and movetype = 4
ERROR - 2019-09-18 17:09:11 --> Severity: error --> Exception: Call to a member function result_array() on boolean D:\wamp\www\crm\application\models\Pricelist_model.php 289
ERROR - 2019-09-18 17:09:15 --> Query error: Got error 'empty (sub)expression' from regexp - Invalid query: select rule_type, movetype, per_person_packing_rate , packer_cost_price
        from pricelist
        where states REGEXP 'NSW' AND pricelist.dates REGEXP '' and  status = 1 and rule_type = 5 and movetype = 4
ERROR - 2019-09-18 17:09:15 --> Severity: error --> Exception: Call to a member function result_array() on boolean D:\wamp\www\crm\application\models\Pricelist_model.php 289
ERROR - 2019-09-18 17:09:18 --> Query error: Got error 'empty (sub)expression' from regexp - Invalid query: select rule_type, movetype, per_person_packing_rate , packer_cost_price
        from pricelist
        where states REGEXP 'NSW' AND pricelist.dates REGEXP '' and  status = 1 and rule_type = 5 and movetype = 4
ERROR - 2019-09-18 17:09:18 --> Severity: error --> Exception: Call to a member function result_array() on boolean D:\wamp\www\crm\application\models\Pricelist_model.php 289
ERROR - 2019-09-18 17:15:39 --> 404 Page Not Found: Assets/custom
ERROR - 2019-09-18 17:17:31 --> 404 Page Not Found: Assets/custom
ERROR - 2019-09-18 17:26:32 --> 404 Page Not Found: Assets/custom
ERROR - 2019-09-18 17:30:54 --> 404 Page Not Found: Assets/custom
ERROR - 2019-09-18 17:30:56 --> 404 Page Not Found: Assets/custom
ERROR - 2019-09-18 17:33:27 --> 404 Page Not Found: Assets/custom
ERROR - 2019-09-18 17:33:29 --> 404 Page Not Found: Assets/custom
ERROR - 2019-09-18 17:37:50 --> 404 Page Not Found: Assets/custom
ERROR - 2019-09-18 17:37:51 --> 404 Page Not Found: Assets/custom
ERROR - 2019-09-18 21:01:20 --> 404 Page Not Found: Assets/custom
ERROR - 2019-09-18 21:02:58 --> 404 Page Not Found: Assets/custom
ERROR - 2019-09-18 21:03:44 --> 404 Page Not Found: Assets/custom
ERROR - 2019-09-18 21:04:06 --> 404 Page Not Found: Assets/custom
ERROR - 2019-09-18 21:05:21 --> 404 Page Not Found: Assets/custom
ERROR - 2019-09-18 21:05:43 --> 404 Page Not Found: Assets/global
ERROR - 2019-09-18 21:05:44 --> 404 Page Not Found: Assets/custom
ERROR - 2019-09-18 21:05:50 --> 404 Page Not Found: Assets/custom
ERROR - 2019-09-18 21:05:51 --> 404 Page Not Found: Assets/custom
ERROR - 2019-09-18 21:09:41 --> 404 Page Not Found: Assets/custom
ERROR - 2019-09-18 21:09:57 --> 404 Page Not Found: Assets/custom
ERROR - 2019-09-18 21:11:47 --> 404 Page Not Found: Assets/custom
ERROR - 2019-09-18 21:13:25 --> 404 Page Not Found: Assets/custom
ERROR - 2019-09-18 21:14:00 --> 404 Page Not Found: Assets/global
ERROR - 2019-09-18 21:14:00 --> 404 Page Not Found: Assets/custom
ERROR - 2019-09-18 21:14:08 --> 404 Page Not Found: Assets/global
ERROR - 2019-09-18 21:14:09 --> 404 Page Not Found: Assets/custom
ERROR - 2019-09-18 21:14:14 --> 404 Page Not Found: Assets/custom
ERROR - 2019-09-18 21:14:37 --> 404 Page Not Found: Assets/custom
ERROR - 2019-09-18 21:16:08 --> 404 Page Not Found: Assets/custom
ERROR - 2019-09-18 21:16:53 --> 404 Page Not Found: Assets/custom
ERROR - 2019-09-18 21:19:33 --> 404 Page Not Found: Assets/custom
ERROR - 2019-09-18 21:20:34 --> 404 Page Not Found: Assets/custom
ERROR - 2019-09-18 21:20:57 --> 404 Page Not Found: Assets/custom
ERROR - 2019-09-18 21:21:20 --> 404 Page Not Found: Assets/custom
ERROR - 2019-09-18 21:23:27 --> 404 Page Not Found: Assets/custom
ERROR - 2019-09-18 21:24:47 --> 404 Page Not Found: Assets/custom
ERROR - 2019-09-18 21:25:23 --> 404 Page Not Found: Assets/custom
ERROR - 2019-09-18 21:26:17 --> 404 Page Not Found: Assets/custom
ERROR - 2019-09-18 21:26:40 --> 404 Page Not Found: Assets/custom
ERROR - 2019-09-18 21:29:30 --> 404 Page Not Found: Assets/custom
ERROR - 2019-09-18 21:29:33 --> 404 Page Not Found: Assets/custom
ERROR - 2019-09-18 21:30:03 --> 404 Page Not Found: Assets/custom
ERROR - 2019-09-18 21:30:57 --> 404 Page Not Found: Assets/custom
ERROR - 2019-09-18 21:31:43 --> 404 Page Not Found: Assets/custom
ERROR - 2019-09-18 21:38:51 --> 404 Page Not Found: Assets/custom
ERROR - 2019-09-18 21:42:07 --> 404 Page Not Found: Assets/custom
ERROR - 2019-09-18 21:44:36 --> 404 Page Not Found: Assets/custom
ERROR - 2019-09-18 21:50:11 --> 404 Page Not Found: Assets/custom
ERROR - 2019-09-18 21:52:02 --> 404 Page Not Found: Assets/custom
ERROR - 2019-09-18 21:52:28 --> 404 Page Not Found: Assets/custom
ERROR - 2019-09-18 21:53:02 --> 404 Page Not Found: Assets/custom
ERROR - 2019-09-18 21:53:27 --> 404 Page Not Found: Assets/custom
ERROR - 2019-09-18 21:54:46 --> 404 Page Not Found: Assets/custom
ERROR - 2019-09-18 22:01:49 --> 404 Page Not Found: Assets/custom
ERROR - 2019-09-18 22:04:42 --> 404 Page Not Found: Assets/custom
ERROR - 2019-09-18 22:04:59 --> 404 Page Not Found: Assets/custom
ERROR - 2019-09-18 22:06:29 --> 404 Page Not Found: Assets/custom
ERROR - 2019-09-18 22:07:53 --> 404 Page Not Found: Assets/custom
ERROR - 2019-09-18 22:08:11 --> 404 Page Not Found: Assets/custom
ERROR - 2019-09-18 22:08:58 --> 404 Page Not Found: Assets/custom
ERROR - 2019-09-18 22:10:17 --> 404 Page Not Found: Assets/custom
ERROR - 2019-09-18 22:10:43 --> 404 Page Not Found: Assets/custom
ERROR - 2019-09-18 22:11:32 --> 404 Page Not Found: Assets/custom
ERROR - 2019-09-18 22:11:52 --> 404 Page Not Found: Assets/custom
ERROR - 2019-09-18 22:21:24 --> 404 Page Not Found: Assets/custom
ERROR - 2019-09-18 22:21:29 --> 404 Page Not Found: Assets/custom
ERROR - 2019-09-18 22:22:34 --> 404 Page Not Found: Assets/custom
ERROR - 2019-09-18 22:23:07 --> 404 Page Not Found: Assets/custom
ERROR - 2019-09-18 22:24:05 --> 404 Page Not Found: Assets/custom
ERROR - 2019-09-18 22:24:48 --> 404 Page Not Found: Assets/custom
ERROR - 2019-09-18 22:25:49 --> 404 Page Not Found: Assets/custom
ERROR - 2019-09-18 22:26:59 --> 404 Page Not Found: Assets/custom
ERROR - 2019-09-18 22:28:15 --> 404 Page Not Found: Assets/custom
ERROR - 2019-09-18 22:28:20 --> 404 Page Not Found: Assets/custom
ERROR - 2019-09-18 22:29:00 --> 404 Page Not Found: Assets/custom
ERROR - 2019-09-18 22:32:55 --> 404 Page Not Found: Assets/custom
ERROR - 2019-09-18 22:34:22 --> 404 Page Not Found: Assets/custom
ERROR - 2019-09-18 22:34:48 --> 404 Page Not Found: Assets/custom
ERROR - 2019-09-18 22:36:23 --> 404 Page Not Found: Assets/custom
ERROR - 2019-09-18 22:37:09 --> 404 Page Not Found: Assets/custom
ERROR - 2019-09-18 22:37:19 --> 404 Page Not Found: Assets/custom
ERROR - 2019-09-18 22:38:25 --> 404 Page Not Found: Assets/custom
ERROR - 2019-09-18 22:39:41 --> 404 Page Not Found: Assets/custom
