ERROR - 2019-09-16 18:21:17 --> 404 Page Not Found: Assets/custom
ERROR - 2019-09-16 18:33:01 --> 404 Page Not Found: Assets/custom
ERROR - 2019-09-16 18:35:32 --> 404 Page Not Found: Assets/custom
ERROR - 2019-09-16 18:35:42 --> 404 Page Not Found: Assets/custom
ERROR - 2019-09-16 18:40:37 --> 404 Page Not Found: Assets/custom
ERROR - 2019-09-16 18:40:39 --> 404 Page Not Found: Assets/custom
ERROR - 2019-09-16 18:40:54 --> 404 Page Not Found: Assets/global
ERROR - 2019-09-16 18:40:54 --> 404 Page Not Found: Assets/custom
ERROR - 2019-09-16 18:41:15 --> 404 Page Not Found: Assets/custom
ERROR - 2019-09-16 18:42:04 --> 404 Page Not Found: Assets/custom
ERROR - 2019-09-16 18:42:06 --> 404 Page Not Found: Assets/custom
ERROR - 2019-09-16 18:43:17 --> 404 Page Not Found: Assets/custom
ERROR - 2019-09-16 18:43:27 --> 404 Page Not Found: Assets/custom
ERROR - 2019-09-16 18:43:56 --> 404 Page Not Found: Assets/global
ERROR - 2019-09-16 18:43:56 --> 404 Page Not Found: Assets/custom
ERROR - 2019-09-16 18:44:01 --> 404 Page Not Found: Assets/custom
ERROR - 2019-09-16 18:44:20 --> 404 Page Not Found: Assets/custom
ERROR - 2019-09-16 18:44:28 --> 404 Page Not Found: Assets/custom
ERROR - 2019-09-16 18:44:58 --> 404 Page Not Found: Assets/custom
ERROR - 2019-09-16 18:48:51 --> 404 Page Not Found: Assets/custom
ERROR - 2019-09-16 18:54:55 --> 404 Page Not Found: Assets/custom
ERROR - 2019-09-16 18:54:59 --> 404 Page Not Found: Assets/custom
ERROR - 2019-09-16 18:55:30 --> 404 Page Not Found: Assets/custom
ERROR - 2019-09-16 18:56:11 --> 404 Page Not Found: Assets/custom
ERROR - 2019-09-16 18:57:17 --> 404 Page Not Found: Assets/custom
ERROR - 2019-09-16 18:57:54 --> 404 Page Not Found: Assets/custom
ERROR - 2019-09-16 18:58:21 --> 404 Page Not Found: Assets/custom
ERROR - 2019-09-16 19:01:39 --> 404 Page Not Found: Assets/custom
ERROR - 2019-09-16 19:06:24 --> 404 Page Not Found: Assets/custom
ERROR - 2019-09-16 19:07:15 --> 404 Page Not Found: Assets/custom
ERROR - 2019-09-16 19:08:51 --> 404 Page Not Found: Assets/custom
ERROR - 2019-09-16 19:09:05 --> 404 Page Not Found: Assets/custom
ERROR - 2019-09-16 19:09:23 --> Query error: Got error 'empty (sub)expression' from regexp - Invalid query: select rule_type, movetype, per_person_packing_rate , packer_cost_price
        from pricelist
        where states REGEXP 'NSW' AND pricelist.dates REGEXP '' and  status = 1 and rule_type = 5 and movetype = 5
ERROR - 2019-09-16 19:09:23 --> Severity: error --> Exception: Call to a member function result_array() on boolean D:\wamp\www\crm\application\models\Pricelist_model.php 289
ERROR - 2019-09-16 19:09:25 --> 404 Page Not Found: Assets/custom
ERROR - 2019-09-16 19:10:09 --> 404 Page Not Found: Assets/custom
ERROR - 2019-09-16 19:10:45 --> 404 Page Not Found: Assets/custom
ERROR - 2019-09-16 19:11:14 --> 404 Page Not Found: Assets/custom
ERROR - 2019-09-16 19:13:13 --> 404 Page Not Found: Assets/custom
ERROR - 2019-09-16 19:13:44 --> 404 Page Not Found: Assets/custom
ERROR - 2019-09-16 19:16:56 --> 404 Page Not Found: Assets/custom
ERROR - 2019-09-16 19:17:07 --> 404 Page Not Found: Assets/custom
ERROR - 2019-09-16 19:17:24 --> 404 Page Not Found: Assets/custom
ERROR - 2019-09-16 19:17:28 --> 404 Page Not Found: Assets/custom
ERROR - 2019-09-16 19:17:47 --> 404 Page Not Found: Assets/custom
ERROR - 2019-09-16 19:18:25 --> 404 Page Not Found: Assets/custom
ERROR - 2019-09-16 19:45:30 --> 404 Page Not Found: Assets/custom
ERROR - 2019-09-16 19:49:56 --> 404 Page Not Found: Assets/custom
ERROR - 2019-09-16 19:54:48 --> 404 Page Not Found: Assets/custom
ERROR - 2019-09-16 19:55:24 --> 404 Page Not Found: Assets/custom
ERROR - 2019-09-16 19:55:30 --> 404 Page Not Found: Assets/custom
ERROR - 2019-09-16 19:56:11 --> 404 Page Not Found: Assets/custom
ERROR - 2019-09-16 19:57:13 --> 404 Page Not Found: Assets/custom
ERROR - 2019-09-16 20:03:26 --> 404 Page Not Found: Assets/custom
ERROR - 2019-09-16 20:04:30 --> 404 Page Not Found: Assets/custom
ERROR - 2019-09-16 20:06:01 --> 404 Page Not Found: Assets/custom
ERROR - 2019-09-16 20:07:12 --> 404 Page Not Found: Assets/custom
ERROR - 2019-09-16 20:09:36 --> 404 Page Not Found: Assets/custom
ERROR - 2019-09-16 20:13:57 --> 404 Page Not Found: Assets/custom
ERROR - 2019-09-16 20:14:37 --> 404 Page Not Found: Assets/custom
ERROR - 2019-09-16 20:15:14 --> 404 Page Not Found: Assets/custom
ERROR - 2019-09-16 20:15:44 --> 404 Page Not Found: Assets/custom
ERROR - 2019-09-16 20:16:29 --> 404 Page Not Found: Assets/custom
ERROR - 2019-09-16 20:16:35 --> 404 Page Not Found: Assets/custom
ERROR - 2019-09-16 20:17:52 --> 404 Page Not Found: Assets/custom
ERROR - 2019-09-16 20:19:34 --> 404 Page Not Found: Assets/custom
ERROR - 2019-09-16 20:19:44 --> 404 Page Not Found: Assets/custom
ERROR - 2019-09-16 20:20:16 --> 404 Page Not Found: Assets/custom
ERROR - 2019-09-16 20:24:08 --> 404 Page Not Found: Assets/custom
ERROR - 2019-09-16 20:28:46 --> 404 Page Not Found: Assets/custom
ERROR - 2019-09-16 20:41:12 --> 404 Page Not Found: Assets/custom
ERROR - 2019-09-16 20:42:15 --> 404 Page Not Found: Assets/custom
ERROR - 2019-09-16 20:42:20 --> 404 Page Not Found: Assets/custom
ERROR - 2019-09-16 20:42:24 --> 404 Page Not Found: Assets/custom
ERROR - 2019-09-16 20:50:24 --> 404 Page Not Found: Assets/custom
ERROR - 2019-09-16 20:52:40 --> 404 Page Not Found: Assets/custom
ERROR - 2019-09-16 21:04:59 --> 404 Page Not Found: Assets/custom
ERROR - 2019-09-16 22:00:58 --> 404 Page Not Found: Assets/custom
ERROR - 2019-09-16 22:01:01 --> 404 Page Not Found: Assets/custom
