ERROR - 2019-08-28 21:31:36 --> Severity: Warning --> count(): Parameter must be an array or an object that implements Countable /home/hireabox/crm/application/controllers/Notification.php 37
ERROR - 2019-08-28 21:31:36 --> Severity: Warning --> count(): Parameter must be an array or an object that implements Countable /home/hireabox/crm/application/controllers/Notification.php 42
ERROR - 2019-08-28 21:31:36 --> Severity: Warning --> Invalid argument supplied for foreach() /home/hireabox/crm/application/controllers/Notification.php 47
ERROR - 2019-08-28 21:31:36 --> Severity: Warning --> count(): Parameter must be an array or an object that implements Countable /home/hireabox/crm/application/controllers/Notification.php 68
ERROR - 2019-08-28 21:31:45 --> 404 Page Not Found: Assets/custom
ERROR - 2019-08-28 21:32:46 --> 404 Page Not Found: Assets/custom
ERROR - 2019-08-28 21:33:41 --> Severity: Warning --> Invalid argument supplied for foreach() /home/hireabox/crm/application/controllers/Booking.php 274
ERROR - 2019-08-28 21:33:41 --> Severity: Warning --> Invalid argument supplied for foreach() /home/hireabox/crm/application/controllers/Booking.php 284
ERROR - 2019-08-28 21:34:42 --> Severity: Warning --> Invalid argument supplied for foreach() /home/hireabox/crm/application/views/edit_booking_view.php 330
ERROR - 2019-08-28 21:34:42 --> Severity: Warning --> count(): Parameter must be an array or an object that implements Countable /home/hireabox/crm/application/views/edit_booking_view.php 813
ERROR - 2019-08-28 21:34:42 --> Severity: Warning --> count(): Parameter must be an array or an object that implements Countable /home/hireabox/crm/application/views/edit_booking_view.php 950
ERROR - 2019-08-28 21:34:42 --> 404 Page Not Found: _forms/controls
ERROR - 2019-08-28 21:35:38 --> Severity: Warning --> Invalid argument supplied for foreach() /home/hireabox/crm/application/controllers/Booking.php 274
ERROR - 2019-08-28 21:35:38 --> Severity: Warning --> Invalid argument supplied for foreach() /home/hireabox/crm/application/controllers/Booking.php 284
ERROR - 2019-08-28 21:35:38 --> Query error: Column 'en_storage_notify_date' cannot be null - Invalid query: INSERT INTO `enquiry` (en_unique_id, qualified_date, en_date, `is_qualified`, `booking_status`, `en_movetype`, `en_home_office`, `en_servicedate`, `en_servicetime`, `en_deliverytime`, `customer_id`, `en_phone`, `en_email`, `en_storage_provider`, `en_storage_address`, `en_storage_phno`, `contact_id`, `en_packer_selection`, `en_note`, `en_movingfrom_street`, `en_movingfrom_postcode`, `en_movingfrom_suburb`, `en_movingfrom_state`, `en_movingto_street`, `en_movingto_postcode`, `en_movingto_suburb`, `en_movingto_state`, `client_feedback`, `en_referral_source`, `en_promotional_code`, `en_deposit_amt`, `en_no_of_movers`, `en_no_of_trucks`, `en_initial_hours_booked`, `en_ladies_booked`, `en_initial_sellprice`, `en_travelfee`, `en_client_hourly_rate`, `en_additional_charges`, `en_additional_item`, `en_additional_charges_cost`, `en_total_sellprice`, `en_total_costprice`, `en_cubic_meters_booked`, `en_noof_modules_required`, `en_cubic_meters_bystorage`, `en_quotedsell_price`, `en_quotedcost_price`, `en_hireamover_margin`, `en_amountDueNow`, `en_deposit_received`, `en_deposit_paidby`, `en_month_payment_received`, `en_paymentmethod`, `en_ewayrecurring_payment`, `en_futurepayment_log`, `en_eway_refno`, `final_payment_receivedby`, `final_payment_eway_refno`, `head_office_paid`, `en_packing_company_paid`, `removalist_paid`, `en_eway_token`, `created_by`, `additional_pickup`, `additional_delivery`, `is_cost_price_updated`, `booking_created_by`, `storage_agreement_recieved`, `en_storage_provider_street`, `en_storage_provider_postcode`, `en_storage_provider_suburb`, `en_storage_provider_state`, `en_storage_reminder_date`, `en_storage_notify_date`) VALUES (UUID(), now(), now(), 1, '1', '1', NULL, '2019-08-29', '8am', '', '14391', '9874569874', 'darshak.shah@drcinfotech.com', '', NULL, '', '', '', '', '963', '2030', 'Dover Heights', 'NSW', '', '2030', 'Dover Heights', 'NSW', NULL, NULL, NULL, '50.00', '2', '1', '', '', '', '65.00', '130.00', '', '', NULL, '', '', '', '', '', '', '', '', '', NULL, '', NULL, '', '', '', '', '', '', '', NULL, '', '', '1', '{\"en_addpickup_street\":null,\"en_addpickup_postcode\":null,\"en_addpickup_suburb\":null,\"en_addpickup_state\":null}', '{\"en_adddelivery_street\":null,\"en_adddelivery_postcode\":null,\"en_adddelivery_suburb\":null,\"en_adddelivery_state\":null}', '1', '1', '0', '', '', '', 'NSW', '', NULL)
ERROR - 2019-08-28 21:36:16 --> Severity: Warning --> count(): Parameter must be an array or an object that implements Countable /home/hireabox/crm/application/controllers/Notification.php 37
ERROR - 2019-08-28 21:36:16 --> Severity: Warning --> count(): Parameter must be an array or an object that implements Countable /home/hireabox/crm/application/controllers/Notification.php 42
ERROR - 2019-08-28 21:36:16 --> Severity: Warning --> Invalid argument supplied for foreach() /home/hireabox/crm/application/controllers/Notification.php 47
ERROR - 2019-08-28 21:36:16 --> Severity: Warning --> count(): Parameter must be an array or an object that implements Countable /home/hireabox/crm/application/controllers/Notification.php 68
ERROR - 2019-08-28 21:37:33 --> Severity: Warning --> Invalid argument supplied for foreach() /home/hireabox/crm/application/controllers/Booking.php 274
ERROR - 2019-08-28 21:37:33 --> Severity: Warning --> Invalid argument supplied for foreach() /home/hireabox/crm/application/controllers/Booking.php 284
ERROR - 2019-08-28 21:37:33 --> Query error: Column 'en_storage_notify_date' cannot be null - Invalid query: INSERT INTO `enquiry` (en_unique_id, qualified_date, en_date, `is_qualified`, `booking_status`, `en_movetype`, `en_home_office`, `en_servicedate`, `en_servicetime`, `en_deliverytime`, `customer_id`, `en_phone`, `en_email`, `en_storage_provider`, `en_storage_address`, `en_storage_phno`, `contact_id`, `en_packer_selection`, `en_note`, `en_movingfrom_street`, `en_movingfrom_postcode`, `en_movingfrom_suburb`, `en_movingfrom_state`, `en_movingto_street`, `en_movingto_postcode`, `en_movingto_suburb`, `en_movingto_state`, `client_feedback`, `en_referral_source`, `en_promotional_code`, `en_deposit_amt`, `en_no_of_movers`, `en_no_of_trucks`, `en_initial_hours_booked`, `en_ladies_booked`, `en_initial_sellprice`, `en_travelfee`, `en_client_hourly_rate`, `en_additional_charges`, `en_additional_item`, `en_additional_charges_cost`, `en_total_sellprice`, `en_total_costprice`, `en_cubic_meters_booked`, `en_noof_modules_required`, `en_cubic_meters_bystorage`, `en_quotedsell_price`, `en_quotedcost_price`, `en_hireamover_margin`, `en_amountDueNow`, `en_deposit_received`, `en_deposit_paidby`, `en_month_payment_received`, `en_paymentmethod`, `en_ewayrecurring_payment`, `en_futurepayment_log`, `en_eway_refno`, `final_payment_receivedby`, `final_payment_eway_refno`, `head_office_paid`, `en_packing_company_paid`, `removalist_paid`, `en_eway_token`, `created_by`, `additional_pickup`, `additional_delivery`, `is_cost_price_updated`, `booking_created_by`, `storage_agreement_recieved`, `en_storage_provider_street`, `en_storage_provider_postcode`, `en_storage_provider_suburb`, `en_storage_provider_state`, `en_storage_reminder_date`, `en_storage_notify_date`) VALUES (UUID(), now(), now(), 1, '1', '1', NULL, '2019-08-29', '8am', '', '14702', '9909990789', 'kishanvk@drcinfotech.com', '', NULL, '', '', '', '', '963', '2030', 'Dover Heights', 'NSW', '', '2030', 'Dover Heights', 'NSW', NULL, NULL, NULL, '50.00', '2', '1', '', '', '', '65.00', '130.00', '', '', NULL, '', '', '', '', '', '', '', '', '', NULL, '', NULL, '', '', '', '', '', '', '', NULL, '', '', '1', '{\"en_addpickup_street\":null,\"en_addpickup_postcode\":null,\"en_addpickup_suburb\":null,\"en_addpickup_state\":null}', '{\"en_adddelivery_street\":null,\"en_adddelivery_postcode\":null,\"en_adddelivery_suburb\":null,\"en_adddelivery_state\":null}', '1', '1', '0', '', '', '', 'NSW', '', NULL)
ERROR - 2019-08-28 21:41:15 --> Severity: Warning --> count(): Parameter must be an array or an object that implements Countable /home/hireabox/crm/application/controllers/Notification.php 37
ERROR - 2019-08-28 21:41:15 --> Severity: Warning --> count(): Parameter must be an array or an object that implements Countable /home/hireabox/crm/application/controllers/Notification.php 42
ERROR - 2019-08-28 21:41:15 --> Severity: Warning --> Invalid argument supplied for foreach() /home/hireabox/crm/application/controllers/Notification.php 47
ERROR - 2019-08-28 21:41:15 --> Severity: Warning --> count(): Parameter must be an array or an object that implements Countable /home/hireabox/crm/application/controllers/Notification.php 68
ERROR - 2019-08-28 21:41:47 --> Severity: Warning --> Invalid argument supplied for foreach() /home/hireabox/crm/application/controllers/Booking.php 274
ERROR - 2019-08-28 21:41:47 --> Severity: Warning --> Invalid argument supplied for foreach() /home/hireabox/crm/application/controllers/Booking.php 284
ERROR - 2019-08-28 21:41:47 --> Query error: Column 'en_storage_notify_date' cannot be null - Invalid query: INSERT INTO `enquiry` (en_unique_id, qualified_date, en_date, `is_qualified`, `booking_status`, `en_movetype`, `en_home_office`, `en_servicedate`, `en_servicetime`, `en_deliverytime`, `customer_id`, `en_phone`, `en_email`, `en_storage_provider`, `en_storage_address`, `en_storage_phno`, `contact_id`, `en_packer_selection`, `en_note`, `en_movingfrom_street`, `en_movingfrom_postcode`, `en_movingfrom_suburb`, `en_movingfrom_state`, `en_movingto_street`, `en_movingto_postcode`, `en_movingto_suburb`, `en_movingto_state`, `client_feedback`, `en_referral_source`, `en_promotional_code`, `en_deposit_amt`, `en_no_of_movers`, `en_no_of_trucks`, `en_initial_hours_booked`, `en_ladies_booked`, `en_initial_sellprice`, `en_travelfee`, `en_client_hourly_rate`, `en_additional_charges`, `en_additional_item`, `en_additional_charges_cost`, `en_total_sellprice`, `en_total_costprice`, `en_cubic_meters_booked`, `en_noof_modules_required`, `en_cubic_meters_bystorage`, `en_quotedsell_price`, `en_quotedcost_price`, `en_hireamover_margin`, `en_amountDueNow`, `en_deposit_received`, `en_deposit_paidby`, `en_month_payment_received`, `en_paymentmethod`, `en_ewayrecurring_payment`, `en_futurepayment_log`, `en_eway_refno`, `final_payment_receivedby`, `final_payment_eway_refno`, `head_office_paid`, `en_packing_company_paid`, `removalist_paid`, `en_eway_token`, `created_by`, `additional_pickup`, `additional_delivery`, `is_cost_price_updated`, `booking_created_by`, `storage_agreement_recieved`, `en_storage_provider_street`, `en_storage_provider_postcode`, `en_storage_provider_suburb`, `en_storage_provider_state`, `en_storage_reminder_date`, `en_storage_notify_date`) VALUES (UUID(), now(), now(), 1, '1', '1', NULL, '2019-08-29', '8am', '', '14702', '9909990789', 'kishanvk@drcinfotech.com', '', NULL, '', '', '', '', '963', '2030', 'Dover Heights', 'NSW', '', '2030', 'Dover Heights', 'NSW', NULL, NULL, NULL, '50.00', '2', '1', '', '', '', '65.00', '130.00', '', '', NULL, '', '', '', '', '', '', '', '', '', NULL, '', NULL, '', '', '', '', '', '', '', NULL, '', '', '1', '{\"en_addpickup_street\":null,\"en_addpickup_postcode\":null,\"en_addpickup_suburb\":null,\"en_addpickup_state\":null}', '{\"en_adddelivery_street\":null,\"en_adddelivery_postcode\":null,\"en_adddelivery_suburb\":null,\"en_adddelivery_state\":null}', '1', '1', '0', '', '', '', 'NSW', '', NULL)
ERROR - 2019-08-28 21:42:15 --> Severity: Warning --> Invalid argument supplied for foreach() /home/hireabox/crm/application/controllers/Booking.php 274
ERROR - 2019-08-28 21:42:15 --> Severity: Warning --> Invalid argument supplied for foreach() /home/hireabox/crm/application/controllers/Booking.php 284
ERROR - 2019-08-28 21:42:15 --> Query error: Column 'en_storage_notify_date' cannot be null - Invalid query: INSERT INTO `enquiry` (en_unique_id, qualified_date, en_date, `is_qualified`, `booking_status`, `en_movetype`, `en_home_office`, `en_servicedate`, `en_servicetime`, `en_deliverytime`, `customer_id`, `en_phone`, `en_email`, `en_storage_provider`, `en_storage_address`, `en_storage_phno`, `contact_id`, `en_packer_selection`, `en_note`, `en_movingfrom_street`, `en_movingfrom_postcode`, `en_movingfrom_suburb`, `en_movingfrom_state`, `en_movingto_street`, `en_movingto_postcode`, `en_movingto_suburb`, `en_movingto_state`, `client_feedback`, `en_referral_source`, `en_promotional_code`, `en_deposit_amt`, `en_no_of_movers`, `en_no_of_trucks`, `en_initial_hours_booked`, `en_ladies_booked`, `en_initial_sellprice`, `en_travelfee`, `en_client_hourly_rate`, `en_additional_charges`, `en_additional_item`, `en_additional_charges_cost`, `en_total_sellprice`, `en_total_costprice`, `en_cubic_meters_booked`, `en_noof_modules_required`, `en_cubic_meters_bystorage`, `en_quotedsell_price`, `en_quotedcost_price`, `en_hireamover_margin`, `en_amountDueNow`, `en_deposit_received`, `en_deposit_paidby`, `en_month_payment_received`, `en_paymentmethod`, `en_ewayrecurring_payment`, `en_futurepayment_log`, `en_eway_refno`, `final_payment_receivedby`, `final_payment_eway_refno`, `head_office_paid`, `en_packing_company_paid`, `removalist_paid`, `en_eway_token`, `created_by`, `additional_pickup`, `additional_delivery`, `is_cost_price_updated`, `booking_created_by`, `storage_agreement_recieved`, `en_storage_provider_street`, `en_storage_provider_postcode`, `en_storage_provider_suburb`, `en_storage_provider_state`, `en_storage_reminder_date`, `en_storage_notify_date`) VALUES (UUID(), now(), now(), 1, '1', '1', NULL, '2019-08-29', '8am', '', '14702', '9909990789', 'kishanvk@drcinfotech.com', '', NULL, '', '', '', '', '963', '2030', 'Dover Heights', 'NSW', '', '2030', 'Dover Heights', 'NSW', NULL, NULL, NULL, '50.00', '2', '1', '', '', '', '65.00', '130.00', '', '', NULL, '', '', '', '', '', '', '', '', '', NULL, '', NULL, '', '', '', '', '', '', '', NULL, '', '', '1', '{\"en_addpickup_street\":null,\"en_addpickup_postcode\":null,\"en_addpickup_suburb\":null,\"en_addpickup_state\":null}', '{\"en_adddelivery_street\":null,\"en_adddelivery_postcode\":null,\"en_adddelivery_suburb\":null,\"en_adddelivery_state\":null}', '1', '1', '0', '', '', '', 'NSW', '', NULL)
ERROR - 2019-08-28 21:43:16 --> Severity: Warning --> Invalid argument supplied for foreach() /home/hireabox/crm/application/controllers/Booking.php 274
ERROR - 2019-08-28 21:43:16 --> Severity: Warning --> Invalid argument supplied for foreach() /home/hireabox/crm/application/controllers/Booking.php 284
ERROR - 2019-08-28 21:43:16 --> Severity: Warning --> count(): Parameter must be an array or an object that implements Countable /home/hireabox/crm/application/models/Booking_model.php 259
ERROR - 2019-08-28 21:43:16 --> Severity: Warning --> count(): Parameter must be an array or an object that implements Countable /home/hireabox/crm/application/models/Booking_model.php 269
ERROR - 2019-08-28 21:43:17 --> Severity: Warning --> Invalid argument supplied for foreach() /home/hireabox/crm/application/views/edit_booking_view.php 307
ERROR - 2019-08-28 21:43:17 --> Severity: Warning --> Invalid argument supplied for foreach() /home/hireabox/crm/application/views/edit_booking_view.php 330
ERROR - 2019-08-28 21:43:17 --> Severity: Warning --> Invalid argument supplied for foreach() /home/hireabox/crm/application/views/edit_booking_view.php 414
ERROR - 2019-08-28 21:43:17 --> Severity: Warning --> Invalid argument supplied for foreach() /home/hireabox/crm/application/views/edit_booking_view.php 510
ERROR - 2019-08-28 21:43:17 --> Severity: Warning --> count(): Parameter must be an array or an object that implements Countable /home/hireabox/crm/application/views/edit_booking_view.php 813
ERROR - 2019-08-28 21:43:17 --> Severity: Warning --> count(): Parameter must be an array or an object that implements Countable /home/hireabox/crm/application/views/edit_booking_view.php 950
ERROR - 2019-08-28 21:43:25 --> 404 Page Not Found: Assets/custom
ERROR - 2019-08-28 21:45:35 --> Severity: Warning --> count(): Parameter must be an array or an object that implements Countable /home/hireabox/crm/application/controllers/Notification.php 37
ERROR - 2019-08-28 21:45:35 --> Severity: Warning --> count(): Parameter must be an array or an object that implements Countable /home/hireabox/crm/application/controllers/Notification.php 42
ERROR - 2019-08-28 21:45:35 --> Severity: Warning --> Invalid argument supplied for foreach() /home/hireabox/crm/application/controllers/Notification.php 47
ERROR - 2019-08-28 21:45:35 --> Severity: Warning --> count(): Parameter must be an array or an object that implements Countable /home/hireabox/crm/application/controllers/Notification.php 68
ERROR - 2019-08-28 21:50:15 --> Severity: Warning --> count(): Parameter must be an array or an object that implements Countable /home/hireabox/crm/application/controllers/Notification.php 37
ERROR - 2019-08-28 21:50:15 --> Severity: Warning --> count(): Parameter must be an array or an object that implements Countable /home/hireabox/crm/application/controllers/Notification.php 42
ERROR - 2019-08-28 21:50:15 --> Severity: Warning --> Invalid argument supplied for foreach() /home/hireabox/crm/application/controllers/Notification.php 47
ERROR - 2019-08-28 21:50:15 --> Severity: Warning --> count(): Parameter must be an array or an object that implements Countable /home/hireabox/crm/application/controllers/Notification.php 68
ERROR - 2019-08-28 21:50:56 --> Severity: Warning --> Invalid argument supplied for foreach() /home/hireabox/crm/application/controllers/Booking.php 507
ERROR - 2019-08-28 21:50:56 --> Severity: Warning --> Invalid argument supplied for foreach() /home/hireabox/crm/application/controllers/Booking.php 517
ERROR - 2019-08-28 21:50:56 --> Severity: Warning --> count(): Parameter must be an array or an object that implements Countable /home/hireabox/crm/application/models/Booking_model.php 94
ERROR - 2019-08-28 21:50:56 --> Severity: Warning --> count(): Parameter must be an array or an object that implements Countable /home/hireabox/crm/application/models/Booking_model.php 104
ERROR - 2019-08-28 21:50:57 --> Severity: Warning --> Invalid argument supplied for foreach() /home/hireabox/crm/application/views/enquiries_notes_view.php 10
ERROR - 2019-08-28 21:51:54 --> 404 Page Not Found: Assets/global
ERROR - 2019-08-28 21:51:58 --> 404 Page Not Found: Assets/custom
ERROR - 2019-08-28 21:52:16 --> 404 Page Not Found: Assets/custom
ERROR - 2019-08-28 21:52:54 --> 404 Page Not Found: Assets/custom
ERROR - 2019-08-28 21:53:45 --> Severity: Warning --> Invalid argument supplied for foreach() /home/hireabox/crm/application/controllers/Booking.php 274
ERROR - 2019-08-28 21:53:45 --> Severity: Warning --> Invalid argument supplied for foreach() /home/hireabox/crm/application/controllers/Booking.php 284
ERROR - 2019-08-28 21:53:45 --> Severity: Warning --> count(): Parameter must be an array or an object that implements Countable /home/hireabox/crm/application/models/Booking_model.php 259
ERROR - 2019-08-28 21:53:45 --> Severity: Warning --> count(): Parameter must be an array or an object that implements Countable /home/hireabox/crm/application/models/Booking_model.php 269
ERROR - 2019-08-28 21:53:45 --> Severity: Warning --> Invalid argument supplied for foreach() /home/hireabox/crm/application/views/edit_booking_view.php 307
ERROR - 2019-08-28 21:53:45 --> Severity: Warning --> Invalid argument supplied for foreach() /home/hireabox/crm/application/views/edit_booking_view.php 330
ERROR - 2019-08-28 21:53:45 --> Severity: Warning --> Invalid argument supplied for foreach() /home/hireabox/crm/application/views/edit_booking_view.php 414
ERROR - 2019-08-28 21:53:45 --> Severity: Warning --> Invalid argument supplied for foreach() /home/hireabox/crm/application/views/edit_booking_view.php 510
ERROR - 2019-08-28 21:53:45 --> Severity: Warning --> count(): Parameter must be an array or an object that implements Countable /home/hireabox/crm/application/views/edit_booking_view.php 813
ERROR - 2019-08-28 21:53:45 --> Severity: Warning --> count(): Parameter must be an array or an object that implements Countable /home/hireabox/crm/application/views/edit_booking_view.php 950
ERROR - 2019-08-28 21:53:54 --> 404 Page Not Found: Assets/custom
ERROR - 2019-08-28 21:54:56 --> Severity: Warning --> count(): Parameter must be an array or an object that implements Countable /home/hireabox/crm/application/controllers/Notification.php 37
ERROR - 2019-08-28 21:54:56 --> Severity: Warning --> count(): Parameter must be an array or an object that implements Countable /home/hireabox/crm/application/controllers/Notification.php 42
ERROR - 2019-08-28 21:54:56 --> Severity: Warning --> Invalid argument supplied for foreach() /home/hireabox/crm/application/controllers/Notification.php 47
ERROR - 2019-08-28 21:54:56 --> Severity: Warning --> count(): Parameter must be an array or an object that implements Countable /home/hireabox/crm/application/controllers/Notification.php 68
ERROR - 2019-08-28 21:55:04 --> Severity: Warning --> Invalid argument supplied for foreach() /home/hireabox/crm/application/controllers/Booking.php 274
ERROR - 2019-08-28 21:55:04 --> Severity: Warning --> Invalid argument supplied for foreach() /home/hireabox/crm/application/controllers/Booking.php 284
ERROR - 2019-08-28 21:55:04 --> Severity: Warning --> count(): Parameter must be an array or an object that implements Countable /home/hireabox/crm/application/models/Booking_model.php 259
ERROR - 2019-08-28 21:55:04 --> Severity: Warning --> count(): Parameter must be an array or an object that implements Countable /home/hireabox/crm/application/models/Booking_model.php 269
ERROR - 2019-08-28 21:55:04 --> Severity: Warning --> Invalid argument supplied for foreach() /home/hireabox/crm/application/views/edit_booking_view.php 330
ERROR - 2019-08-28 21:55:04 --> Severity: Warning --> Invalid argument supplied for foreach() /home/hireabox/crm/application/views/edit_booking_view.php 355
ERROR - 2019-08-28 21:55:04 --> Severity: Warning --> Invalid argument supplied for foreach() /home/hireabox/crm/application/views/edit_booking_view.php 414
ERROR - 2019-08-28 21:55:04 --> Severity: Warning --> Invalid argument supplied for foreach() /home/hireabox/crm/application/views/edit_booking_view.php 510
ERROR - 2019-08-28 21:55:04 --> Severity: Warning --> count(): Parameter must be an array or an object that implements Countable /home/hireabox/crm/application/views/edit_booking_view.php 813
ERROR - 2019-08-28 21:55:04 --> Severity: Warning --> count(): Parameter must be an array or an object that implements Countable /home/hireabox/crm/application/views/edit_booking_view.php 950
ERROR - 2019-08-28 21:56:41 --> Severity: Warning --> Invalid argument supplied for foreach() /home/hireabox/crm/application/controllers/Booking.php 274
ERROR - 2019-08-28 21:56:41 --> Severity: Warning --> Invalid argument supplied for foreach() /home/hireabox/crm/application/controllers/Booking.php 284
ERROR - 2019-08-28 21:56:41 --> Severity: Warning --> count(): Parameter must be an array or an object that implements Countable /home/hireabox/crm/application/models/Booking_model.php 259
ERROR - 2019-08-28 21:56:41 --> Severity: Warning --> count(): Parameter must be an array or an object that implements Countable /home/hireabox/crm/application/models/Booking_model.php 269
ERROR - 2019-08-28 21:56:41 --> Severity: Warning --> Invalid argument supplied for foreach() /home/hireabox/crm/application/views/edit_booking_view.php 330
ERROR - 2019-08-28 21:56:41 --> Severity: Warning --> Invalid argument supplied for foreach() /home/hireabox/crm/application/views/edit_booking_view.php 414
ERROR - 2019-08-28 21:56:41 --> Severity: Warning --> Invalid argument supplied for foreach() /home/hireabox/crm/application/views/edit_booking_view.php 510
ERROR - 2019-08-28 21:56:41 --> Severity: Warning --> count(): Parameter must be an array or an object that implements Countable /home/hireabox/crm/application/views/edit_booking_view.php 813
ERROR - 2019-08-28 21:56:41 --> Severity: Warning --> count(): Parameter must be an array or an object that implements Countable /home/hireabox/crm/application/views/edit_booking_view.php 950
ERROR - 2019-08-28 21:59:13 --> Severity: Warning --> Invalid argument supplied for foreach() /home/hireabox/crm/application/controllers/Booking.php 274
ERROR - 2019-08-28 21:59:13 --> Severity: Warning --> Invalid argument supplied for foreach() /home/hireabox/crm/application/controllers/Booking.php 284
ERROR - 2019-08-28 21:59:13 --> Severity: Warning --> count(): Parameter must be an array or an object that implements Countable /home/hireabox/crm/application/models/Booking_model.php 259
ERROR - 2019-08-28 21:59:13 --> Severity: Warning --> count(): Parameter must be an array or an object that implements Countable /home/hireabox/crm/application/models/Booking_model.php 269
ERROR - 2019-08-28 21:59:13 --> Severity: Warning --> Invalid argument supplied for foreach() /home/hireabox/crm/application/views/edit_booking_view.php 330
ERROR - 2019-08-28 21:59:13 --> Severity: Warning --> Invalid argument supplied for foreach() /home/hireabox/crm/application/views/edit_booking_view.php 414
ERROR - 2019-08-28 21:59:13 --> Severity: Warning --> Invalid argument supplied for foreach() /home/hireabox/crm/application/views/edit_booking_view.php 510
ERROR - 2019-08-28 21:59:13 --> Severity: Warning --> count(): Parameter must be an array or an object that implements Countable /home/hireabox/crm/application/views/edit_booking_view.php 813
ERROR - 2019-08-28 21:59:13 --> Severity: Warning --> count(): Parameter must be an array or an object that implements Countable /home/hireabox/crm/application/views/edit_booking_view.php 950
ERROR - 2019-08-28 21:59:35 --> Severity: Warning --> count(): Parameter must be an array or an object that implements Countable /home/hireabox/crm/application/controllers/Notification.php 37
ERROR - 2019-08-28 21:59:35 --> Severity: Warning --> count(): Parameter must be an array or an object that implements Countable /home/hireabox/crm/application/controllers/Notification.php 42
ERROR - 2019-08-28 21:59:35 --> Severity: Warning --> Invalid argument supplied for foreach() /home/hireabox/crm/application/controllers/Notification.php 47
ERROR - 2019-08-28 21:59:35 --> Severity: Warning --> count(): Parameter must be an array or an object that implements Countable /home/hireabox/crm/application/controllers/Notification.php 68
ERROR - 2019-08-28 21:59:45 --> Severity: Warning --> Invalid argument supplied for foreach() /home/hireabox/crm/application/views/edit_booking_view.php 330
ERROR - 2019-08-28 21:59:45 --> Severity: Warning --> Invalid argument supplied for foreach() /home/hireabox/crm/application/views/edit_booking_view.php 414
ERROR - 2019-08-28 21:59:45 --> Severity: Warning --> Invalid argument supplied for foreach() /home/hireabox/crm/application/views/edit_booking_view.php 510
ERROR - 2019-08-28 21:59:45 --> Severity: Warning --> count(): Parameter must be an array or an object that implements Countable /home/hireabox/crm/application/views/edit_booking_view.php 813
ERROR - 2019-08-28 21:59:45 --> Severity: Warning --> count(): Parameter must be an array or an object that implements Countable /home/hireabox/crm/application/views/edit_booking_view.php 950
ERROR - 2019-08-28 22:00:18 --> Severity: Warning --> Invalid argument supplied for foreach() /home/hireabox/crm/application/controllers/Booking.php 507
ERROR - 2019-08-28 22:00:18 --> Severity: Warning --> Invalid argument supplied for foreach() /home/hireabox/crm/application/controllers/Booking.php 517
ERROR - 2019-08-28 22:00:18 --> Severity: Warning --> count(): Parameter must be an array or an object that implements Countable /home/hireabox/crm/application/models/Booking_model.php 94
ERROR - 2019-08-28 22:00:18 --> Severity: Warning --> count(): Parameter must be an array or an object that implements Countable /home/hireabox/crm/application/models/Booking_model.php 104
ERROR - 2019-08-28 22:00:19 --> Severity: Warning --> Invalid argument supplied for foreach() /home/hireabox/crm/application/views/enquiries_notes_view.php 10
ERROR - 2019-08-28 22:02:53 --> Severity: Warning --> Invalid argument supplied for foreach() /home/hireabox/crm/application/controllers/Booking.php 274
ERROR - 2019-08-28 22:02:53 --> Severity: Warning --> Invalid argument supplied for foreach() /home/hireabox/crm/application/controllers/Booking.php 284
ERROR - 2019-08-28 22:02:53 --> Severity: Warning --> count(): Parameter must be an array or an object that implements Countable /home/hireabox/crm/application/models/Booking_model.php 259
ERROR - 2019-08-28 22:02:53 --> Severity: Warning --> count(): Parameter must be an array or an object that implements Countable /home/hireabox/crm/application/models/Booking_model.php 269
ERROR - 2019-08-28 22:02:54 --> Severity: Warning --> Invalid argument supplied for foreach() /home/hireabox/crm/application/views/edit_booking_view.php 307
ERROR - 2019-08-28 22:02:54 --> Severity: Warning --> Invalid argument supplied for foreach() /home/hireabox/crm/application/views/edit_booking_view.php 330
ERROR - 2019-08-28 22:02:54 --> Severity: Warning --> Invalid argument supplied for foreach() /home/hireabox/crm/application/views/edit_booking_view.php 414
ERROR - 2019-08-28 22:02:54 --> Severity: Warning --> Invalid argument supplied for foreach() /home/hireabox/crm/application/views/edit_booking_view.php 510
ERROR - 2019-08-28 22:02:54 --> Severity: Warning --> count(): Parameter must be an array or an object that implements Countable /home/hireabox/crm/application/views/edit_booking_view.php 813
ERROR - 2019-08-28 22:02:54 --> Severity: Warning --> count(): Parameter must be an array or an object that implements Countable /home/hireabox/crm/application/views/edit_booking_view.php 950
ERROR - 2019-08-28 22:03:50 --> Severity: Warning --> Invalid argument supplied for foreach() /home/hireabox/crm/application/controllers/Booking.php 274
ERROR - 2019-08-28 22:03:50 --> Severity: Warning --> Invalid argument supplied for foreach() /home/hireabox/crm/application/controllers/Booking.php 284
ERROR - 2019-08-28 22:03:50 --> Severity: Warning --> count(): Parameter must be an array or an object that implements Countable /home/hireabox/crm/application/models/Booking_model.php 259
ERROR - 2019-08-28 22:03:50 --> Severity: Warning --> count(): Parameter must be an array or an object that implements Countable /home/hireabox/crm/application/models/Booking_model.php 269
ERROR - 2019-08-28 22:03:51 --> Severity: Warning --> Invalid argument supplied for foreach() /home/hireabox/crm/application/views/edit_booking_view.php 330
ERROR - 2019-08-28 22:03:51 --> Severity: Warning --> Invalid argument supplied for foreach() /home/hireabox/crm/application/views/edit_booking_view.php 355
ERROR - 2019-08-28 22:03:51 --> Severity: Warning --> Invalid argument supplied for foreach() /home/hireabox/crm/application/views/edit_booking_view.php 414
ERROR - 2019-08-28 22:03:51 --> Severity: Warning --> Invalid argument supplied for foreach() /home/hireabox/crm/application/views/edit_booking_view.php 510
ERROR - 2019-08-28 22:03:51 --> Severity: Warning --> count(): Parameter must be an array or an object that implements Countable /home/hireabox/crm/application/views/edit_booking_view.php 813
ERROR - 2019-08-28 22:03:51 --> Severity: Warning --> count(): Parameter must be an array or an object that implements Countable /home/hireabox/crm/application/views/edit_booking_view.php 950
ERROR - 2019-08-28 22:04:16 --> Severity: Warning --> count(): Parameter must be an array or an object that implements Countable /home/hireabox/crm/application/controllers/Notification.php 37
ERROR - 2019-08-28 22:04:16 --> Severity: Warning --> count(): Parameter must be an array or an object that implements Countable /home/hireabox/crm/application/controllers/Notification.php 42
ERROR - 2019-08-28 22:04:16 --> Severity: Warning --> Invalid argument supplied for foreach() /home/hireabox/crm/application/controllers/Notification.php 47
ERROR - 2019-08-28 22:04:16 --> Severity: Warning --> count(): Parameter must be an array or an object that implements Countable /home/hireabox/crm/application/controllers/Notification.php 68
ERROR - 2019-08-28 22:04:20 --> Severity: Warning --> Invalid argument supplied for foreach() /home/hireabox/crm/application/views/edit_booking_view.php 307
ERROR - 2019-08-28 22:04:20 --> Severity: Warning --> Invalid argument supplied for foreach() /home/hireabox/crm/application/views/edit_booking_view.php 330
ERROR - 2019-08-28 22:04:20 --> Severity: Warning --> Invalid argument supplied for foreach() /home/hireabox/crm/application/views/edit_booking_view.php 414
ERROR - 2019-08-28 22:04:20 --> Severity: Warning --> Invalid argument supplied for foreach() /home/hireabox/crm/application/views/edit_booking_view.php 510
ERROR - 2019-08-28 22:04:20 --> Severity: Warning --> count(): Parameter must be an array or an object that implements Countable /home/hireabox/crm/application/views/edit_booking_view.php 813
ERROR - 2019-08-28 22:04:20 --> Severity: Warning --> count(): Parameter must be an array or an object that implements Countable /home/hireabox/crm/application/views/edit_booking_view.php 950
ERROR - 2019-08-28 22:04:37 --> Severity: Warning --> Invalid argument supplied for foreach() /home/hireabox/crm/application/controllers/Booking.php 507
ERROR - 2019-08-28 22:04:37 --> Severity: Warning --> Invalid argument supplied for foreach() /home/hireabox/crm/application/controllers/Booking.php 517
ERROR - 2019-08-28 22:04:37 --> Severity: Warning --> count(): Parameter must be an array or an object that implements Countable /home/hireabox/crm/application/models/Booking_model.php 94
ERROR - 2019-08-28 22:04:37 --> Severity: Warning --> count(): Parameter must be an array or an object that implements Countable /home/hireabox/crm/application/models/Booking_model.php 104
ERROR - 2019-08-28 22:04:38 --> Severity: Warning --> Invalid argument supplied for foreach() /home/hireabox/crm/application/views/enquiries_notes_view.php 10
ERROR - 2019-08-28 22:04:48 --> Severity: Warning --> Invalid argument supplied for foreach() /home/hireabox/crm/application/views/edit_booking_view.php 330
ERROR - 2019-08-28 22:04:48 --> Severity: Warning --> Invalid argument supplied for foreach() /home/hireabox/crm/application/views/edit_booking_view.php 355
ERROR - 2019-08-28 22:04:48 --> Severity: Warning --> Invalid argument supplied for foreach() /home/hireabox/crm/application/views/edit_booking_view.php 414
ERROR - 2019-08-28 22:04:48 --> Severity: Warning --> Invalid argument supplied for foreach() /home/hireabox/crm/application/views/edit_booking_view.php 510
ERROR - 2019-08-28 22:04:48 --> Severity: Warning --> count(): Parameter must be an array or an object that implements Countable /home/hireabox/crm/application/views/edit_booking_view.php 813
ERROR - 2019-08-28 22:04:48 --> Severity: Warning --> count(): Parameter must be an array or an object that implements Countable /home/hireabox/crm/application/views/edit_booking_view.php 950
ERROR - 2019-08-28 22:04:58 --> Severity: Warning --> Invalid argument supplied for foreach() /home/hireabox/crm/application/controllers/Booking.php 507
ERROR - 2019-08-28 22:04:58 --> Severity: Warning --> Invalid argument supplied for foreach() /home/hireabox/crm/application/controllers/Booking.php 517
ERROR - 2019-08-28 22:04:59 --> Severity: Warning --> Invalid argument supplied for foreach() /home/hireabox/crm/application/views/enquiries_notes_view.php 10
ERROR - 2019-08-28 22:05:04 --> 404 Page Not Found: Assets/custom
ERROR - 2019-08-28 22:05:04 --> 404 Page Not Found: Assets/global
ERROR - 2019-08-28 22:06:40 --> Severity: Warning --> Invalid argument supplied for foreach() /home/hireabox/crm/application/views/edit_booking_view.php 330
ERROR - 2019-08-28 22:06:40 --> Severity: Warning --> count(): Parameter must be an array or an object that implements Countable /home/hireabox/crm/application/views/edit_booking_view.php 813
ERROR - 2019-08-28 22:06:40 --> Severity: Warning --> count(): Parameter must be an array or an object that implements Countable /home/hireabox/crm/application/views/edit_booking_view.php 950
ERROR - 2019-08-28 22:06:40 --> 404 Page Not Found: _forms/controls
ERROR - 2019-08-28 22:08:48 --> Severity: Warning --> Invalid argument supplied for foreach() /home/hireabox/crm/application/controllers/Enquiries.php 1083
ERROR - 2019-08-28 22:08:52 --> Severity: Warning --> Invalid argument supplied for foreach() /home/hireabox/crm/application/controllers/Enquiries.php 1083
ERROR - 2019-08-28 22:08:53 --> Severity: Warning --> Invalid argument supplied for foreach() /home/hireabox/crm/application/views/edit_booking_view.php 330
ERROR - 2019-08-28 22:08:53 --> Severity: Warning --> Invalid argument supplied for foreach() /home/hireabox/crm/application/views/edit_booking_view.php 414
ERROR - 2019-08-28 22:08:53 --> Severity: Warning --> Invalid argument supplied for foreach() /home/hireabox/crm/application/views/edit_booking_view.php 510
ERROR - 2019-08-28 22:08:53 --> Severity: Warning --> count(): Parameter must be an array or an object that implements Countable /home/hireabox/crm/application/views/edit_booking_view.php 813
ERROR - 2019-08-28 22:08:53 --> Severity: Warning --> count(): Parameter must be an array or an object that implements Countable /home/hireabox/crm/application/views/edit_booking_view.php 950
ERROR - 2019-08-28 22:08:55 --> Severity: Warning --> count(): Parameter must be an array or an object that implements Countable /home/hireabox/crm/application/controllers/Notification.php 37
ERROR - 2019-08-28 22:08:55 --> Severity: Warning --> count(): Parameter must be an array or an object that implements Countable /home/hireabox/crm/application/controllers/Notification.php 42
ERROR - 2019-08-28 22:08:55 --> Severity: Warning --> Invalid argument supplied for foreach() /home/hireabox/crm/application/controllers/Notification.php 47
ERROR - 2019-08-28 22:08:55 --> Severity: Warning --> count(): Parameter must be an array or an object that implements Countable /home/hireabox/crm/application/controllers/Notification.php 68
ERROR - 2019-08-28 22:08:55 --> Severity: Warning --> Invalid argument supplied for foreach() /home/hireabox/crm/application/controllers/Enquiries.php 1083
ERROR - 2019-08-28 22:09:16 --> Severity: Warning --> Invalid argument supplied for foreach() /home/hireabox/crm/application/controllers/Enquiries.php 1083
ERROR - 2019-08-28 22:13:35 --> Severity: Warning --> count(): Parameter must be an array or an object that implements Countable /home/hireabox/crm/application/controllers/Notification.php 37
ERROR - 2019-08-28 22:13:35 --> Severity: Warning --> count(): Parameter must be an array or an object that implements Countable /home/hireabox/crm/application/controllers/Notification.php 42
ERROR - 2019-08-28 22:13:35 --> Severity: Warning --> Invalid argument supplied for foreach() /home/hireabox/crm/application/controllers/Notification.php 47
ERROR - 2019-08-28 22:13:35 --> Severity: Warning --> count(): Parameter must be an array or an object that implements Countable /home/hireabox/crm/application/controllers/Notification.php 68
ERROR - 2019-08-28 22:18:15 --> Severity: Warning --> count(): Parameter must be an array or an object that implements Countable /home/hireabox/crm/application/controllers/Notification.php 37
ERROR - 2019-08-28 22:18:15 --> Severity: Warning --> count(): Parameter must be an array or an object that implements Countable /home/hireabox/crm/application/controllers/Notification.php 42
ERROR - 2019-08-28 22:18:15 --> Severity: Warning --> Invalid argument supplied for foreach() /home/hireabox/crm/application/controllers/Notification.php 47
ERROR - 2019-08-28 22:18:15 --> Severity: Warning --> count(): Parameter must be an array or an object that implements Countable /home/hireabox/crm/application/controllers/Notification.php 68
ERROR - 2019-08-28 22:18:41 --> 404 Page Not Found: Assets/custom
ERROR - 2019-08-28 22:22:56 --> Severity: Warning --> count(): Parameter must be an array or an object that implements Countable /home/hireabox/crm/application/controllers/Notification.php 37
ERROR - 2019-08-28 22:22:56 --> Severity: Warning --> count(): Parameter must be an array or an object that implements Countable /home/hireabox/crm/application/controllers/Notification.php 42
ERROR - 2019-08-28 22:22:56 --> Severity: Warning --> Invalid argument supplied for foreach() /home/hireabox/crm/application/controllers/Notification.php 47
ERROR - 2019-08-28 22:22:56 --> Severity: Warning --> count(): Parameter must be an array or an object that implements Countable /home/hireabox/crm/application/controllers/Notification.php 68
ERROR - 2019-08-28 22:27:35 --> Severity: Warning --> count(): Parameter must be an array or an object that implements Countable /home/hireabox/crm/application/controllers/Notification.php 37
ERROR - 2019-08-28 22:27:35 --> Severity: Warning --> count(): Parameter must be an array or an object that implements Countable /home/hireabox/crm/application/controllers/Notification.php 42
ERROR - 2019-08-28 22:27:35 --> Severity: Warning --> Invalid argument supplied for foreach() /home/hireabox/crm/application/controllers/Notification.php 47
ERROR - 2019-08-28 22:27:35 --> Severity: Warning --> count(): Parameter must be an array or an object that implements Countable /home/hireabox/crm/application/controllers/Notification.php 68
ERROR - 2019-08-28 22:32:36 --> Severity: Warning --> count(): Parameter must be an array or an object that implements Countable /home/hireabox/crm/application/controllers/Notification.php 37
ERROR - 2019-08-28 22:32:36 --> Severity: Warning --> count(): Parameter must be an array or an object that implements Countable /home/hireabox/crm/application/controllers/Notification.php 42
ERROR - 2019-08-28 22:32:36 --> Severity: Warning --> Invalid argument supplied for foreach() /home/hireabox/crm/application/controllers/Notification.php 47
ERROR - 2019-08-28 22:32:36 --> Severity: Warning --> count(): Parameter must be an array or an object that implements Countable /home/hireabox/crm/application/controllers/Notification.php 68
ERROR - 2019-08-28 22:33:31 --> Severity: Warning --> count(): Parameter must be an array or an object that implements Countable /home/hireabox/crm/application/models/Enquiry_model.php 159
ERROR - 2019-08-28 22:33:31 --> Severity: Warning --> count(): Parameter must be an array or an object that implements Countable /home/hireabox/crm/application/models/Enquiry_model.php 169
ERROR - 2019-08-28 22:37:15 --> Severity: Warning --> count(): Parameter must be an array or an object that implements Countable /home/hireabox/crm/application/controllers/Notification.php 37
ERROR - 2019-08-28 22:37:15 --> Severity: Warning --> count(): Parameter must be an array or an object that implements Countable /home/hireabox/crm/application/controllers/Notification.php 42
ERROR - 2019-08-28 22:37:15 --> Severity: Warning --> Invalid argument supplied for foreach() /home/hireabox/crm/application/controllers/Notification.php 47
ERROR - 2019-08-28 22:37:15 --> Severity: Warning --> count(): Parameter must be an array or an object that implements Countable /home/hireabox/crm/application/controllers/Notification.php 68
ERROR - 2019-08-28 22:41:36 --> Severity: Warning --> count(): Parameter must be an array or an object that implements Countable /home/hireabox/crm/application/controllers/Notification.php 37
ERROR - 2019-08-28 22:41:36 --> Severity: Warning --> count(): Parameter must be an array or an object that implements Countable /home/hireabox/crm/application/controllers/Notification.php 42
ERROR - 2019-08-28 22:41:36 --> Severity: Warning --> Invalid argument supplied for foreach() /home/hireabox/crm/application/controllers/Notification.php 47
ERROR - 2019-08-28 22:41:36 --> Severity: Warning --> count(): Parameter must be an array or an object that implements Countable /home/hireabox/crm/application/controllers/Notification.php 68
ERROR - 2019-08-28 22:46:28 --> Severity: Warning --> count(): Parameter must be an array or an object that implements Countable /home/hireabox/crm/application/controllers/Notification.php 37
ERROR - 2019-08-28 22:46:28 --> Severity: Warning --> count(): Parameter must be an array or an object that implements Countable /home/hireabox/crm/application/controllers/Notification.php 42
ERROR - 2019-08-28 22:46:28 --> Severity: Warning --> Invalid argument supplied for foreach() /home/hireabox/crm/application/controllers/Notification.php 47
ERROR - 2019-08-28 22:46:28 --> Severity: Warning --> count(): Parameter must be an array or an object that implements Countable /home/hireabox/crm/application/controllers/Notification.php 68
ERROR - 2019-08-28 22:50:55 --> Severity: Warning --> count(): Parameter must be an array or an object that implements Countable /home/hireabox/crm/application/controllers/Notification.php 37
ERROR - 2019-08-28 22:50:55 --> Severity: Warning --> count(): Parameter must be an array or an object that implements Countable /home/hireabox/crm/application/controllers/Notification.php 42
ERROR - 2019-08-28 22:50:55 --> Severity: Warning --> Invalid argument supplied for foreach() /home/hireabox/crm/application/controllers/Notification.php 47
ERROR - 2019-08-28 22:50:55 --> Severity: Warning --> count(): Parameter must be an array or an object that implements Countable /home/hireabox/crm/application/controllers/Notification.php 68
ERROR - 2019-08-28 22:55:35 --> Severity: Warning --> count(): Parameter must be an array or an object that implements Countable /home/hireabox/crm/application/controllers/Notification.php 37
ERROR - 2019-08-28 22:55:35 --> Severity: Warning --> count(): Parameter must be an array or an object that implements Countable /home/hireabox/crm/application/controllers/Notification.php 42
ERROR - 2019-08-28 22:55:35 --> Severity: Warning --> Invalid argument supplied for foreach() /home/hireabox/crm/application/controllers/Notification.php 47
ERROR - 2019-08-28 22:55:35 --> Severity: Warning --> count(): Parameter must be an array or an object that implements Countable /home/hireabox/crm/application/controllers/Notification.php 68
ERROR - 2019-08-28 23:00:16 --> Severity: Warning --> count(): Parameter must be an array or an object that implements Countable /home/hireabox/crm/application/controllers/Notification.php 37
ERROR - 2019-08-28 23:00:16 --> Severity: Warning --> count(): Parameter must be an array or an object that implements Countable /home/hireabox/crm/application/controllers/Notification.php 42
ERROR - 2019-08-28 23:00:16 --> Severity: Warning --> Invalid argument supplied for foreach() /home/hireabox/crm/application/controllers/Notification.php 47
ERROR - 2019-08-28 23:00:16 --> Severity: Warning --> count(): Parameter must be an array or an object that implements Countable /home/hireabox/crm/application/controllers/Notification.php 68
ERROR - 2019-08-28 23:04:55 --> Severity: Warning --> count(): Parameter must be an array or an object that implements Countable /home/hireabox/crm/application/controllers/Notification.php 37
ERROR - 2019-08-28 23:04:55 --> Severity: Warning --> count(): Parameter must be an array or an object that implements Countable /home/hireabox/crm/application/controllers/Notification.php 42
ERROR - 2019-08-28 23:04:55 --> Severity: Warning --> Invalid argument supplied for foreach() /home/hireabox/crm/application/controllers/Notification.php 47
ERROR - 2019-08-28 23:04:55 --> Severity: Warning --> count(): Parameter must be an array or an object that implements Countable /home/hireabox/crm/application/controllers/Notification.php 68
ERROR - 2019-08-28 23:09:36 --> Severity: Warning --> count(): Parameter must be an array or an object that implements Countable /home/hireabox/crm/application/controllers/Notification.php 37
ERROR - 2019-08-28 23:09:36 --> Severity: Warning --> count(): Parameter must be an array or an object that implements Countable /home/hireabox/crm/application/controllers/Notification.php 42
ERROR - 2019-08-28 23:09:36 --> Severity: Warning --> Invalid argument supplied for foreach() /home/hireabox/crm/application/controllers/Notification.php 47
ERROR - 2019-08-28 23:09:36 --> Severity: Warning --> count(): Parameter must be an array or an object that implements Countable /home/hireabox/crm/application/controllers/Notification.php 68
ERROR - 2019-08-28 23:14:15 --> Severity: Warning --> count(): Parameter must be an array or an object that implements Countable /home/hireabox/crm/application/controllers/Notification.php 37
ERROR - 2019-08-28 23:14:15 --> Severity: Warning --> count(): Parameter must be an array or an object that implements Countable /home/hireabox/crm/application/controllers/Notification.php 42
ERROR - 2019-08-28 23:14:15 --> Severity: Warning --> Invalid argument supplied for foreach() /home/hireabox/crm/application/controllers/Notification.php 47
ERROR - 2019-08-28 23:14:15 --> Severity: Warning --> count(): Parameter must be an array or an object that implements Countable /home/hireabox/crm/application/controllers/Notification.php 68
ERROR - 2019-08-28 23:18:57 --> Severity: Warning --> count(): Parameter must be an array or an object that implements Countable /home/hireabox/crm/application/controllers/Notification.php 37
ERROR - 2019-08-28 23:18:57 --> Severity: Warning --> count(): Parameter must be an array or an object that implements Countable /home/hireabox/crm/application/controllers/Notification.php 42
ERROR - 2019-08-28 23:18:57 --> Severity: Warning --> Invalid argument supplied for foreach() /home/hireabox/crm/application/controllers/Notification.php 47
ERROR - 2019-08-28 23:18:57 --> Severity: Warning --> count(): Parameter must be an array or an object that implements Countable /home/hireabox/crm/application/controllers/Notification.php 68
ERROR - 2019-08-28 23:23:37 --> Severity: Warning --> count(): Parameter must be an array or an object that implements Countable /home/hireabox/crm/application/controllers/Notification.php 37
ERROR - 2019-08-28 23:23:37 --> Severity: Warning --> count(): Parameter must be an array or an object that implements Countable /home/hireabox/crm/application/controllers/Notification.php 42
ERROR - 2019-08-28 23:23:37 --> Severity: Warning --> Invalid argument supplied for foreach() /home/hireabox/crm/application/controllers/Notification.php 47
ERROR - 2019-08-28 23:23:37 --> Severity: Warning --> count(): Parameter must be an array or an object that implements Countable /home/hireabox/crm/application/controllers/Notification.php 68
ERROR - 2019-08-28 23:28:15 --> Severity: Warning --> count(): Parameter must be an array or an object that implements Countable /home/hireabox/crm/application/controllers/Notification.php 37
ERROR - 2019-08-28 23:28:15 --> Severity: Warning --> count(): Parameter must be an array or an object that implements Countable /home/hireabox/crm/application/controllers/Notification.php 42
ERROR - 2019-08-28 23:28:15 --> Severity: Warning --> Invalid argument supplied for foreach() /home/hireabox/crm/application/controllers/Notification.php 47
ERROR - 2019-08-28 23:28:15 --> Severity: Warning --> count(): Parameter must be an array or an object that implements Countable /home/hireabox/crm/application/controllers/Notification.php 68
ERROR - 2019-08-28 23:33:15 --> Severity: Warning --> count(): Parameter must be an array or an object that implements Countable /home/hireabox/crm/application/controllers/Notification.php 37
ERROR - 2019-08-28 23:33:15 --> Severity: Warning --> count(): Parameter must be an array or an object that implements Countable /home/hireabox/crm/application/controllers/Notification.php 42
ERROR - 2019-08-28 23:33:15 --> Severity: Warning --> Invalid argument supplied for foreach() /home/hireabox/crm/application/controllers/Notification.php 47
ERROR - 2019-08-28 23:33:15 --> Severity: Warning --> count(): Parameter must be an array or an object that implements Countable /home/hireabox/crm/application/controllers/Notification.php 68
ERROR - 2019-08-28 23:37:35 --> Severity: Warning --> count(): Parameter must be an array or an object that implements Countable /home/hireabox/crm/application/controllers/Notification.php 37
ERROR - 2019-08-28 23:37:35 --> Severity: Warning --> count(): Parameter must be an array or an object that implements Countable /home/hireabox/crm/application/controllers/Notification.php 42
ERROR - 2019-08-28 23:37:35 --> Severity: Warning --> Invalid argument supplied for foreach() /home/hireabox/crm/application/controllers/Notification.php 47
ERROR - 2019-08-28 23:37:35 --> Severity: Warning --> count(): Parameter must be an array or an object that implements Countable /home/hireabox/crm/application/controllers/Notification.php 68
ERROR - 2019-08-28 23:42:32 --> Severity: Warning --> count(): Parameter must be an array or an object that implements Countable /home/hireabox/crm/application/controllers/Notification.php 37
ERROR - 2019-08-28 23:42:32 --> Severity: Warning --> count(): Parameter must be an array or an object that implements Countable /home/hireabox/crm/application/controllers/Notification.php 42
ERROR - 2019-08-28 23:42:32 --> Severity: Warning --> Invalid argument supplied for foreach() /home/hireabox/crm/application/controllers/Notification.php 47
ERROR - 2019-08-28 23:42:32 --> Severity: Warning --> count(): Parameter must be an array or an object that implements Countable /home/hireabox/crm/application/controllers/Notification.php 68
ERROR - 2019-08-28 23:46:55 --> Severity: Warning --> count(): Parameter must be an array or an object that implements Countable /home/hireabox/crm/application/controllers/Notification.php 37
ERROR - 2019-08-28 23:46:55 --> Severity: Warning --> count(): Parameter must be an array or an object that implements Countable /home/hireabox/crm/application/controllers/Notification.php 42
ERROR - 2019-08-28 23:46:55 --> Severity: Warning --> Invalid argument supplied for foreach() /home/hireabox/crm/application/controllers/Notification.php 47
ERROR - 2019-08-28 23:46:55 --> Severity: Warning --> count(): Parameter must be an array or an object that implements Countable /home/hireabox/crm/application/controllers/Notification.php 68
ERROR - 2019-08-28 23:51:35 --> Severity: Warning --> count(): Parameter must be an array or an object that implements Countable /home/hireabox/crm/application/controllers/Notification.php 37
ERROR - 2019-08-28 23:51:35 --> Severity: Warning --> count(): Parameter must be an array or an object that implements Countable /home/hireabox/crm/application/controllers/Notification.php 42
ERROR - 2019-08-28 23:51:35 --> Severity: Warning --> Invalid argument supplied for foreach() /home/hireabox/crm/application/controllers/Notification.php 47
ERROR - 2019-08-28 23:51:35 --> Severity: Warning --> count(): Parameter must be an array or an object that implements Countable /home/hireabox/crm/application/controllers/Notification.php 68
ERROR - 2019-08-28 23:56:15 --> Severity: Warning --> count(): Parameter must be an array or an object that implements Countable /home/hireabox/crm/application/controllers/Notification.php 37
ERROR - 2019-08-28 23:56:15 --> Severity: Warning --> count(): Parameter must be an array or an object that implements Countable /home/hireabox/crm/application/controllers/Notification.php 42
ERROR - 2019-08-28 23:56:15 --> Severity: Warning --> Invalid argument supplied for foreach() /home/hireabox/crm/application/controllers/Notification.php 47
ERROR - 2019-08-28 23:56:15 --> Severity: Warning --> count(): Parameter must be an array or an object that implements Countable /home/hireabox/crm/application/controllers/Notification.php 68
